#
# A fatal error has been detected by the Java Runtime Environment:
#
#  SIGSEGV (0xb) at pc=0x0000000000000000, pid=13743, tid=140699915773696
#
# JRE version: Java(TM) SE Runtime Environment (7.0_80-b15) (build 1.7.0_80-b15)
# Java VM: Java HotSpot(TM) 64-Bit Server VM (24.80-b11 mixed mode linux-amd64 compressed oops)
# Problematic frame:
# C  0x0000000000000000
#
# Failed to write core dump. Core dumps have been disabled. To enable core dumping, try "ulimit -c unlimited" before starting Java again
#
# If you would like to submit a bug report, please visit:
#   http://bugreport.java.com/bugreport/crash.jsp
#

---------------  T H R E A D  ---------------

Current thread (0x00007ff75cb4b000):  JavaThread "1754222667@qtp-1147305534-0" [_thread_in_Java, id=13776, stack(0x00007ff7406fe000,0x00007ff7407ff000)]

siginfo:si_signo=SIGSEGV: si_errno=0, si_code=1 (SEGV_MAPERR), si_addr=0x0000000000000000

Registers:
RAX=0x0000000000000000, RBX=0x00000000000000fe, RCX=0x00007ff761df22c0, RDX=0x0000000000000000
RSP=0x00007ff7407fb9b8, RBP=0x00007ff7407fb9f8, RSI=0x0000000000000001, RDI=0x0000000000000000
R8 =0x00007ff7613cb800, R9 =0x00007ff700007bf8, R10=0x00007ff7613d5b00, R11=0x00007ff760c1c210
R12=0x0000000000000000, R13=0x0000000703632ad8, R14=0x00007ff7407fba18, R15=0x00007ff75cb4b000
RIP=0x0000000000000000, EFLAGS=0x0000000000010206, CSGSFS=0x002b000000000033, ERR=0x0000000000000014
  TRAPNO=0x000000000000000e

Top of Stack: (sp=0x00007ff7407fb9b8)
0x00007ff7407fb9b8:   00007ff7407fb9b8 0000000703632ad7
0x00007ff7407fb9c8:   00007ff7407fba18 0000000703634090
0x00007ff7407fb9d8:   0000000703638790 0000000703632ab0
0x00007ff7407fb9e8:   0000000000000000 00007ff7407fba18
0x00007ff7407fb9f8:   00007ff7407fba60 00007ff7517cc2b3
0x00007ff7407fba08:   00000007ae97ad20 00000007ae97ad00
0x00007ff7407fba18:   00000000000003e9 00007ff7407fba20
0x00007ff7407fba28:   0000000703630d91 00007ff7407fbaa0
0x00007ff7407fba38:   0000000703634090 0000000000000000
0x00007ff7407fba48:   0000000703630e78 00007ff7407fba18
0x00007ff7407fba58:   00007ff7407fbaa0 00007ff7407fbae8
0x00007ff7407fba68:   00007ff7517cc2b3 0000000000000000
0x00007ff7407fba78:   0000000000000000 0000000000000000
0x00007ff7407fba88:   0000000000000000 0000000000000000
0x00007ff7407fba98:   0000000000000000 00000000000003e9
0x00007ff7407fbaa8:   00007ff7407fbaa8 00000007036308c3
0x00007ff7407fbab8:   00007ff7407fbb28 0000000703634090
0x00007ff7407fbac8:   0000000000000000 0000000703630970
0x00007ff7407fbad8:   00007ff7407fbaa0 00007ff7407fbb10
0x00007ff7407fbae8:   00007ff7407fbb70 00007ff7517cc2b3
0x00007ff7407fbaf8:   0000000000000000 0000000000000000
0x00007ff7407fbb08:   0000000000000000 00000007ae97aa20
0x00007ff7407fbb18:   00000007ae97ac90 0000000000000001
0x00007ff7407fbb28:   00000000000003e8 00007ff7407fbb30
0x00007ff7407fbb38:   00000007035ce655 00007ff7407fbba8
0x00007ff7407fbb48:   00000007035d0180 0000000000000000
0x00007ff7407fbb58:   00000007035ce6d0 00007ff7407fbb10
0x00007ff7407fbb68:   00007ff7407fbb90 00007ff7407fbbf0
0x00007ff7407fbb78:   00007ff7517cc0d8 0000000000000000
0x00007ff7407fbb88:   00000007ae97ac90 0000000000000001
0x00007ff7407fbb98:   00000000000003e8 00000007ae97aa20
0x00007ff7407fbba8:   00000007ae97ab60 00007ff7407fbbb0 

Instructions: (pc=0x0000000000000000)
0xffffffffffffffe0:   

Register to memory mapping:

RAX=0x0000000000000000 is an unknown value
RBX=0x00000000000000fe is an unknown value
RCX=0x00007ff761df22c0: <offset 0x2192c0> in /lib64/libpthread.so.0 at 0x00007ff761bd9000
RDX=0x0000000000000000 is an unknown value
RSP=0x00007ff7407fb9b8 is pointing into the stack for thread: 0x00007ff75cb4b000
RBP=0x00007ff7407fb9f8 is pointing into the stack for thread: 0x00007ff75cb4b000
RSI=0x0000000000000001 is an unknown value
RDI=0x0000000000000000 is an unknown value
R8 =0x00007ff7613cb800: <offset 0xe4b800> in /usr/java/jdk1.7.0_80/jre/lib/amd64/server/libjvm.so at 0x00007ff760580000
R9 =0x00007ff700007bf8 is a weak global jni handle
R10=0x00007ff7613d5b00: <offset 0xe55b00> in /usr/java/jdk1.7.0_80/jre/lib/amd64/server/libjvm.so at 0x00007ff760580000
R11=0x00007ff760c1c210: <offset 0x69c210> in /usr/java/jdk1.7.0_80/jre/lib/amd64/server/libjvm.so at 0x00007ff760580000
R12=0x0000000000000000 is an unknown value
R13=0x0000000703632ad8 is pointing into object: 0x0000000703632ab0
{method} 
 - klass: {other class}
R14=0x00007ff7407fba18 is pointing into the stack for thread: 0x00007ff75cb4b000
R15=0x00007ff75cb4b000 is a thread


Stack: [0x00007ff7406fe000,0x00007ff7407ff000],  sp=0x00007ff7407fb9b8,  free space=1014k

---------------  P R O C E S S  ---------------

Java Threads: ( => current thread )
  0x00007ff75ce52800 JavaThread "Timer-0" daemon [_thread_blocked, id=13778, stack(0x00007ff7403e3000,0x00007ff7404e4000)]
  0x00007ff75cb53800 JavaThread "1133411940@qtp-1147305534-1 - Acceptor0 SelectChannelConnector@0.0.0.0:8080" [_thread_in_native, id=13777, stack(0x00007ff7405fd000,0x00007ff7406fe000)]
=>0x00007ff75cb4b000 JavaThread "1754222667@qtp-1147305534-0" [_thread_in_Java, id=13776, stack(0x00007ff7406fe000,0x00007ff7407ff000)]
  0x00007ff75c0b2000 JavaThread "Service Thread" daemon [_thread_blocked, id=13773, stack(0x00007ff740f18000,0x00007ff741019000)]
  0x00007ff75c0af800 JavaThread "C2 CompilerThread1" daemon [_thread_blocked, id=13772, stack(0x00007ff741019000,0x00007ff74111a000)]
  0x00007ff75c0ad000 JavaThread "C2 CompilerThread0" daemon [_thread_blocked, id=13771, stack(0x00007ff74111a000,0x00007ff74121b000)]
  0x00007ff700001000 JavaThread "JDWP Command Reader" daemon [_thread_in_native, id=13767, stack(0x00007ff74121b000,0x00007ff74131c000)]
  0x00007ff75c0aa800 JavaThread "JDWP Event Helper Thread" daemon [_thread_blocked, id=13765, stack(0x00007ff74131c000,0x00007ff74141d000)]
  0x00007ff75c0a7000 JavaThread "JDWP Transport Listener: dt_socket" daemon [_thread_blocked, id=13763, stack(0x00007ff74141d000,0x00007ff74151e000)]
  0x00007ff75c09a000 JavaThread "Signal Dispatcher" daemon [_thread_blocked, id=13761, stack(0x00007ff741722000,0x00007ff741823000)]
  0x00007ff75c07a000 JavaThread "Finalizer" daemon [_thread_blocked, id=13760, stack(0x00007ff741823000,0x00007ff741924000)]
  0x00007ff75c078000 JavaThread "Reference Handler" daemon [_thread_blocked, id=13759, stack(0x00007ff741924000,0x00007ff741a25000)]
  0x00007ff75c00a800 JavaThread "main" [_thread_blocked, id=13748, stack(0x00007ff761ef7000,0x00007ff761ff8000)]

Other Threads:
  0x00007ff75c073800 VMThread [stack: 0x00007ff741a25000,0x00007ff741b26000] [id=13758]
  0x00007ff75c0bd000 WatcherThread [stack: 0x00007ff740e17000,0x00007ff740f18000] [id=13774]

VM state:not at safepoint (normal execution)

VM Mutex/Monitor currently owned by a thread: None

Heap
 PSYoungGen      total 140288K, used 41756K [0x00000007acb00000, 0x00000007bf800000, 0x0000000800000000)
  eden space 130048K, 24% used [0x00000007acb00000,0x00000007ae9cafb8,0x00000007b4a00000)
  from space 10240K, 99% used [0x00000007b4a00000,0x00000007b53fc050,0x00000007b5400000)
  to   space 24064K, 0% used [0x00000007be080000,0x00000007be080000,0x00000007bf800000)
 ParOldGen       total 170496K, used 23787K [0x0000000706200000, 0x0000000710880000, 0x00000007acb00000)
  object space 170496K, 13% used [0x0000000706200000,0x000000070793ad58,0x0000000710880000)
 PSPermGen       total 39424K, used 39137K [0x0000000701000000, 0x0000000703680000, 0x0000000706200000)
  object space 39424K, 99% used [0x0000000701000000,0x00000007036387c0,0x0000000703680000)

Card table byte_map: [0x00007ff750fcd000,0x00007ff7517c6000] byte_map_base: 0x00007ff74d7c5000

Polling page: 0x00007ff762019000

Code Cache  [0x00007ff7517c6000, 0x00007ff751b26000, 0x00007ff7547c6000)
 total_blobs=1306 nmethods=922 adapters=344 free_code_cache=46030Kb largest_free_block=46801984

Compilation events (10 events):
Event: 176.142 Thread 0x00007ff75c0ad000 nmethod 1095 0x00007ff7519704d0 code [0x00007ff751970700, 0x00007ff751971130]
Event: 176.144 Thread 0x00007ff75c0af800 nmethod 1096 0x00007ff751919610 code [0x00007ff751919780, 0x00007ff751919b98]
Event: 313.118 Thread 0x00007ff75c0ad000 1097 %           java.lang.AbstractStringBuilder::append @ 101 (144 bytes)
Event: 313.143 Thread 0x00007ff75c0ad000 nmethod 1097% 0x00007ff751a763d0 code [0x00007ff751a76580, 0x00007ff751a77078]
Event: 313.326 Thread 0x00007ff75c0af800 1098             java.lang.AbstractStringBuilder::append (144 bytes)
Event: 313.341 Thread 0x00007ff75c0af800 nmethod 1098 0x00007ff751a75250 code [0x00007ff751a75400, 0x00007ff751a75cc8]
Event: 568.692 Thread 0x00007ff75c0ad000 1099             java.util.regex.Pattern$BnM::match (161 bytes)
Event: 568.718 Thread 0x00007ff75c0ad000 nmethod 1099 0x00007ff751983310 code [0x00007ff7519834c0, 0x00007ff751983f38]
Event: 758.614 Thread 0x00007ff75c0af800 1100             org.mortbay.jetty.AbstractGenerator$OutputWriter::write (959 bytes)
Event: 758.635 Thread 0x00007ff75c0af800 nmethod 1100 0x00007ff751981c50 code [0x00007ff751981e20, 0x00007ff751982bf8]

GC Heap History (10 events):
Event: 1.492 GC heap before
{Heap before GC invocations=1 (full 0):
 PSYoungGen      total 75264K, used 65024K [0x00000007acb00000, 0x00000007b1e80000, 0x0000000800000000)
  eden space 65024K, 100% used [0x00000007acb00000,0x00000007b0a80000,0x00000007b0a80000)
  from space 10240K, 0% used [0x00000007b1480000,0x00000007b1480000,0x00000007b1e80000)
  to   space 10240K, 0% used [0x00000007b0a80000,0x00000007b0a80000,0x00000007b1480000)
 ParOldGen       total 170496K, used 0K [0x0000000706200000, 0x0000000710880000, 0x00000007acb00000)
  object space 170496K, 0% used [0x0000000706200000,0x0000000706200000,0x0000000710880000)
 PSPermGen       total 21504K, used 12845K [0x0000000701000000, 0x0000000702500000, 0x0000000706200000)
  object space 21504K, 59% used [0x0000000701000000,0x0000000701c8b450,0x0000000702500000)
Event: 1.503 GC heap after
Heap after GC invocations=1 (full 0):
 PSYoungGen      total 75264K, used 10215K [0x00000007acb00000, 0x00000007b1e80000, 0x0000000800000000)
  eden space 65024K, 0% used [0x00000007acb00000,0x00000007acb00000,0x00000007b0a80000)
  from space 10240K, 99% used [0x00000007b0a80000,0x00000007b1479d30,0x00000007b1480000)
  to   space 10240K, 0% used [0x00000007b1480000,0x00000007b1480000,0x00000007b1e80000)
 ParOldGen       total 170496K, used 598K [0x0000000706200000, 0x0000000710880000, 0x00000007acb00000)
  object space 170496K, 0% used [0x0000000706200000,0x0000000706295960,0x0000000710880000)
 PSPermGen       total 21504K, used 12845K [0x0000000701000000, 0x0000000702500000, 0x0000000706200000)
  object space 21504K, 59% used [0x0000000701000000,0x0000000701c8b450,0x0000000702500000)
}
Event: 2.654 GC heap before
{Heap before GC invocations=2 (full 0):
 PSYoungGen      total 75264K, used 75239K [0x00000007acb00000, 0x00000007b1e80000, 0x0000000800000000)
  eden space 65024K, 100% used [0x00000007acb00000,0x00000007b0a80000,0x00000007b0a80000)
  from space 10240K, 99% used [0x00000007b0a80000,0x00000007b1479d30,0x00000007b1480000)
  to   space 10240K, 0% used [0x00000007b1480000,0x00000007b1480000,0x00000007b1e80000)
 ParOldGen       total 170496K, used 598K [0x0000000706200000, 0x0000000710880000, 0x00000007acb00000)
  object space 170496K, 0% used [0x0000000706200000,0x0000000706295960,0x0000000710880000)
 PSPermGen       total 21504K, used 15560K [0x0000000701000000, 0x0000000702500000, 0x0000000706200000)
  object space 21504K, 72% used [0x0000000701000000,0x0000000701f32010,0x0000000702500000)
Event: 2.665 GC heap after
Heap after GC invocations=2 (full 0):
 PSYoungGen      total 75264K, used 9116K [0x00000007acb00000, 0x00000007b1e80000, 0x0000000800000000)
  eden space 65024K, 0% used [0x00000007acb00000,0x00000007acb00000,0x00000007b0a80000)
  from space 10240K, 89% used [0x00000007b1480000,0x00000007b1d67340,0x00000007b1e80000)
  to   space 10240K, 0% used [0x00000007b0a80000,0x00000007b0a80000,0x00000007b1480000)
 ParOldGen       total 170496K, used 606K [0x0000000706200000, 0x0000000710880000, 0x00000007acb00000)
  object space 170496K, 0% used [0x0000000706200000,0x0000000706297960,0x0000000710880000)
 PSPermGen       total 21504K, used 15560K [0x0000000701000000, 0x0000000702500000, 0x0000000706200000)
  object space 21504K, 72% used [0x0000000701000000,0x0000000701f32010,0x0000000702500000)
}
Event: 4.370 GC heap before
{Heap before GC invocations=3 (full 0):
 PSYoungGen      total 75264K, used 74140K [0x00000007acb00000, 0x00000007b1e80000, 0x0000000800000000)
  eden space 65024K, 100% used [0x00000007acb00000,0x00000007b0a80000,0x00000007b0a80000)
  from space 10240K, 89% used [0x00000007b1480000,0x00000007b1d67340,0x00000007b1e80000)
  to   space 10240K, 0% used [0x00000007b0a80000,0x00000007b0a80000,0x00000007b1480000)
 ParOldGen       total 170496K, used 606K [0x0000000706200000, 0x0000000710880000, 0x00000007acb00000)
  object space 170496K, 0% used [0x0000000706200000,0x0000000706297960,0x0000000710880000)
 PSPermGen       total 21504K, used 19984K [0x0000000701000000, 0x0000000702500000, 0x0000000706200000)
  object space 21504K, 92% used [0x0000000701000000,0x00000007023840a8,0x0000000702500000)
Event: 4.409 GC heap after
Heap after GC invocations=3 (full 0):
 PSYoungGen      total 75264K, used 10215K [0x00000007acb00000, 0x00000007b5e00000, 0x0000000800000000)
  eden space 65024K, 0% used [0x00000007acb00000,0x00000007acb00000,0x00000007b0a80000)
  from space 10240K, 99% used [0x00000007b0a80000,0x00000007b1479ca8,0x00000007b1480000)
  to   space 10240K, 0% used [0x00000007b5400000,0x00000007b5400000,0x00000007b5e00000)
 ParOldGen       total 170496K, used 4785K [0x0000000706200000, 0x0000000710880000, 0x00000007acb00000)
  object space 170496K, 2% used [0x0000000706200000,0x00000007066ac570,0x0000000710880000)
 PSPermGen       total 21504K, used 19984K [0x0000000701000000, 0x0000000702500000, 0x0000000706200000)
  object space 21504K, 92% used [0x0000000701000000,0x00000007023840a8,0x0000000702500000)
}
Event: 5.655 GC heap before
{Heap before GC invocations=4 (full 0):
 PSYoungGen      total 75264K, used 75239K [0x00000007acb00000, 0x00000007b5e00000, 0x0000000800000000)
  eden space 65024K, 100% used [0x00000007acb00000,0x00000007b0a80000,0x00000007b0a80000)
  from space 10240K, 99% used [0x00000007b0a80000,0x00000007b1479ca8,0x00000007b1480000)
  to   space 10240K, 0% used [0x00000007b5400000,0x00000007b5400000,0x00000007b5e00000)
 ParOldGen       total 170496K, used 4785K [0x0000000706200000, 0x0000000710880000, 0x00000007acb00000)
  object space 170496K, 2% used [0x0000000706200000,0x00000007066ac570,0x0000000710880000)
 PSPermGen       total 29184K, used 29102K [0x0000000701000000, 0x0000000702c80000, 0x0000000706200000)
  object space 29184K, 99% used [0x0000000701000000,0x0000000702c6bab8,0x0000000702c80000)
Event: 5.675 GC heap after
Heap after GC invocations=4 (full 0):
 PSYoungGen      total 140288K, used 10231K [0x00000007acb00000, 0x00000007b5e00000, 0x0000000800000000)
  eden space 130048K, 0% used [0x00000007acb00000,0x00000007acb00000,0x00000007b4a00000)
  from space 10240K, 99% used [0x00000007b5400000,0x00000007b5dfdcb8,0x00000007b5e00000)
  to   space 10240K, 0% used [0x00000007b4a00000,0x00000007b4a00000,0x00000007b5400000)
 ParOldGen       total 170496K, used 12957K [0x0000000706200000, 0x0000000710880000, 0x00000007acb00000)
  object space 170496K, 7% used [0x0000000706200000,0x0000000706ea7490,0x0000000710880000)
 PSPermGen       total 29184K, used 29102K [0x0000000701000000, 0x0000000702c80000, 0x0000000706200000)
  object space 29184K, 99% used [0x0000000701000000,0x0000000702c6bab8,0x0000000702c80000)
}
Event: 7.192 GC heap before
{Heap before GC invocations=5 (full 0):
 PSYoungGen      total 140288K, used 140279K [0x00000007acb00000, 0x00000007b5e00000, 0x0000000800000000)
  eden space 130048K, 100% used [0x00000007acb00000,0x00000007b4a00000,0x00000007b4a00000)
  from space 10240K, 99% used [0x00000007b5400000,0x00000007b5dfdcb8,0x00000007b5e00000)
  to   space 10240K, 0% used [0x00000007b4a00000,0x00000007b4a00000,0x00000007b5400000)
 ParOldGen       total 170496K, used 12957K [0x0000000706200000, 0x0000000710880000, 0x00000007acb00000)
  object space 170496K, 7% used [0x0000000706200000,0x0000000706ea7490,0x0000000710880000)
 PSPermGen       total 36352K, used 36144K [0x0000000701000000, 0x0000000703380000, 0x0000000706200000)
  object space 36352K, 99% used [0x0000000701000000,0x000000070334c218,0x0000000703380000)
Event: 7.213 GC heap after
Heap after GC invocations=5 (full 0):
 PSYoungGen      total 140288K, used 10224K [0x00000007acb00000, 0x00000007bf800000, 0x0000000800000000)
  eden space 130048K, 0% used [0x00000007acb00000,0x00000007acb00000,0x00000007b4a00000)
  from space 10240K, 99% used [0x00000007b4a00000,0x00000007b53fc050,0x00000007b5400000)
  to   space 24064K, 0% used [0x00000007be080000,0x00000007be080000,0x00000007bf800000)
 ParOldGen       total 170496K, used 23787K [0x0000000706200000, 0x0000000710880000, 0x00000007acb00000)
  object space 170496K, 13% used [0x0000000706200000,0x000000070793ad58,0x0000000710880000)
 PSPermGen       total 36352K, used 36144K [0x0000000701000000, 0x0000000703380000, 0x0000000706200000)
  object space 36352K, 99% used [0x0000000701000000,0x000000070334c218,0x0000000703380000)
}

Deoptimization events (10 events):
Event: 133.255 Thread 0x00007ff75cb4b000 Uncommon trap: reason=unhandled action=none pc=0x00007ff751a07cdc method=java.net.URLClassLoader$1.run()Ljava/lang/Class; @ 72
Event: 133.255 Thread 0x00007ff75cb4b000 Uncommon trap: reason=unhandled action=none pc=0x00007ff751a07cdc method=java.net.URLClassLoader$1.run()Ljava/lang/Class; @ 72
Event: 133.255 Thread 0x00007ff75cb4b000 Uncommon trap: reason=unhandled action=none pc=0x00007ff751a07cdc method=java.net.URLClassLoader$1.run()Ljava/lang/Class; @ 72
Event: 133.261 Thread 0x00007ff75cb4b000 Uncommon trap: reason=unhandled action=none pc=0x00007ff751a07cdc method=java.net.URLClassLoader$1.run()Ljava/lang/Class; @ 72
Event: 133.263 Thread 0x00007ff75cb4b000 Uncommon trap: reason=unhandled action=none pc=0x00007ff751a07cdc method=java.net.URLClassLoader$1.run()Ljava/lang/Class; @ 72
Event: 133.269 Thread 0x00007ff75cb4b000 Uncommon trap: reason=unhandled action=none pc=0x00007ff751a07cdc method=java.net.URLClassLoader$1.run()Ljava/lang/Class; @ 72
Event: 133.270 Thread 0x00007ff75cb4b000 Uncommon trap: reason=unhandled action=none pc=0x00007ff751a07cdc method=java.net.URLClassLoader$1.run()Ljava/lang/Class; @ 72
Event: 536.991 Thread 0x00007ff75cb4b000 Uncommon trap: reason=unstable_if action=reinterpret pc=0x00007ff751a8a748 method=java.lang.Class.clearAnnotationCachesOnClassRedefinition()V @ 8
Event: 536.991 Thread 0x00007ff75cb4b000 Uncommon trap: reason=unstable_if action=reinterpret pc=0x00007ff751a6ff5c method=java.lang.Class.clearAnnotationCachesOnClassRedefinition()V @ 8
Event: 537.000 Thread 0x00007ff75cb4b000 Uncommon trap: reason=unstable_if action=reinterpret pc=0x00007ff7518a203c method=java.util.HashMap.getEntry(Ljava/lang/Object;)Ljava/util/HashMap$Entry; @ 10

Internal exceptions (10 events):
Event: 313.423 Thread 0x00007ff75cb4b000 Threw 0x00000007ae1bb9d8 at /HUDSON/workspace/7u-2-build-linux-amd64/jdk7u80/2329/hotspot/src/share/vm/runtime/reflection.cpp:1030
Event: 414.944 Thread 0x00007ff75cb4b000 Threw 0x00000007ae2f3218 at /HUDSON/workspace/7u-2-build-linux-amd64/jdk7u80/2329/hotspot/src/share/vm/prims/jni.cpp:717
Event: 414.944 Thread 0x00007ff75cb4b000 Threw 0x00000007ae2f36e8 at /HUDSON/workspace/7u-2-build-linux-amd64/jdk7u80/2329/hotspot/src/share/vm/runtime/reflection.cpp:1030
Event: 537.000 Thread 0x00007ff75cb4b000 Implicit null exception at 0x00007ff7518a1c63 to 0x00007ff7518a202d
Event: 571.835 Thread 0x00007ff75cb4b000 Threw 0x00000007ae6b87a8 at /HUDSON/workspace/7u-2-build-linux-amd64/jdk7u80/2329/hotspot/src/share/vm/prims/jni.cpp:717
Event: 571.835 Thread 0x00007ff75cb4b000 Threw 0x00000007ae6b8c78 at /HUDSON/workspace/7u-2-build-linux-amd64/jdk7u80/2329/hotspot/src/share/vm/runtime/reflection.cpp:1030
Event: 758.609 Thread 0x00007ff75cb4b000 Threw 0x00000007ae7ea6b8 at /HUDSON/workspace/7u-2-build-linux-amd64/jdk7u80/2329/hotspot/src/share/vm/prims/jni.cpp:717
Event: 758.609 Thread 0x00007ff75cb4b000 Threw 0x00000007ae7eab88 at /HUDSON/workspace/7u-2-build-linux-amd64/jdk7u80/2329/hotspot/src/share/vm/runtime/reflection.cpp:1030
Event: 780.938 Thread 0x00007ff75cb4b000 Threw 0x00000007ae870568 at /HUDSON/workspace/7u-2-build-linux-amd64/jdk7u80/2329/hotspot/src/share/vm/runtime/reflection.cpp:1030
Event: 816.892 Thread 0x00007ff75cb4b000 Threw 0x00000007ae8f5cd0 at /HUDSON/workspace/7u-2-build-linux-amd64/jdk7u80/2329/hotspot/src/share/vm/runtime/reflection.cpp:1030

Events (10 events):
Event: 843.189 Executing VM operation: ChangeSingleStep
Event: 843.189 Executing VM operation: ChangeSingleStep done
Event: 843.190 Executing VM operation: ChangeSingleStep
Event: 843.190 Executing VM operation: ChangeSingleStep done
Event: 844.229 Executing VM operation: EnterInterpOnlyMode
Event: 844.229 Executing VM operation: EnterInterpOnlyMode done
Event: 844.229 Executing VM operation: GetCurrentLocation
Event: 844.229 Executing VM operation: GetCurrentLocation done
Event: 844.229 Executing VM operation: ChangeSingleStep
Event: 844.229 Executing VM operation: ChangeSingleStep done


Dynamic libraries:
00400000-00401000 r-xp 00000000 fd:00 2234522                            /usr/java/jdk1.7.0_80/bin/java
00600000-00601000 rw-p 00000000 fd:00 2234522                            /usr/java/jdk1.7.0_80/bin/java
015bd000-015de000 rw-p 00000000 00:00 0                                  [heap]
701000000-703680000 rw-p 00000000 00:00 0 
703680000-706200000 rw-p 00000000 00:00 0 
706200000-710880000 rw-p 00000000 00:00 0 
710880000-7acb00000 rw-p 00000000 00:00 0 
7acb00000-7bf800000 rw-p 00000000 00:00 0 
7bf800000-800000000 rw-p 00000000 00:00 0 
7ff6e0000000-7ff6e0043000 rw-p 00000000 00:00 0 
7ff6e0043000-7ff6e4000000 ---p 00000000 00:00 0 
7ff6e4000000-7ff6e4021000 rw-p 00000000 00:00 0 
7ff6e4021000-7ff6e8000000 ---p 00000000 00:00 0 
7ff6e8000000-7ff6e8021000 rw-p 00000000 00:00 0 
7ff6e8021000-7ff6ec000000 ---p 00000000 00:00 0 
7ff6ec000000-7ff6ec11e000 rw-p 00000000 00:00 0 
7ff6ec11e000-7ff6f0000000 ---p 00000000 00:00 0 
7ff6f0000000-7ff6f11cd000 rw-p 00000000 00:00 0 
7ff6f11cd000-7ff6f4000000 ---p 00000000 00:00 0 
7ff6f4000000-7ff6f4021000 rw-p 00000000 00:00 0 
7ff6f4021000-7ff6f8000000 ---p 00000000 00:00 0 
7ff6f8000000-7ff6f8021000 rw-p 00000000 00:00 0 
7ff6f8021000-7ff6fc000000 ---p 00000000 00:00 0 
7ff6fc000000-7ff6fd5da000 rw-p 00000000 00:00 0 
7ff6fd5da000-7ff700000000 ---p 00000000 00:00 0 
7ff700000000-7ff70006f000 rw-p 00000000 00:00 0 
7ff70006f000-7ff704000000 ---p 00000000 00:00 0 
7ff704000000-7ff704021000 rw-p 00000000 00:00 0 
7ff704021000-7ff708000000 ---p 00000000 00:00 0 
7ff708000000-7ff708021000 rw-p 00000000 00:00 0 
7ff708021000-7ff70c000000 ---p 00000000 00:00 0 
7ff70c000000-7ff70c021000 rw-p 00000000 00:00 0 
7ff70c021000-7ff710000000 ---p 00000000 00:00 0 
7ff710000000-7ff710021000 rw-p 00000000 00:00 0 
7ff710021000-7ff714000000 ---p 00000000 00:00 0 
7ff714080000-7ff71c000000 rw-p 00000000 00:00 0 
7ff71c000000-7ff71c021000 rw-p 00000000 00:00 0 
7ff71c021000-7ff720000000 ---p 00000000 00:00 0 
7ff720000000-7ff720021000 rw-p 00000000 00:00 0 
7ff720021000-7ff724000000 ---p 00000000 00:00 0 
7ff724000000-7ff724021000 rw-p 00000000 00:00 0 
7ff724021000-7ff728000000 ---p 00000000 00:00 0 
7ff72c000000-7ff72c021000 rw-p 00000000 00:00 0 
7ff72c021000-7ff730000000 ---p 00000000 00:00 0 
7ff734000000-7ff734021000 rw-p 00000000 00:00 0 
7ff734021000-7ff738000000 ---p 00000000 00:00 0 
7ff73ae0e000-7ff73ae10000 r-xp 00000000 fd:00 2106119                    /usr/lib64/libXau.so.6.0.0
7ff73ae10000-7ff73b010000 ---p 00002000 fd:00 2106119                    /usr/lib64/libXau.so.6.0.0
7ff73b010000-7ff73b011000 r--p 00002000 fd:00 2106119                    /usr/lib64/libXau.so.6.0.0
7ff73b011000-7ff73b012000 rw-p 00000000 00:00 0 
7ff73b012000-7ff73b039000 r-xp 00000000 fd:00 2107088                    /usr/lib64/libxcb.so.1.1.0
7ff73b039000-7ff73b238000 ---p 00027000 fd:00 2107088                    /usr/lib64/libxcb.so.1.1.0
7ff73b238000-7ff73b239000 r--p 00026000 fd:00 2107088                    /usr/lib64/libxcb.so.1.1.0
7ff73b239000-7ff73b23a000 rw-p 00027000 fd:00 2107088                    /usr/lib64/libxcb.so.1.1.0
7ff73b23a000-7ff73b249000 r-xp 00000000 fd:00 2104827                    /usr/lib64/libXi.so.6.1.0
7ff73b249000-7ff73b448000 ---p 0000f000 fd:00 2104827                    /usr/lib64/libXi.so.6.1.0
7ff73b448000-7ff73b449000 r--p 0000e000 fd:00 2104827                    /usr/lib64/libXi.so.6.1.0
7ff73b449000-7ff73b44a000 rw-p 0000f000 fd:00 2104827                    /usr/lib64/libXi.so.6.1.0
7ff73b44a000-7ff73b44f000 r-xp 00000000 fd:00 2106137                    /usr/lib64/libXtst.so.6.1.0
7ff73b44f000-7ff73b64e000 ---p 00005000 fd:00 2106137                    /usr/lib64/libXtst.so.6.1.0
7ff73b64e000-7ff73b64f000 r--p 00004000 fd:00 2106137                    /usr/lib64/libXtst.so.6.1.0
7ff73b64f000-7ff73b650000 rw-p 00005000 fd:00 2106137                    /usr/lib64/libXtst.so.6.1.0
7ff73b650000-7ff73b659000 r-xp 00000000 fd:00 2106135                    /usr/lib64/libXrender.so.1.3.0
7ff73b659000-7ff73b858000 ---p 00009000 fd:00 2106135                    /usr/lib64/libXrender.so.1.3.0
7ff73b858000-7ff73b859000 r--p 00008000 fd:00 2106135                    /usr/lib64/libXrender.so.1.3.0
7ff73b859000-7ff73b85a000 rw-p 00009000 fd:00 2106135                    /usr/lib64/libXrender.so.1.3.0
7ff73b85a000-7ff73b992000 r-xp 00000000 fd:00 2104815                    /usr/lib64/libX11.so.6.3.0
7ff73b992000-7ff73bb92000 ---p 00138000 fd:00 2104815                    /usr/lib64/libX11.so.6.3.0
7ff73bb92000-7ff73bb95000 r--p 00138000 fd:00 2104815                    /usr/lib64/libX11.so.6.3.0
7ff73bb95000-7ff73bb99000 rw-p 0013b000 fd:00 2104815                    /usr/lib64/libX11.so.6.3.0
7ff73bb99000-7ff73bbaa000 r-xp 00000000 fd:00 2106124                    /usr/lib64/libXext.so.6.4.0
7ff73bbaa000-7ff73bda9000 ---p 00011000 fd:00 2106124                    /usr/lib64/libXext.so.6.4.0
7ff73bda9000-7ff73bdaa000 r--p 00010000 fd:00 2106124                    /usr/lib64/libXext.so.6.4.0
7ff73bdaa000-7ff73bdab000 rw-p 00011000 fd:00 2106124                    /usr/lib64/libXext.so.6.4.0
7ff73bdab000-7ff73bdfb000 r-xp 00000000 fd:00 2234703                    /usr/java/jdk1.7.0_80/jre/lib/amd64/xawt/libmawt.so
7ff73bdfb000-7ff73bffb000 ---p 00050000 fd:00 2234703                    /usr/java/jdk1.7.0_80/jre/lib/amd64/xawt/libmawt.so
7ff73bffb000-7ff73bfff000 rw-p 00050000 fd:00 2234703                    /usr/java/jdk1.7.0_80/jre/lib/amd64/xawt/libmawt.so
7ff73bfff000-7ff73c000000 rw-p 00000000 00:00 0 
7ff73c000000-7ff73c021000 rw-p 00000000 00:00 0 
7ff73c021000-7ff740000000 ---p 00000000 00:00 0 
7ff740106000-7ff7401a8000 r-xp 00000000 fd:00 2234653                    /usr/java/jdk1.7.0_80/jre/lib/amd64/libawt.so
7ff7401a8000-7ff7403a8000 ---p 000a2000 fd:00 2234653                    /usr/java/jdk1.7.0_80/jre/lib/amd64/libawt.so
7ff7403a8000-7ff7403b4000 rw-p 000a2000 fd:00 2234653                    /usr/java/jdk1.7.0_80/jre/lib/amd64/libawt.so
7ff7403b4000-7ff7403d8000 rw-p 00000000 00:00 0 
7ff7403d8000-7ff7403e3000 r--s 0037c000 fd:00 2234878                    /usr/java/jdk1.7.0_80/jre/lib/charsets.jar
7ff7403e3000-7ff7403e6000 ---p 00000000 00:00 0 
7ff7403e6000-7ff7404e4000 rw-p 00000000 00:00 0 
7ff7404e4000-7ff7404eb000 r--s 0003a000 fd:02 11274024                   /home/zhuwj/soft/repository_core/commons-codec/commons-codec/1.9/commons-codec-1.9.jar
7ff7404eb000-7ff7404ef000 r--s 0002a000 fd:02 11274023                   /home/zhuwj/soft/repository_core/commons-io/commons-io/2.4/commons-io-2.4.jar
7ff7404ef000-7ff7404f1000 r--s 0000f000 fd:02 11274022                   /home/zhuwj/soft/repository_core/commons-fileupload/commons-fileupload/1.3.1/commons-fileupload-1.3.1.jar
7ff7404f1000-7ff7404f5000 r--s 00035000 fd:02 11274021                   /home/zhuwj/soft/repository_core/org/codehaus/jackson/jackson-core-asl/1.9.13/jackson-core-asl-1.9.13.jar
7ff7404f5000-7ff740503000 r--s 000b1000 fd:02 11274020                   /home/zhuwj/soft/repository_core/org/codehaus/jackson/jackson-mapper-asl/1.9.13/jackson-mapper-asl-1.9.13.jar
7ff740503000-7ff740509000 r--s 00052000 fd:02 11274019                   /home/zhuwj/soft/repository_core/com/alibaba/fastjson/1.1.41/fastjson-1.1.41.jar
7ff740509000-7ff740512000 r--s 0006f000 fd:02 11274018                   /home/zhuwj/soft/repository_core/log4j/log4j/1.2.17/log4j-1.2.17.jar
7ff740512000-7ff740513000 r--s 00002000 fd:02 11274017                   /home/zhuwj/soft/repository_core/org/slf4j/slf4j-log4j12/1.5.8/slf4j-log4j12-1.5.8.jar
7ff740513000-7ff740514000 r--s 00005000 fd:02 11274016                   /home/zhuwj/soft/repository_core/org/slf4j/slf4j-api/1.5.8/slf4j-api-1.5.8.jar
7ff740514000-7ff740516000 r--s 00003000 fd:02 11274015                   /home/zhuwj/soft/repository_core/org/slf4j/jcl-over-slf4j/1.5.8/jcl-over-slf4j-1.5.8.jar
7ff740516000-7ff740520000 r--s 0005c000 fd:02 11274014                   /home/zhuwj/soft/repository_core/jstl/jstl/1.2/jstl-1.2.jar
7ff740520000-7ff740522000 r--s 0000e000 fd:02 11274013                   /home/zhuwj/soft/repository_core/commons-pool/commons-pool/1.3/commons-pool-1.3.jar
7ff740522000-7ff740524000 r--s 0001c000 fd:02 11274012                   /home/zhuwj/soft/repository_core/commons-dbcp/commons-dbcp/1.2.2/commons-dbcp-1.2.2.jar
7ff740524000-7ff74052d000 r--s 000e0000 fd:02 11274011                   /home/zhuwj/soft/repository_core/mysql/mysql-connector-java/5.1.30/mysql-connector-java-5.1.30.jar
7ff74052d000-7ff740535000 r--s 00078000 fd:02 11274009                   /home/zhuwj/soft/repository_core/com/sun/mail/javax.mail/1.5.0/javax.mail-1.5.0.jar
7ff740535000-7ff740569000 r--s 001a4000 fd:02 11274008                   /home/zhuwj/soft/repository_core/javax/javaee-api/7.0/javaee-api-7.0.jar
7ff740569000-7ff74056b000 r--s 0000a000 fd:02 11274007                   /home/zhuwj/soft/repository_core/org/mybatis/mybatis-spring/1.2.2/mybatis-spring-1.2.2.jar
7ff74056b000-7ff740578000 r--s 000a1000 fd:02 11274006                   /home/zhuwj/soft/repository_core/org/mybatis/mybatis/3.2.6/mybatis-3.2.6.jar
7ff740578000-7ff740583000 r--s 00063000 fd:02 11274005                   /home/zhuwj/soft/repository_core/org/springframework/spring-test/4.0.2.RELEASE/spring-test-4.0.2.RELEASE.jar
7ff740583000-7ff740587000 r--s 0001e000 fd:02 11274004                   /home/zhuwj/soft/repository_core/org/springframework/spring-context-support/4.0.2.RELEASE/spring-context-support-4.0.2.RELEASE.jar
7ff740587000-7ff740589000 r--s 00000000 fd:02 11274003                   /home/zhuwj/soft/repository_core/aopalliance/aopalliance/1.0/aopalliance-1.0.jar
7ff740589000-7ff740592000 r--s 0004e000 fd:02 11274002                   /home/zhuwj/soft/repository_core/org/springframework/spring-aop/4.0.2.RELEASE/spring-aop-4.0.2.RELEASE.jar
7ff740592000-7ff740596000 r--s 0002e000 fd:02 11274001                   /home/zhuwj/soft/repository_core/org/springframework/spring-expression/4.0.2.RELEASE/spring-expression-4.0.2.RELEASE.jar
7ff740596000-7ff7405a3000 r--s 00095000 fd:02 11274000                   /home/zhuwj/soft/repository_core/org/springframework/spring-webmvc/4.0.2.RELEASE/spring-webmvc-4.0.2.RELEASE.jar
7ff7405a3000-7ff7405ad000 r--s 0005d000 fd:02 11273999                   /home/zhuwj/soft/repository_core/org/springframework/spring-jdbc/4.0.2.RELEASE/spring-jdbc-4.0.2.RELEASE.jar
7ff7405ad000-7ff7405b4000 r--s 00036000 fd:02 11273998                   /home/zhuwj/soft/repository_core/org/springframework/spring-tx/4.0.2.RELEASE/spring-tx-4.0.2.RELEASE.jar
7ff7405b4000-7ff7405b6000 r--s 00012000 fd:02 11273997                   /home/zhuwj/soft/repository_core/org/springframework/spring-oxm/4.0.2.RELEASE/spring-oxm-4.0.2.RELEASE.jar
7ff7405b6000-7ff7405cd000 r--s 000d7000 fd:02 11273996                   /home/zhuwj/soft/repository_core/org/springframework/spring-context/4.0.2.RELEASE/spring-context-4.0.2.RELEASE.jar
7ff7405cd000-7ff7405da000 r--s 00097000 fd:02 11273995                   /home/zhuwj/soft/repository_core/org/springframework/spring-beans/4.0.2.RELEASE/spring-beans-4.0.2.RELEASE.jar
7ff7405da000-7ff7405e9000 r--s 00094000 fd:02 11273994                   /home/zhuwj/soft/repository_core/org/springframework/spring-web/4.0.2.RELEASE/spring-web-4.0.2.RELEASE.jar
7ff7405e9000-7ff7405fd000 r--s 000d7000 fd:02 11273993                   /home/zhuwj/soft/repository_core/org/springframework/spring-core/4.0.2.RELEASE/spring-core-4.0.2.RELEASE.jar
7ff7405fd000-7ff740600000 ---p 00000000 00:00 0 
7ff740600000-7ff7406fe000 rw-p 00000000 00:00 0 
7ff7406fe000-7ff740701000 ---p 00000000 00:00 0 
7ff740701000-7ff7407ff000 rw-p 00000000 00:00 0 
7ff7407ff000-7ff74080b000 r--s 000af000 fd:00 2234910                    /usr/java/jdk1.7.0_80/jre/lib/resources.jar
7ff74080b000-7ff74080d000 r--s 00003000 fd:02 5151274                    /home/zhuwj/soft/repository_core/org/mortbay/jetty/start/6.1.16/start-6.1.16.jar
7ff74080d000-7ff74080e000 r--s 00002000 fd:02 4202359                    /home/zhuwj/soft/repository_core/org/apache/geronimo/specs/geronimo-annotation_1.0_spec/1.0/geronimo-annotation_1.0_spec-1.0.jar
7ff74080e000-7ff740810000 r--s 00002000 fd:02 3809189                    /home/zhuwj/soft/repository_core/org/mortbay/jetty/jetty-annotations/6.1.16/jetty-annotations-6.1.16.jar
7ff740810000-7ff74081f000 r--s 000ee000 fd:02 3809187                    /home/zhuwj/soft/repository_core/ant/ant/1.6.5/ant-1.6.5.jar
7ff74081f000-7ff740830000 r--s 000ea000 fd:02 3414562                    /home/zhuwj/soft/repository_core/org/mortbay/jetty/jsp-2.1-glassfish/9.1.1.B51.25.p1/jsp-2.1-glassfish-9.1.1.B51.25.p1.jar
7ff740830000-7ff740833000 r--s 0001e000 fd:02 2887970                    /home/zhuwj/soft/repository_core/org/mortbay/jetty/jsp-api-2.1-glassfish/9.1.1.B51.25.p1/jsp-api-2.1-glassfish-9.1.1.B51.25.p1.jar
7ff740833000-7ff740856000 r--s 00344000 fd:02 2627207                    /home/zhuwj/soft/repository_core/org/eclipse/jdt/core/3.1.1/core-3.1.1.jar
7ff740856000-7ff740858000 r--s 00000000 fd:02 2364267                    /home/zhuwj/soft/repository_core/org/mortbay/jetty/jsp-2.1-jetty/6.1.16/jsp-2.1-jetty-6.1.16.jar
7ff740858000-7ff74085a000 r--s 00007000 fd:02 2233382                    /home/zhuwj/soft/repository_core/org/mortbay/jetty/jetty-management/6.1.16/jetty-management-6.1.16.jar
7ff74085a000-7ff74085c000 r--s 0000e000 fd:02 11274010                   /home/zhuwj/soft/repository_core/javax/activation/activation/1.1/activation-1.1.jar
7ff74085c000-7ff740862000 r--s 00059000 fd:02 14424278                   /home/zhuwj/soft/repository_core/javax/mail/mail/1.4/mail-1.4.jar
7ff740862000-7ff740863000 r--s 00006000 fd:02 2103252                    /home/zhuwj/soft/repository_core/org/mortbay/jetty/jetty-naming/6.1.16/jetty-naming-6.1.16.jar
7ff740863000-7ff740865000 r--s 00002000 fd:02 2103249                    /home/zhuwj/soft/repository_core/geronimo-spec/geronimo-spec-jta/1.0.1B-rc4/geronimo-spec-jta-1.0.1B-rc4.jar
7ff740865000-7ff740867000 r--s 0000e000 fd:02 1970571                    /home/zhuwj/soft/repository_core/org/mortbay/jetty/jetty-plus/6.1.16/jetty-plus-6.1.16.jar
7ff740867000-7ff740869000 r--s 00004000 fd:02 1715681                    /home/zhuwj/soft/repository_core/org/apache/maven/maven-plugin-tools-api/2.0/maven-plugin-tools-api-2.0.jar
7ff740869000-7ff74086c000 r--s 00027000 fd:02 5020210                    /home/zhuwj/soft/repository_core/org/codehaus/plexus/plexus-utils/1.1/plexus-utils-1.1.jar
7ff74086c000-7ff74086e000 r--s 0001f000 fd:02 1579610                    /home/zhuwj/soft/repository_core/org/mortbay/jetty/servlet-api/2.5-20081211/servlet-api-2.5-20081211.jar
7ff74086e000-7ff740872000 r--s 00027000 fd:02 1579608                    /home/zhuwj/soft/repository_core/org/mortbay/jetty/jetty-util/6.1.16/jetty-util-6.1.16.jar
7ff740872000-7ff740879000 r--s 00079000 fd:02 1448813                    /home/zhuwj/soft/repository_core/org/mortbay/jetty/jetty/6.1.16/jetty-6.1.16.jar
7ff740879000-7ff74087b000 r--s 0000a000 fd:02 41420132                   /home/zhuwj/soft/repository_core/org/mortbay/jetty/maven-jetty-plugin/6.1.16/maven-jetty-plugin-6.1.16.jar
7ff74087b000-7ff7408e6000 r--s 00e21000 fd:00 2365618                    /usr/java/jdk1.7.0_80/lib/tools.jar
7ff7408e6000-7ff7408e9000 r--s 0001b000 fd:02 14424190                   /home/zhuwj/soft/repository_core/junit/junit/3.8.2/junit-3.8.2.jar
7ff7408e9000-7ff7408f7000 r--s 0008f000 fd:02 14424189                   /home/zhuwj/soft/repository_core/com/google/collections/google-collections/1.0/google-collections-1.0.jar
7ff7408f7000-7ff7408f8000 r--s 0000a000 fd:02 14424187                   /home/zhuwj/soft/repository_core/commons-logging/commons-logging-api/1.1/commons-logging-api-1.1.jar
7ff7408f8000-7ff7408ff000 r--s 00051000 fd:02 14424175                   /home/zhuwj/soft/repository_core/log4j/log4j/1.2.12/log4j-1.2.12.jar
7ff7408ff000-7ff740903000 r--s 0001d000 fd:02 1190464                    /home/zhuwj/soft/repository_core/org/apache/xbean/xbean-reflect/3.4/xbean-reflect-3.4.jar
7ff740903000-7ff740904000 r--s 00004000 fd:02 14424181                   /home/zhuwj/soft/repository_core/org/codehaus/plexus/plexus-compiler-javac/2.2/plexus-compiler-javac-2.2.jar
7ff740904000-7ff740906000 r--s 00000000 fd:02 14424178                   /home/zhuwj/soft/repository_core/org/codehaus/plexus/plexus-compiler-manager/2.2/plexus-compiler-manager-2.2.jar
7ff740906000-7ff740908000 r--s 00005000 fd:02 14424177                   /home/zhuwj/soft/repository_core/org/codehaus/plexus/plexus-compiler-api/2.2/plexus-compiler-api-2.2.jar
7ff740908000-7ff74090a000 r--s 00000000 fd:02 4889142                    /home/zhuwj/soft/repository_core/org/codehaus/plexus/plexus-component-annotations/1.5.5/plexus-component-annotations-1.5.5.jar
7ff74090a000-7ff74090c000 r--s 00002000 fd:02 14424176                   /home/zhuwj/soft/repository_core/org/apache/maven/shared/maven-shared-incremental/1.1/maven-shared-incremental-1.1.jar
7ff74090c000-7ff74090e000 r--s 00006000 fd:02 14424173                   /home/zhuwj/soft/repository_core/com/google/code/findbugs/jsr305/2.0.1/jsr305-2.0.1.jar
7ff74090e000-7ff740911000 r--s 00023000 fd:02 14424167                   /home/zhuwj/soft/repository_core/org/apache/maven/shared/maven-shared-utils/0.1/maven-shared-utils-0.1.jar
7ff740911000-7ff740915000 r--s 00030000 fd:02 4889140                    /home/zhuwj/soft/repository_core/org/codehaus/plexus/plexus-utils/1.5.1/plexus-utils-1.5.1.jar
7ff740915000-7ff740917000 r--s 00009000 fd:02 919005                     /home/zhuwj/soft/repository_core/org/apache/maven/plugins/maven-compiler-plugin/3.1/maven-compiler-plugin-3.1.jar
7ff740917000-7ff740919000 r--s 0000d000 fd:02 11274199                   /home/zhuwj/soft/repository_core/org/codehaus/plexus/plexus-interpolation/1.13/plexus-interpolation-1.13.jar
7ff740919000-7ff74091a000 r--s 00001000 fd:02 11274198                   /home/zhuwj/soft/repository_core/org/sonatype/plexus/plexus-build-api/0.0.4/plexus-build-api-0.0.4.jar
7ff74091a000-7ff74091c000 r--s 00009000 fd:02 11277021                   /home/zhuwj/soft/repository_core/org/apache/maven/shared/maven-filtering/1.1/maven-filtering-1.1.jar
7ff74091c000-7ff740920000 r--s 00033000 fd:02 11273727                   /home/zhuwj/soft/repository_core/org/codehaus/plexus/plexus-utils/2.0.5/plexus-utils-2.0.5.jar
7ff740920000-7ff740923000 r--s 0001b000 fd:02 11274196                   /home/zhuwj/soft/repository_core/junit/junit/3.8.1/junit-3.8.1.jar
7ff740923000-7ff740925000 r--s 00002000 fd:02 11274195                   /home/zhuwj/soft/repository_core/org/codehaus/plexus/plexus-interactivity-api/1.0-alpha-4/plexus-interactivity-api-1.0-alpha-4.jar
7ff740925000-7ff740927000 r--s 00006000 fd:02 11274194                   /home/zhuwj/soft/repository_core/commons-cli/commons-cli/1.0/commons-cli-1.0.jar
7ff740927000-7ff740928000 r--s 00001000 fd:02 11274193                   /home/zhuwj/soft/repository_core/org/apache/maven/doxia/doxia-sink-api/1.0-alpha-7/doxia-sink-api-1.0-alpha-7.jar
7ff740928000-7ff740929000 r--s 00002000 fd:02 11274192                   /home/zhuwj/soft/repository_core/org/apache/maven/reporting/maven-reporting-api/2.0.6/maven-reporting-api-2.0.6.jar
7ff740929000-7ff74092b000 r--s 00006000 fd:02 661677                     /home/zhuwj/soft/repository_core/org/apache/maven/plugins/maven-resources-plugin/2.6/maven-resources-plugin-2.6.jar
7ff74092b000-7ff74092f000 r--s 0008b000 fd:00 2234911                    /usr/java/jdk1.7.0_80/jre/lib/jsse.jar
7ff74092f000-7ff740960000 rw-p 00000000 00:00 0 
7ff740960000-7ff740977000 r-xp 00000000 fd:00 2234685                    /usr/java/jdk1.7.0_80/jre/lib/amd64/libnet.so
7ff740977000-7ff740b76000 ---p 00017000 fd:00 2234685                    /usr/java/jdk1.7.0_80/jre/lib/amd64/libnet.so
7ff740b76000-7ff740b77000 rw-p 00016000 fd:00 2234685                    /usr/java/jdk1.7.0_80/jre/lib/amd64/libnet.so
7ff740b77000-7ff740b87000 r-xp 00000000 fd:00 2234686                    /usr/java/jdk1.7.0_80/jre/lib/amd64/libnio.so
7ff740b87000-7ff740d87000 ---p 00010000 fd:00 2234686                    /usr/java/jdk1.7.0_80/jre/lib/amd64/libnio.so
7ff740d87000-7ff740d88000 rw-p 00010000 fd:00 2234686                    /usr/java/jdk1.7.0_80/jre/lib/amd64/libnio.so
7ff740d88000-7ff740d8b000 r--s 00026000 fd:02 4494919                    /home/zhuwj/soft/apache-maven-3.3.9-bin/apache-maven-3.3.9/lib/maven-model-3.3.9.jar
7ff740d8b000-7ff740d92000 r--s 00064000 fd:02 4494920                    /home/zhuwj/soft/apache-maven-3.3.9-bin/apache-maven-3.3.9/lib/commons-lang3-3.4.jar
7ff740d92000-7ff740d93000 r--s 00002000 fd:02 4494953                    /home/zhuwj/soft/apache-maven-3.3.9-bin/apache-maven-3.3.9/lib/wagon-file-2.10.jar
7ff740d93000-7ff740d95000 r--s 00000000 fd:02 4494924                    /home/zhuwj/soft/apache-maven-3.3.9-bin/apache-maven-3.3.9/lib/plexus-component-annotations-1.6.jar
7ff740d95000-7ff740d97000 r--s 00009000 fd:02 4494947                    /home/zhuwj/soft/apache-maven-3.3.9-bin/apache-maven-3.3.9/lib/commons-cli-1.2.jar
7ff740d97000-7ff740d99000 r--s 00000000 fd:02 4494943                    /home/zhuwj/soft/apache-maven-3.3.9-bin/apache-maven-3.3.9/lib/aopalliance-1.0.jar
7ff740d99000-7ff740d9b000 r--s 00005000 fd:02 4494946                    /home/zhuwj/soft/apache-maven-3.3.9-bin/apache-maven-3.3.9/lib/slf4j-api-1.7.5.jar
7ff740d9b000-7ff740da0000 r--s 0001d000 fd:02 4494938                    /home/zhuwj/soft/apache-maven-3.3.9-bin/apache-maven-3.3.9/lib/aether-api-1.0.2.v20150114.jar
7ff740da0000-7ff740da2000 r--s 00002000 fd:02 4494926                    /home/zhuwj/soft/apache-maven-3.3.9-bin/apache-maven-3.3.9/lib/plexus-cipher-1.7.jar
7ff740da2000-7ff740da6000 r--s 00020000 fd:02 4494940                    /home/zhuwj/soft/apache-maven-3.3.9-bin/apache-maven-3.3.9/lib/aether-util-1.0.2.v20150114.jar
7ff740da6000-7ff740da9000 r--s 00008000 fd:02 4494931                    /home/zhuwj/soft/apache-maven-3.3.9-bin/apache-maven-3.3.9/lib/cdi-api-1.0.jar
7ff740da9000-7ff740daf000 r--s 00041000 fd:02 4494944                    /home/zhuwj/soft/apache-maven-3.3.9-bin/apache-maven-3.3.9/lib/maven-compat-3.3.9.jar
7ff740daf000-7ff740db0000 r--s 00006000 fd:02 4494925                    /home/zhuwj/soft/apache-maven-3.3.9-bin/apache-maven-3.3.9/lib/plexus-sec-dispatcher-1.3.jar
7ff740db0000-7ff740db1000 r--s 00000000 fd:02 4494933                    /home/zhuwj/soft/apache-maven-3.3.9-bin/apache-maven-3.3.9/lib/javax.inject-1.jar
7ff740db1000-7ff740db2000 r--s 00001000 fd:02 4494932                    /home/zhuwj/soft/apache-maven-3.3.9-bin/apache-maven-3.3.9/lib/jsr250-api-1.0.jar
7ff740db2000-7ff740db5000 r--s 0000d000 fd:02 4494923                    /home/zhuwj/soft/apache-maven-3.3.9-bin/apache-maven-3.3.9/lib/plexus-interpolation-1.21.jar
7ff740db5000-7ff740db6000 r--s 00002000 fd:02 4494956                    /home/zhuwj/soft/apache-maven-3.3.9-bin/apache-maven-3.3.9/lib/slf4j-simple-1.7.5.jar
7ff740db6000-7ff740dbc000 r--s 0002d000 fd:02 4494930                    /home/zhuwj/soft/apache-maven-3.3.9-bin/apache-maven-3.3.9/lib/org.eclipse.sisu.plexus-0.3.2.jar
7ff740dbc000-7ff740dbd000 r--s 0000a000 fd:02 4494916                    /home/zhuwj/soft/apache-maven-3.3.9-bin/apache-maven-3.3.9/lib/maven-settings-3.3.9.jar
7ff740dbd000-7ff740dbe000 r--s 00006000 fd:02 4494927                    /home/zhuwj/soft/apache-maven-3.3.9-bin/apache-maven-3.3.9/lib/maven-repository-metadata-3.3.9.jar
7ff740dbe000-7ff740de9000 r--s 001fc000 fd:02 4494936                    /home/zhuwj/soft/apache-maven-3.3.9-bin/apache-maven-3.3.9/lib/guava-18.0.jar
7ff740de9000-7ff740e17000 r--s 001fa000 fd:02 4494948                    /home/zhuwj/soft/apache-maven-3.3.9-bin/apache-maven-3.3.9/lib/wagon-http-2.10-shaded.jar
7ff740e17000-7ff740e18000 ---p 00000000 00:00 0 
7ff740e18000-7ff740f18000 rw-p 00000000 00:00 0 
7ff740f18000-7ff740f1b000 ---p 00000000 00:00 0 
7ff740f1b000-7ff741019000 rw-p 00000000 00:00 0 
7ff741019000-7ff74101c000 ---p 00000000 00:00 0 
7ff74101c000-7ff74111a000 rw-p 00000000 00:00 0 
7ff74111a000-7ff74111d000 ---p 00000000 00:00 0 
7ff74111d000-7ff74121b000 rw-p 00000000 00:00 0 
7ff74121b000-7ff74121e000 ---p 00000000 00:00 0 
7ff74121e000-7ff74131c000 rw-p 00000000 00:00 0 
7ff74131c000-7ff74131f000 ---p 00000000 00:00 0 
7ff74131f000-7ff74141d000 rw-p 00000000 00:00 0 
7ff74141d000-7ff741420000 ---p 00000000 00:00 0 
7ff741420000-7ff74151e000 rw-p 00000000 00:00 0 
7ff74151e000-7ff741522000 r-xp 00000000 fd:00 2234656                    /usr/java/jdk1.7.0_80/jre/lib/amd64/libdt_socket.so
7ff741522000-7ff741721000 ---p 00004000 fd:00 2234656                    /usr/java/jdk1.7.0_80/jre/lib/amd64/libdt_socket.so
7ff741721000-7ff741722000 rw-p 00003000 fd:00 2234656                    /usr/java/jdk1.7.0_80/jre/lib/amd64/libdt_socket.so
7ff741722000-7ff741725000 ---p 00000000 00:00 0 
7ff741725000-7ff741823000 rw-p 00000000 00:00 0 
7ff741823000-7ff741826000 ---p 00000000 00:00 0 
7ff741826000-7ff741924000 rw-p 00000000 00:00 0 
7ff741924000-7ff741927000 ---p 00000000 00:00 0 
7ff741927000-7ff741a25000 rw-p 00000000 00:00 0 
7ff741a25000-7ff741a26000 ---p 00000000 00:00 0 
7ff741a26000-7ff743648000 rw-p 00000000 00:00 0 
7ff743648000-7ff743808000 r--s 039fb000 fd:00 2234915                    /usr/java/jdk1.7.0_80/jre/lib/rt.jar
7ff743808000-7ff744000000 rw-p 00000000 00:00 0 
7ff744000000-7ff744021000 rw-p 00000000 00:00 0 
7ff744021000-7ff748000000 ---p 00000000 00:00 0 
7ff748000000-7ff748021000 rw-p 00000000 00:00 0 
7ff748021000-7ff74c000000 ---p 00000000 00:00 0 
7ff74c000000-7ff74c021000 rw-p 00000000 00:00 0 
7ff74c021000-7ff750000000 ---p 00000000 00:00 0 
7ff750000000-7ff750002000 r--s 00005000 fd:02 4494955                    /home/zhuwj/soft/apache-maven-3.3.9-bin/apache-maven-3.3.9/lib/aether-transport-wagon-1.0.2.v20150114.jar
7ff750002000-7ff750290000 rw-p 00000000 00:00 0 
7ff750290000-7ff750291000 ---p 00000000 00:00 0 
7ff750291000-7ff750391000 rw-p 00000000 00:00 0 
7ff750391000-7ff750392000 ---p 00000000 00:00 0 
7ff750392000-7ff750492000 rw-p 00000000 00:00 0 
7ff750492000-7ff750493000 ---p 00000000 00:00 0 
7ff750493000-7ff750593000 rw-p 00000000 00:00 0 
7ff750593000-7ff750594000 ---p 00000000 00:00 0 
7ff750594000-7ff750694000 rw-p 00000000 00:00 0 
7ff750694000-7ff750695000 ---p 00000000 00:00 0 
7ff750695000-7ff750795000 rw-p 00000000 00:00 0 
7ff750795000-7ff750796000 ---p 00000000 00:00 0 
7ff750796000-7ff750896000 rw-p 00000000 00:00 0 
7ff750896000-7ff750897000 ---p 00000000 00:00 0 
7ff750897000-7ff750997000 rw-p 00000000 00:00 0 
7ff750997000-7ff750998000 ---p 00000000 00:00 0 
7ff750998000-7ff750aec000 rw-p 00000000 00:00 0 
7ff750aec000-7ff750fcd000 rw-p 00000000 00:00 0 
7ff750fcd000-7ff750fe1000 rw-p 00000000 00:00 0 
7ff750fe1000-7ff750ff6000 rw-p 00000000 00:00 0 
7ff750ff6000-7ff75104a000 rw-p 00000000 00:00 0 
7ff75104a000-7ff75152a000 rw-p 00000000 00:00 0 
7ff75152a000-7ff7515c1000 rw-p 00000000 00:00 0 
7ff7515c1000-7ff7517c5000 rw-p 00000000 00:00 0 
7ff7517c5000-7ff7517c6000 rw-p 00000000 00:00 0 
7ff7517c6000-7ff751b26000 rwxp 00000000 00:00 0 
7ff751b26000-7ff7547c6000 rw-p 00000000 00:00 0 
7ff7547c6000-7ff7547dd000 r-xp 00000000 fd:00 2234697                    /usr/java/jdk1.7.0_80/jre/lib/amd64/libzip.so
7ff7547dd000-7ff7549dd000 ---p 00017000 fd:00 2234697                    /usr/java/jdk1.7.0_80/jre/lib/amd64/libzip.so
7ff7549dd000-7ff7549de000 rw-p 00017000 fd:00 2234697                    /usr/java/jdk1.7.0_80/jre/lib/amd64/libzip.so
7ff7549de000-7ff7549e8000 r-xp 00000000 fd:00 2105421                    /usr/lib64/libnss_files-2.24.so
7ff7549e8000-7ff754be8000 ---p 0000a000 fd:00 2105421                    /usr/lib64/libnss_files-2.24.so
7ff754be8000-7ff754be9000 r--p 0000a000 fd:00 2105421                    /usr/lib64/libnss_files-2.24.so
7ff754be9000-7ff754bea000 rw-p 0000b000 fd:00 2105421                    /usr/lib64/libnss_files-2.24.so
7ff754bea000-7ff754bf0000 rw-p 00000000 00:00 0 
7ff754bf0000-7ff75b789000 r--p 00000000 fd:00 2098707                    /usr/lib/locale/locale-archive
7ff75b789000-7ff75b78b000 r-xp 00000000 fd:00 2234688                    /usr/java/jdk1.7.0_80/jre/lib/amd64/libnpt.so
7ff75b78b000-7ff75b98b000 ---p 00002000 fd:00 2234688                    /usr/java/jdk1.7.0_80/jre/lib/amd64/libnpt.so
7ff75b98b000-7ff75b98c000 rw-p 00002000 fd:00 2234688                    /usr/java/jdk1.7.0_80/jre/lib/amd64/libnpt.so
7ff75b98c000-7ff75b9c5000 r-xp 00000000 fd:00 2234673                    /usr/java/jdk1.7.0_80/jre/lib/amd64/libjdwp.so
7ff75b9c5000-7ff75bbc5000 ---p 00039000 fd:00 2234673                    /usr/java/jdk1.7.0_80/jre/lib/amd64/libjdwp.so
7ff75bbc5000-7ff75bbc6000 rw-p 00039000 fd:00 2234673                    /usr/java/jdk1.7.0_80/jre/lib/amd64/libjdwp.so
7ff75bbc6000-7ff75bbc7000 rw-p 00000000 00:00 0 
7ff75bbc7000-7ff75bbf0000 r-xp 00000000 fd:00 2234667                    /usr/java/jdk1.7.0_80/jre/lib/amd64/libjava.so
7ff75bbf0000-7ff75bdf0000 ---p 00029000 fd:00 2234667                    /usr/java/jdk1.7.0_80/jre/lib/amd64/libjava.so
7ff75bdf0000-7ff75bdf2000 rw-p 00029000 fd:00 2234667                    /usr/java/jdk1.7.0_80/jre/lib/amd64/libjava.so
7ff75bdf2000-7ff75bdff000 r-xp 00000000 fd:00 2234696                    /usr/java/jdk1.7.0_80/jre/lib/amd64/libverify.so
7ff75bdff000-7ff75bffe000 ---p 0000d000 fd:00 2234696                    /usr/java/jdk1.7.0_80/jre/lib/amd64/libverify.so
7ff75bffe000-7ff75c000000 rw-p 0000c000 fd:00 2234696                    /usr/java/jdk1.7.0_80/jre/lib/amd64/libverify.so
7ff75c000000-7ff75d230000 rw-p 00000000 00:00 0 
7ff75d230000-7ff760000000 ---p 00000000 00:00 0 
7ff760000000-7ff760001000 r--s 00002000 fd:02 4494949                    /home/zhuwj/soft/apache-maven-3.3.9-bin/apache-maven-3.3.9/lib/wagon-http-shared-2.10.jar
7ff760001000-7ff760003000 r--s 0000a000 fd:02 4494929                    /home/zhuwj/soft/apache-maven-3.3.9-bin/apache-maven-3.3.9/lib/maven-plugin-api-3.3.9.jar
7ff760003000-7ff760005000 r--s 0000c000 fd:02 4494928                    /home/zhuwj/soft/apache-maven-3.3.9-bin/apache-maven-3.3.9/lib/maven-artifact-3.3.9.jar
7ff760005000-7ff760006000 r--s 00003000 fd:02 4494922                    /home/zhuwj/soft/apache-maven-3.3.9-bin/apache-maven-3.3.9/lib/maven-builder-support-3.3.9.jar
7ff760006000-7ff760008000 r--s 00006000 fd:02 4494939                    /home/zhuwj/soft/apache-maven-3.3.9-bin/apache-maven-3.3.9/lib/aether-spi-1.0.2.v20150114.jar
7ff760008000-7ff76000c000 r--s 00027000 fd:02 4494952                    /home/zhuwj/soft/apache-maven-3.3.9-bin/apache-maven-3.3.9/lib/commons-io-2.2.jar
7ff76000c000-7ff760010000 r--s 00038000 fd:02 4494917                    /home/zhuwj/soft/apache-maven-3.3.9-bin/apache-maven-3.3.9/lib/plexus-utils-3.0.22.jar
7ff760010000-7ff760015000 r--s 00041000 fd:02 4494951                    /home/zhuwj/soft/apache-maven-3.3.9-bin/apache-maven-3.3.9/lib/commons-lang-2.6.jar
7ff760015000-7ff760017000 r--s 0000f000 fd:02 4494937                    /home/zhuwj/soft/apache-maven-3.3.9-bin/apache-maven-3.3.9/lib/maven-aether-provider-3.3.9.jar
7ff760017000-7ff76001b000 r--s 00027000 fd:02 4494941                    /home/zhuwj/soft/apache-maven-3.3.9-bin/apache-maven-3.3.9/lib/aether-impl-1.0.2.v20150114.jar
7ff76001b000-7ff76001e000 r--s 00013000 fd:02 4494915                    /home/zhuwj/soft/apache-maven-3.3.9-bin/apache-maven-3.3.9/lib/maven-embedder-3.3.9.jar
7ff76001e000-7ff76005a000 rw-p 00000000 00:00 0 
7ff76005a000-7ff76006f000 rw-p 00000000 00:00 0 
7ff76006f000-7ff760076000 r-xp 00000000 fd:00 2105522                    /usr/lib64/librt-2.24.so
7ff760076000-7ff760275000 ---p 00007000 fd:00 2105522                    /usr/lib64/librt-2.24.so
7ff760275000-7ff760276000 r--p 00006000 fd:00 2105522                    /usr/lib64/librt-2.24.so
7ff760276000-7ff760277000 rw-p 00007000 fd:00 2105522                    /usr/lib64/librt-2.24.so
7ff760277000-7ff76037f000 r-xp 00000000 fd:00 2105003                    /usr/lib64/libm-2.24.so
7ff76037f000-7ff76057e000 ---p 00108000 fd:00 2105003                    /usr/lib64/libm-2.24.so
7ff76057e000-7ff76057f000 r--p 00107000 fd:00 2105003                    /usr/lib64/libm-2.24.so
7ff76057f000-7ff760580000 rw-p 00108000 fd:00 2105003                    /usr/lib64/libm-2.24.so
7ff760580000-7ff7610f6000 r-xp 00000000 fd:00 2234701                    /usr/java/jdk1.7.0_80/jre/lib/amd64/server/libjvm.so
7ff7610f6000-7ff7612f5000 ---p 00b76000 fd:00 2234701                    /usr/java/jdk1.7.0_80/jre/lib/amd64/server/libjvm.so
7ff7612f5000-7ff7613b9000 rw-p 00b75000 fd:00 2234701                    /usr/java/jdk1.7.0_80/jre/lib/amd64/server/libjvm.so
7ff7613b9000-7ff7613fa000 rw-p 00000000 00:00 0 
7ff7613fa000-7ff7615b7000 r-xp 00000000 fd:00 2104850                    /usr/lib64/libc-2.24.so
7ff7615b7000-7ff7617b6000 ---p 001bd000 fd:00 2104850                    /usr/lib64/libc-2.24.so
7ff7617b6000-7ff7617ba000 r--p 001bc000 fd:00 2104850                    /usr/lib64/libc-2.24.so
7ff7617ba000-7ff7617bc000 rw-p 001c0000 fd:00 2104850                    /usr/lib64/libc-2.24.so
7ff7617bc000-7ff7617c0000 rw-p 00000000 00:00 0 
7ff7617c0000-7ff7617c3000 r-xp 00000000 fd:00 2104947                    /usr/lib64/libdl-2.24.so
7ff7617c3000-7ff7619c2000 ---p 00003000 fd:00 2104947                    /usr/lib64/libdl-2.24.so
7ff7619c2000-7ff7619c3000 r--p 00002000 fd:00 2104947                    /usr/lib64/libdl-2.24.so
7ff7619c3000-7ff7619c4000 rw-p 00003000 fd:00 2104947                    /usr/lib64/libdl-2.24.so
7ff7619c4000-7ff7619d9000 r-xp 00000000 fd:00 2365423                    /usr/java/jdk1.7.0_80/lib/amd64/jli/libjli.so
7ff7619d9000-7ff761bd8000 ---p 00015000 fd:00 2365423                    /usr/java/jdk1.7.0_80/lib/amd64/jli/libjli.so
7ff761bd8000-7ff761bd9000 rw-p 00014000 fd:00 2365423                    /usr/java/jdk1.7.0_80/lib/amd64/jli/libjli.so
7ff761bd9000-7ff761bf1000 r-xp 00000000 fd:00 2105422                    /usr/lib64/libpthread-2.24.so
7ff761bf1000-7ff761df1000 ---p 00018000 fd:00 2105422                    /usr/lib64/libpthread-2.24.so
7ff761df1000-7ff761df2000 r--p 00018000 fd:00 2105422                    /usr/lib64/libpthread-2.24.so
7ff761df2000-7ff761df3000 rw-p 00019000 fd:00 2105422                    /usr/lib64/libpthread-2.24.so
7ff761df3000-7ff761df7000 rw-p 00000000 00:00 0 
7ff761df7000-7ff761e1c000 r-xp 00000000 fd:00 2107973                    /usr/lib64/ld-2.24.so
7ff761e1c000-7ff761e22000 r--s 00042000 fd:02 4494950                    /home/zhuwj/soft/apache-maven-3.3.9-bin/apache-maven-3.3.9/lib/jsoup-1.7.2.jar
7ff761e22000-7ff761e2a000 r--s 00055000 fd:02 4494934                    /home/zhuwj/soft/apache-maven-3.3.9-bin/apache-maven-3.3.9/lib/org.eclipse.sisu.inject-0.3.2.jar
7ff761e2a000-7ff761e37000 r--s 0008f000 fd:02 4494918                    /home/zhuwj/soft/apache-maven-3.3.9-bin/apache-maven-3.3.9/lib/maven-core-3.3.9.jar
7ff761e37000-7ff761e45000 rw-p 00000000 00:00 0 
7ff761e45000-7ff761ef7000 rw-p 00000000 00:00 0 
7ff761ef7000-7ff761efa000 ---p 00000000 00:00 0 
7ff761efa000-7ff761ffa000 rw-p 00000000 00:00 0 
7ff761ffa000-7ff761ffb000 r--s 00008000 fd:02 4494954                    /home/zhuwj/soft/apache-maven-3.3.9-bin/apache-maven-3.3.9/lib/aether-connector-basic-1.0.2.v20150114.jar
7ff761ffb000-7ff761ffe000 r--s 0000b000 fd:02 4494945                    /home/zhuwj/soft/apache-maven-3.3.9-bin/apache-maven-3.3.9/lib/wagon-provider-api-2.10.jar
7ff761ffe000-7ff762007000 r--s 0005f000 fd:02 4494942                    /home/zhuwj/soft/apache-maven-3.3.9-bin/apache-maven-3.3.9/lib/guice-4.0-no_aop.jar
7ff762007000-7ff76200c000 r--s 00027000 fd:02 4494935                    /home/zhuwj/soft/apache-maven-3.3.9-bin/apache-maven-3.3.9/lib/maven-model-builder-3.3.9.jar
7ff76200c000-7ff76200e000 r--s 00009000 fd:02 4494921                    /home/zhuwj/soft/apache-maven-3.3.9-bin/apache-maven-3.3.9/lib/maven-settings-builder-3.3.9.jar
7ff76200e000-7ff762010000 r--s 0000b000 fd:02 4363876                    /home/zhuwj/soft/apache-maven-3.3.9-bin/apache-maven-3.3.9/boot/plexus-classworlds-2.5.2.jar
7ff762010000-7ff762018000 rw-s 00000000 00:29 92842                      /tmp/hsperfdata_zhuwj/13743
7ff762018000-7ff762019000 rw-p 00000000 00:00 0 
7ff762019000-7ff76201a000 r--p 00000000 00:00 0 
7ff76201a000-7ff76201c000 rw-p 00000000 00:00 0 
7ff76201c000-7ff76201d000 r--p 00025000 fd:00 2107973                    /usr/lib64/ld-2.24.so
7ff76201d000-7ff76201e000 rw-p 00026000 fd:00 2107973                    /usr/lib64/ld-2.24.so
7ff76201e000-7ff76201f000 rw-p 00000000 00:00 0 
7ffc78684000-7ffc786a5000 rw-p 00000000 00:00 0                          [stack]
7ffc7870e000-7ffc78710000 r--p 00000000 00:00 0                          [vvar]
7ffc78710000-7ffc78712000 r-xp 00000000 00:00 0                          [vdso]
ffffffffff600000-ffffffffff601000 r-xp 00000000 00:00 0                  [vsyscall]

VM Arguments:
jvm_args: -agentlib:jdwp=transport=dt_socket,suspend=y,address=localhost:36275 -Dmaven.home=/home/zhuwj/soft/apache-maven-3.3.9-bin/apache-maven-3.3.9 -Dclassworlds.conf=/home/zhuwj/workspace/2017JUNO_CORE_2/.metadata/.plugins/org.eclipse.m2e.core/launches/m2conf8642447058197857026.tmp -Dmaven.multiModuleProjectDirectory=$M2_HOME -Dfile.encoding=UTF-8 
java_command: org.codehaus.classworlds.Launcher -B -s /home/zhuwj/soft/apache-maven-3.3.9-bin/apache-maven-3.3.9/conf/settings.xml jetty:run
Launcher Type: SUN_STANDARD

Environment Variables:
PATH=/opt/lampp/bin:/usr/lib64/qt-3.3/bin:/usr/local/bin:/usr/local/sbin:/usr/bin:/usr/sbin:/home/zhuwj/soft/apache-maven-3.3.3/bin:/home/zhuwj/Android/Sdk/tools:/home/zhuwj/Android/Sdk/platform-tools:/home/zhuwj/.local/bin:/home/zhuwj/bin
USERNAME=zhuwj
SHELL=/bin/bash
DISPLAY=:0

Signal Handlers:
SIGSEGV: [libjvm.so+0x9a3b20], sa_mask[0]=0x7ffbfeff, sa_flags=0x10000004
SIGBUS: [libjvm.so+0x9a3b20], sa_mask[0]=0x7ffbfeff, sa_flags=0x10000004
SIGFPE: [libjvm.so+0x81e740], sa_mask[0]=0x7ffbfeff, sa_flags=0x10000004
SIGPIPE: [libjvm.so+0x81e740], sa_mask[0]=0x7ffbfeff, sa_flags=0x10000004
SIGXFSZ: [libjvm.so+0x81e740], sa_mask[0]=0x7ffbfeff, sa_flags=0x10000004
SIGILL: [libjvm.so+0x81e740], sa_mask[0]=0x7ffbfeff, sa_flags=0x10000004
SIGUSR1: SIG_DFL, sa_mask[0]=0x00000000, sa_flags=0x00000000
SIGUSR2: [libjvm.so+0x81ffb0], sa_mask[0]=0x00000004, sa_flags=0x10000004
SIGHUP: [libjvm.so+0x8210d0], sa_mask[0]=0x7ffbfeff, sa_flags=0x10000004
SIGINT: [libjvm.so+0x8210d0], sa_mask[0]=0x7ffbfeff, sa_flags=0x10000004
SIGTERM: [libjvm.so+0x8210d0], sa_mask[0]=0x7ffbfeff, sa_flags=0x10000004
SIGQUIT: [libjvm.so+0x8210d0], sa_mask[0]=0x7ffbfeff, sa_flags=0x10000004


---------------  S Y S T E M  ---------------

OS:Fedora release 25 (Twenty Five)

uname:Linux 4.10.8-200.fc25.x86_64 #1 SMP Fri Mar 31 13:20:22 UTC 2017 x86_64
libc:glibc 2.24 NPTL 2.24 
rlimit: STACK 8192k, CORE 0k, NPROC 63868, NOFILE 4096, AS infinity
load average:0.04 0.17 0.22

/proc/meminfo:
MemTotal:       16373996 kB
MemFree:         3567832 kB
MemAvailable:   12922500 kB
Buffers:          934032 kB
Cached:          8893804 kB
SwapCached:            0 kB
Active:          5553260 kB
Inactive:        6483140 kB
Active(anon):    2161872 kB
Inactive(anon):   727808 kB
Active(file):    3391388 kB
Inactive(file):  5755332 kB
Unevictable:         280 kB
Mlocked:             280 kB
SwapTotal:       8253436 kB
SwapFree:        8253436 kB
Dirty:               188 kB
Writeback:             0 kB
AnonPages:       2208868 kB
Mapped:           691808 kB
Shmem:            681128 kB
Slab:             621444 kB
SReclaimable:     545632 kB
SUnreclaim:        75812 kB
KernelStack:       12816 kB
PageTables:        47964 kB
NFS_Unstable:          0 kB
Bounce:                0 kB
WritebackTmp:          0 kB
CommitLimit:    16440432 kB
Committed_AS:    8375212 kB
VmallocTotal:   34359738367 kB
VmallocUsed:           0 kB
VmallocChunk:          0 kB
HardwareCorrupted:     0 kB
AnonHugePages:         0 kB
ShmemHugePages:        0 kB
ShmemPmdMapped:        0 kB
CmaTotal:              0 kB
CmaFree:               0 kB
HugePages_Total:       0
HugePages_Free:        0
HugePages_Rsvd:        0
HugePages_Surp:        0
Hugepagesize:       2048 kB
DirectMap4k:      174336 kB
DirectMap2M:    16545792 kB


CPU:total 8 (4 cores per cpu, 2 threads per core) family 6 model 42 stepping 7, cmov, cx8, fxsr, mmx, sse, sse2, sse3, ssse3, sse4.1, sse4.2, popcnt, avx, aes, ht, tsc, tscinvbit

/proc/cpuinfo:
processor	: 0
vendor_id	: GenuineIntel
cpu family	: 6
model		: 42
model name	: Intel(R) Core(TM) i7-2670QM CPU @ 2.20GHz
stepping	: 7
microcode	: 0x29
cpu MHz		: 799.890
cache size	: 6144 KB
physical id	: 0
siblings	: 8
core id		: 0
cpu cores	: 4
apicid		: 0
initial apicid	: 0
fpu		: yes
fpu_exception	: yes
cpuid level	: 13
wp		: yes
flags		: fpu vme de pse tsc msr pae mce cx8 apic sep mtrr pge mca cmov pat pse36 clflush dts acpi mmx fxsr sse sse2 ss ht tm pbe syscall nx rdtscp lm constant_tsc arch_perfmon pebs bts rep_good nopl xtopology nonstop_tsc aperfmperf pni pclmulqdq dtes64 monitor ds_cpl vmx est tm2 ssse3 cx16 xtpr pdcm pcid sse4_1 sse4_2 x2apic popcnt tsc_deadline_timer aes xsave avx lahf_lm epb tpr_shadow vnmi flexpriority ept vpid xsaveopt dtherm ida arat pln pts
bugs		:
bogomips	: 4390.27
clflush size	: 64
cache_alignment	: 64
address sizes	: 36 bits physical, 48 bits virtual
power management:

processor	: 1
vendor_id	: GenuineIntel
cpu family	: 6
model		: 42
model name	: Intel(R) Core(TM) i7-2670QM CPU @ 2.20GHz
stepping	: 7
microcode	: 0x29
cpu MHz		: 799.890
cache size	: 6144 KB
physical id	: 0
siblings	: 8
core id		: 0
cpu cores	: 4
apicid		: 1
initial apicid	: 1
fpu		: yes
fpu_exception	: yes
cpuid level	: 13
wp		: yes
flags		: fpu vme de pse tsc msr pae mce cx8 apic sep mtrr pge mca cmov pat pse36 clflush dts acpi mmx fxsr sse sse2 ss ht tm pbe syscall nx rdtscp lm constant_tsc arch_perfmon pebs bts rep_good nopl xtopology nonstop_tsc aperfmperf pni pclmulqdq dtes64 monitor ds_cpl vmx est tm2 ssse3 cx16 xtpr pdcm pcid sse4_1 sse4_2 x2apic popcnt tsc_deadline_timer aes xsave avx lahf_lm epb tpr_shadow vnmi flexpriority ept vpid xsaveopt dtherm ida arat pln pts
bugs		:
bogomips	: 4395.94
clflush size	: 64
cache_alignment	: 64
address sizes	: 36 bits physical, 48 bits virtual
power management:

processor	: 2
vendor_id	: GenuineIntel
cpu family	: 6
model		: 42
model name	: Intel(R) Core(TM) i7-2670QM CPU @ 2.20GHz
stepping	: 7
microcode	: 0x29
cpu MHz		: 799.890
cache size	: 6144 KB
physical id	: 0
siblings	: 8
core id		: 1
cpu cores	: 4
apicid		: 2
initial apicid	: 2
fpu		: yes
fpu_exception	: yes
cpuid level	: 13
wp		: yes
flags		: fpu vme de pse tsc msr pae mce cx8 apic sep mtrr pge mca cmov pat pse36 clflush dts acpi mmx fxsr sse sse2 ss ht tm pbe syscall nx rdtscp lm constant_tsc arch_perfmon pebs bts rep_good nopl xtopology nonstop_tsc aperfmperf pni pclmulqdq dtes64 monitor ds_cpl vmx est tm2 ssse3 cx16 xtpr pdcm pcid sse4_1 sse4_2 x2apic popcnt tsc_deadline_timer aes xsave avx lahf_lm epb tpr_shadow vnmi flexpriority ept vpid xsaveopt dtherm ida arat pln pts
bugs		:
bogomips	: 4394.38
clflush size	: 64
cache_alignment	: 64
address sizes	: 36 bits physical, 48 bits virtual
power management:

processor	: 3
vendor_id	: GenuineIntel
cpu family	: 6
model		: 42
model name	: Intel(R) Core(TM) i7-2670QM CPU @ 2.20GHz
stepping	: 7
microcode	: 0x29
cpu MHz		: 800.830
cache size	: 6144 KB
physical id	: 0
siblings	: 8
core id		: 1
cpu cores	: 4
apicid		: 3
initial apicid	: 3
fpu		: yes
fpu_exception	: yes
cpuid level	: 13
wp		: yes
flags		: fpu vme de pse tsc msr pae mce cx8 apic sep mtrr pge mca cmov pat pse36 clflush dts acpi mmx fxsr sse sse2 ss ht tm pbe syscall nx rdtscp lm constant_tsc arch_perfmon pebs bts rep_good nopl xtopology nonstop_tsc aperfmperf pni pclmulqdq dtes64 monitor ds_cpl vmx est tm2 ssse3 cx16 xtpr pdcm pcid sse4_1 sse4_2 x2apic popcnt tsc_deadline_timer aes xsave avx lahf_lm epb tpr_shadow vnmi flexpriority ept vpid xsaveopt dtherm ida arat pln pts
bugs		:
bogomips	: 4394.34
clflush size	: 64
cache_alignment	: 64
address sizes	: 36 bits physical, 48 bits virtual
power management:

processor	: 4
vendor_id	: GenuineIntel
cpu family	: 6
model		: 42
model name	: Intel(R) Core(TM) i7-2670QM CPU @ 2.20GHz
stepping	: 7
microcode	: 0x29
cpu MHz		: 799.890
cache size	: 6144 KB
physical id	: 0
siblings	: 8
core id		: 2
cpu cores	: 4
apicid		: 4
initial apicid	: 4
fpu		: yes
fpu_exception	: yes
cpuid level	: 13
wp		: yes
flags		: fpu vme de pse tsc msr pae mce cx8 apic sep mtrr pge mca cmov pat pse36 clflush dts acpi mmx fxsr sse sse2 ss ht tm pbe syscall nx rdtscp lm constant_tsc arch_perfmon pebs bts rep_good nopl xtopology nonstop_tsc aperfmperf pni pclmulqdq dtes64 monitor ds_cpl vmx est tm2 ssse3 cx16 xtpr pdcm pcid sse4_1 sse4_2 x2apic popcnt tsc_deadline_timer aes xsave avx lahf_lm epb tpr_shadow vnmi flexpriority ept vpid xsaveopt dtherm ida arat pln pts
bugs		:
bogomips	: 4394.39
clflush size	: 64
cache_alignment	: 64
address sizes	: 36 bits physical, 48 bits virtual
power management:

processor	: 5
vendor_id	: GenuineIntel
cpu family	: 6
model		: 42
model name	: Intel(R) Core(TM) i7-2670QM CPU @ 2.20GHz
stepping	: 7
microcode	: 0x29
cpu MHz		: 798.010
cache size	: 6144 KB
physical id	: 0
siblings	: 8
core id		: 2
cpu cores	: 4
apicid		: 5
initial apicid	: 5
fpu		: yes
fpu_exception	: yes
cpuid level	: 13
wp		: yes
flags		: fpu vme de pse tsc msr pae mce cx8 apic sep mtrr pge mca cmov pat pse36 clflush dts acpi mmx fxsr sse sse2 ss ht tm pbe syscall nx rdtscp lm constant_tsc arch_perfmon pebs bts rep_good nopl xtopology nonstop_tsc aperfmperf pni pclmulqdq dtes64 monitor ds_cpl vmx est tm2 ssse3 cx16 xtpr pdcm pcid sse4_1 sse4_2 x2apic popcnt tsc_deadline_timer aes xsave avx lahf_lm epb tpr_shadow vnmi flexpriority ept vpid xsaveopt dtherm ida arat pln pts
bugs		:
bogomips	: 4394.33
clflush size	: 64
cache_alignment	: 64
address sizes	: 36 bits physical, 48 bits virtual
power management:

processor	: 6
vendor_id	: GenuineIntel
cpu family	: 6
model		: 42
model name	: Intel(R) Core(TM) i7-2670QM CPU @ 2.20GHz
stepping	: 7
microcode	: 0x29
cpu MHz		: 804.724
cache size	: 6144 KB
physical id	: 0
siblings	: 8
core id		: 3
cpu cores	: 4
apicid		: 6
initial apicid	: 6
fpu		: yes
fpu_exception	: yes
cpuid level	: 13
wp		: yes
flags		: fpu vme de pse tsc msr pae mce cx8 apic sep mtrr pge mca cmov pat pse36 clflush dts acpi mmx fxsr sse sse2 ss ht tm pbe syscall nx rdtscp lm constant_tsc arch_perfmon pebs bts rep_good nopl xtopology nonstop_tsc aperfmperf pni pclmulqdq dtes64 monitor ds_cpl vmx est tm2 ssse3 cx16 xtpr pdcm pcid sse4_1 sse4_2 x2apic popcnt tsc_deadline_timer aes xsave avx lahf_lm epb tpr_shadow vnmi flexpriority ept vpid xsaveopt dtherm ida arat pln pts
bugs		:
bogomips	: 4394.35
clflush size	: 64
cache_alignment	: 64
address sizes	: 36 bits physical, 48 bits virtual
power management:

processor	: 7
vendor_id	: GenuineIntel
cpu family	: 6
model		: 42
model name	: Intel(R) Core(TM) i7-2670QM CPU @ 2.20GHz
stepping	: 7
microcode	: 0x29
cpu MHz		: 799.890
cache size	: 6144 KB
physical id	: 0
siblings	: 8
core id		: 3
cpu cores	: 4
apicid		: 7
initial apicid	: 7
fpu		: yes
fpu_exception	: yes
cpuid level	: 13
wp		: yes
flags		: fpu vme de pse tsc msr pae mce cx8 apic sep mtrr pge mca cmov pat pse36 clflush dts acpi mmx fxsr sse sse2 ss ht tm pbe syscall nx rdtscp lm constant_tsc arch_perfmon pebs bts rep_good nopl xtopology nonstop_tsc aperfmperf pni pclmulqdq dtes64 monitor ds_cpl vmx est tm2 ssse3 cx16 xtpr pdcm pcid sse4_1 sse4_2 x2apic popcnt tsc_deadline_timer aes xsave avx lahf_lm epb tpr_shadow vnmi flexpriority ept vpid xsaveopt dtherm ida arat pln pts
bugs		:
bogomips	: 4394.37
clflush size	: 64
cache_alignment	: 64
address sizes	: 36 bits physical, 48 bits virtual
power management:



Memory: 4k page, physical 16373996k(3567832k free), swap 8253436k(8253436k free)

vm_info: Java HotSpot(TM) 64-Bit Server VM (24.80-b11) for linux-amd64 JRE (1.7.0_80-b15), built on Apr 10 2015 19:53:14 by "java_re" with gcc 4.3.0 20080428 (Red Hat 4.3.0-8)

time: Tue Apr 25 11:10:56 2017
elapsed time: 844 seconds

