#
# A fatal error has been detected by the Java Runtime Environment:
#
#  Internal Error (javaCalls.cpp:51), pid=20482, tid=0x00007fd3841ae700
#  guarantee(thread->is_Java_thread()) failed: crucial check - the VM thread cannot and must not escape to Java code
#
# JRE version: OpenJDK Runtime Environment (8.0_202-b26) (build 1.8.0_202-b26)
# Java VM: OpenJDK 64-Bit Server VM (25.202-b26 mixed mode linux-amd64 compressed oops)
# Core dump written. Default location: /home/zhuwj/git/base_ssm/core or core.20482
#
# If you would like to submit a bug report, please visit:
#   http://bugreport.java.com/bugreport/crash.jsp
#

---------------  T H R E A D  ---------------

Current thread (0x00007fd39c084000):  VMThread [stack: 0x00007fd3840af000,0x00007fd3841af000] [id=20497]

Stack: [0x00007fd3840af000,0x00007fd3841af000],  sp=0x00007fd3841ac810,  free space=1014k
Native frames: (J=compiled Java code, j=interpreted, Vv=VM code, C=native code)
V  [libjvm.so+0xa3196c]
V  [libjvm.so+0x4ba276]
V  [libjvm.so+0x648e59]
V  [libjvm.so+0x64b6f8]
V  [libjvm.so+0x649e50]
V  [libjvm.so+0x542a74]
V  [libjvm.so+0x54303c]
V  [libjvm.so+0x5a5ba7]
V  [libjvm.so+0x5ad4cf]
V  [libjvm.so+0x5b203c]
V  [libjvm.so+0x5b2413]
V  [libjvm.so+0x882aa1]
V  [libjvm.so+0x88499e]
V  [libjvm.so+0x885725]
V  [libjvm.so+0x60aec2]
V  [libjvm.so+0x82999e]
V  [libjvm.so+0x716aeb]
V  [libjvm.so+0xa38a57]
V  [libjvm.so+0xa365c0]
V  [libjvm.so+0xa3778d]
V  [libjvm.so+0xa379ee]
V  [libjvm.so+0x890554]

VM_Operation (0x00007fd37fcfb990): GetOrSetLocal, mode: safepoint, requested by thread 0x00007fd39c0cd800


---------------  P R O C E S S  ---------------

Java Threads: ( => current thread )
  0x00007fd318094000 JavaThread "1134165102@qtp-864657274-5" [_thread_blocked, id=20684, stack(0x00007fd37c2d5000,0x00007fd37c3d6000)]
  0x00007fd318093000 JavaThread "1278390066@qtp-864657274-4" [_thread_blocked, id=20683, stack(0x00007fd37c3d6000,0x00007fd37c4d7000)]
  0x00007fd318092800 JavaThread "841224295@qtp-864657274-3" [_thread_blocked, id=20682, stack(0x00007fd37e749000,0x00007fd37e84a000)]
  0x00007fd3100ee800 JavaThread "Timer-1" daemon [_thread_blocked, id=20532, stack(0x00007fd37d0b3000,0x00007fd37d1b4000)]
  0x00007fd3100a5000 JavaThread "Abandoned connection cleanup thread" daemon [_thread_blocked, id=20531, stack(0x00007fd37d1b4000,0x00007fd37d2b5000)]
  0x00007fd39d06d800 JavaThread "pool-1-thread-1" [_thread_blocked, id=20530, stack(0x00007fd37d8f4000,0x00007fd37d9f5000)]
  0x00007fd39d344000 JavaThread "Timer-0" daemon [_thread_blocked, id=20519, stack(0x00007fd37e1fa000,0x00007fd37e2fb000)]
  0x00007fd39cff7800 JavaThread "1385352906@qtp-864657274-1 - Acceptor0 SelectChannelConnector@0.0.0.0:9000" [_thread_in_native, id=20518, stack(0x00007fd37e648000,0x00007fd37e749000)]
  0x00007fd39c0e5800 JavaThread "Service Thread" daemon [_thread_blocked, id=20514, stack(0x00007fd37f4f5000,0x00007fd37f5f6000)]
  0x00007fd39c0da000 JavaThread "C1 CompilerThread3" daemon [_thread_blocked, id=20513, stack(0x00007fd37f5f7000,0x00007fd37f6f7000)]
  0x00007fd39c0d8000 JavaThread "C2 CompilerThread2" daemon [_thread_blocked, id=20512, stack(0x00007fd37f6f8000,0x00007fd37f7f8000)]
  0x00007fd39c0d6000 JavaThread "C2 CompilerThread1" daemon [_thread_blocked, id=20511, stack(0x00007fd37f7f9000,0x00007fd37f8f9000)]
  0x00007fd39c0d3800 JavaThread "C2 CompilerThread0" daemon [_thread_blocked, id=20510, stack(0x00007fd37f8fa000,0x00007fd37f9fa000)]
  0x00007fd340001000 JavaThread "JDWP Command Reader" daemon [_thread_in_native, id=20507, stack(0x00007fd37f9fa000,0x00007fd37fafb000)]
  0x00007fd39c0d1000 JavaThread "JDWP Event Helper Thread" daemon [_thread_blocked, id=20506, stack(0x00007fd37fafb000,0x00007fd37fbfc000)]
  0x00007fd39c0cd800 JavaThread "JDWP Transport Listener: dt_socket" daemon [_thread_blocked, id=20503, stack(0x00007fd37fbfc000,0x00007fd37fcfd000)]
  0x00007fd39c0c1800 JavaThread "Signal Dispatcher" daemon [_thread_blocked, id=20501, stack(0x00007fd37fcfd000,0x00007fd37fdfe000)]
  0x00007fd39c090000 JavaThread "Finalizer" daemon [_thread_blocked, id=20499, stack(0x00007fd37fdfe000,0x00007fd37feff000)]
  0x00007fd39c08d800 JavaThread "Reference Handler" daemon [_thread_blocked, id=20498, stack(0x00007fd37feff000,0x00007fd380000000)]
  0x00007fd39c00e800 JavaThread "main" [_thread_blocked, id=20483, stack(0x00007fd3a330a000,0x00007fd3a340a000)]

Other Threads:
=>0x00007fd39c084000 VMThread [stack: 0x00007fd3840af000,0x00007fd3841af000] [id=20497]
  0x00007fd39c0e8000 WatcherThread [stack: 0x00007fd37f3f5000,0x00007fd37f4f5000] [id=20515]

VM state:at safepoint (normal execution)

VM Mutex/Monitor currently owned by a thread:  ([mutex/lock_event])
[0x00007fd39c00b450] Threads_lock - owner thread: 0x00007fd39c084000

heap address: 0x0000000085600000, size: 1962 MB, Compressed Oops mode: 32-bit
Narrow klass base: 0x0000000000000000, Narrow klass shift: 3
Compressed class space size: 1073741824 Address: 0x0000000100000000

Heap:
 PSYoungGen      total 197120K, used 89709K [0x00000000d7200000, 0x00000000e4f80000, 0x0000000100000000)
  eden space 184832K, 48% used [0x00000000d7200000,0x00000000dc99b760,0x00000000e2680000)
  from space 12288K, 0% used [0x00000000e3380000,0x00000000e3380000,0x00000000e3f80000)
  to   space 13312K, 0% used [0x00000000e2680000,0x00000000e2680000,0x00000000e3380000)
 ParOldGen       total 97280K, used 20591K [0x0000000085600000, 0x000000008b500000, 0x00000000d7200000)
  object space 97280K, 21% used [0x0000000085600000,0x0000000086a1bc38,0x000000008b500000)
 Metaspace       used 42957K, capacity 43780K, committed 44288K, reserved 1087488K
  class space    used 5012K, capacity 5253K, committed 5376K, reserved 1048576K

Card table byte_map: [0x00007fd3a250c000,0x00007fd3a28e2000] byte_map_base: 0x00007fd3a20e1000

Marking Bits: (ParMarkBitMap*) 0x00007fd3a4264c80
 Begin Bits: [0x00007fd3842b0000, 0x00007fd386158000)
 End Bits:   [0x00007fd386158000, 0x00007fd388000000)

Polling page: 0x00007fd3a46a9000

CodeCache: size=245760Kb used=18743Kb max_used=18755Kb free=227017Kb
 bounds [0x00007fd38d000000, 0x00007fd38e270000, 0x00007fd39c000000]
 total_blobs=5812 nmethods=5330 adapters=404
 compilation: enabled

Compilation events (10 events):
Event: 266.862 Thread 0x00007fd39c0d6000 6313       4       java.text.DigitList::isLongMIN_VALUE (56 bytes)
Event: 266.863 Thread 0x00007fd39c0d6000 nmethod 6313 0x00007fd38e23c050 code [0x00007fd38e23c1a0, 0x00007fd38e23c238]
Event: 266.869 Thread 0x00007fd39c0d3800 nmethod 6309 0x00007fd38e25ae10 code [0x00007fd38e25b2e0, 0x00007fd38e25df80]
Event: 266.878 Thread 0x00007fd39c0d8000 nmethod 6310 0x00007fd38e260a90 code [0x00007fd38e260d40, 0x00007fd38e2637f8]
Event: 276.824 Thread 0x00007fd39c0da000 6314       3       com.mysql.cj.core.io.FloatingPointBoundsEnforcer::<init> (17 bytes)
Event: 276.824 Thread 0x00007fd39c0da000 nmethod 6314 0x00007fd38e24e8d0 code [0x00007fd38e24ea40, 0x00007fd38e24ec70]
Event: 276.825 Thread 0x00007fd39c0da000 6315       3       org.apache.ibatis.logging.jdbc.BaseJdbcLogger::getParameterValueString (120 bytes)
Event: 276.828 Thread 0x00007fd39c0da000 nmethod 6315 0x00007fd38e2508d0 code [0x00007fd38e250c40, 0x00007fd38e252a78]
Event: 276.828 Thread 0x00007fd39c0d6000 6316       4       org.apache.ibatis.reflection.MetaObject::setValue (88 bytes)
Event: 276.835 Thread 0x00007fd39c0d6000 nmethod 6316 0x00007fd38e24fad0 code [0x00007fd38e24fc60, 0x00007fd38e250308]

GC Heap History (10 events):
Event: 2.148 GC heap before
{Heap before GC invocations=6 (full 0):
 PSYoungGen      total 68608K, used 30927K [0x00000000d7200000, 0x00000000e0300000, 0x0000000100000000)
  eden space 63488K, 40% used [0x00000000d7200000,0x00000000d8b33d08,0x00000000db000000)
  from space 5120K, 100% used [0x00000000db000000,0x00000000db500000,0x00000000db500000)
  to   space 10752K, 0% used [0x00000000df880000,0x00000000df880000,0x00000000e0300000)
 ParOldGen       total 84992K, used 10622K [0x0000000085600000, 0x000000008a900000, 0x00000000d7200000)
  object space 84992K, 12% used [0x0000000085600000,0x000000008605f960,0x000000008a900000)
 Metaspace       used 20688K, capacity 21094K, committed 21248K, reserved 1069056K
  class space    used 2346K, capacity 2459K, committed 2560K, reserved 1048576K
Event: 2.156 GC heap after
Heap after GC invocations=6 (full 0):
 PSYoungGen      total 137728K, used 8005K [0x00000000d7200000, 0x00000000e0300000, 0x0000000100000000)
  eden space 126976K, 0% used [0x00000000d7200000,0x00000000d7200000,0x00000000dee00000)
  from space 10752K, 74% used [0x00000000df880000,0x00000000e0051460,0x00000000e0300000)
  to   space 10752K, 0% used [0x00000000dee00000,0x00000000dee00000,0x00000000df880000)
 ParOldGen       total 84992K, used 10694K [0x0000000085600000, 0x000000008a900000, 0x00000000d7200000)
  object space 84992K, 12% used [0x0000000085600000,0x0000000086071970,0x000000008a900000)
 Metaspace       used 20688K, capacity 21094K, committed 21248K, reserved 1069056K
  class space    used 2346K, capacity 2459K, committed 2560K, reserved 1048576K
}
Event: 2.156 GC heap before
{Heap before GC invocations=7 (full 1):
 PSYoungGen      total 137728K, used 8005K [0x00000000d7200000, 0x00000000e0300000, 0x0000000100000000)
  eden space 126976K, 0% used [0x00000000d7200000,0x00000000d7200000,0x00000000dee00000)
  from space 10752K, 74% used [0x00000000df880000,0x00000000e0051460,0x00000000e0300000)
  to   space 10752K, 0% used [0x00000000dee00000,0x00000000dee00000,0x00000000df880000)
 ParOldGen       total 84992K, used 10694K [0x0000000085600000, 0x000000008a900000, 0x00000000d7200000)
  object space 84992K, 12% used [0x0000000085600000,0x0000000086071970,0x000000008a900000)
 Metaspace       used 20688K, capacity 21094K, committed 21248K, reserved 1069056K
  class space    used 2346K, capacity 2459K, committed 2560K, reserved 1048576K
Event: 2.199 GC heap after
Heap after GC invocations=7 (full 1):
 PSYoungGen      total 137728K, used 0K [0x00000000d7200000, 0x00000000e0300000, 0x0000000100000000)
  eden space 126976K, 0% used [0x00000000d7200000,0x00000000d7200000,0x00000000dee00000)
  from space 10752K, 0% used [0x00000000df880000,0x00000000df880000,0x00000000e0300000)
  to   space 10752K, 0% used [0x00000000dee00000,0x00000000dee00000,0x00000000df880000)
 ParOldGen       total 65536K, used 12102K [0x0000000085600000, 0x0000000089600000, 0x00000000d7200000)
  object space 65536K, 18% used [0x0000000085600000,0x00000000861d19a0,0x0000000089600000)
 Metaspace       used 20688K, capacity 21094K, committed 21248K, reserved 1069056K
  class space    used 2346K, capacity 2459K, committed 2560K, reserved 1048576K
}
Event: 3.268 GC heap before
{Heap before GC invocations=8 (full 1):
 PSYoungGen      total 137728K, used 126976K [0x00000000d7200000, 0x00000000e0300000, 0x0000000100000000)
  eden space 126976K, 100% used [0x00000000d7200000,0x00000000dee00000,0x00000000dee00000)
  from space 10752K, 0% used [0x00000000df880000,0x00000000df880000,0x00000000e0300000)
  to   space 10752K, 0% used [0x00000000dee00000,0x00000000dee00000,0x00000000df880000)
 ParOldGen       total 65536K, used 12102K [0x0000000085600000, 0x0000000089600000, 0x00000000d7200000)
  object space 65536K, 18% used [0x0000000085600000,0x00000000861d19a0,0x0000000089600000)
 Metaspace       used 30974K, capacity 31532K, committed 31872K, reserved 1077248K
  class space    used 3684K, capacity 3852K, committed 3968K, reserved 1048576K
Event: 3.277 GC heap after
Heap after GC invocations=8 (full 1):
 PSYoungGen      total 137728K, used 10735K [0x00000000d7200000, 0x00000000e3f80000, 0x0000000100000000)
  eden space 126976K, 0% used [0x00000000d7200000,0x00000000d7200000,0x00000000dee00000)
  from space 10752K, 99% used [0x00000000dee00000,0x00000000df87bd90,0x00000000df880000)
  to   space 12288K, 0% used [0x00000000e3380000,0x00000000e3380000,0x00000000e3f80000)
 ParOldGen       total 65536K, used 13331K [0x0000000085600000, 0x0000000089600000, 0x00000000d7200000)
  object space 65536K, 20% used [0x0000000085600000,0x0000000086304c08,0x0000000089600000)
 Metaspace       used 30974K, capacity 31532K, committed 31872K, reserved 1077248K
  class space    used 3684K, capacity 3852K, committed 3968K, reserved 1048576K
}
Event: 3.550 GC heap before
{Heap before GC invocations=9 (full 1):
 PSYoungGen      total 137728K, used 48323K [0x00000000d7200000, 0x00000000e3f80000, 0x0000000100000000)
  eden space 126976K, 29% used [0x00000000d7200000,0x00000000d96b5170,0x00000000dee00000)
  from space 10752K, 99% used [0x00000000dee00000,0x00000000df87bd90,0x00000000df880000)
  to   space 12288K, 0% used [0x00000000e3380000,0x00000000e3380000,0x00000000e3f80000)
 ParOldGen       total 65536K, used 13331K [0x0000000085600000, 0x0000000089600000, 0x00000000d7200000)
  object space 65536K, 20% used [0x0000000085600000,0x0000000086304c08,0x0000000089600000)
 Metaspace       used 34590K, capacity 35090K, committed 35416K, reserved 1081344K
  class space    used 4129K, capacity 4269K, committed 4352K, reserved 1048576K
Event: 3.565 GC heap after
Heap after GC invocations=9 (full 1):
 PSYoungGen      total 197120K, used 10748K [0x00000000d7200000, 0x00000000e4f80000, 0x0000000100000000)
  eden space 184832K, 0% used [0x00000000d7200000,0x00000000d7200000,0x00000000e2680000)
  from space 12288K, 87% used [0x00000000e3380000,0x00000000e3dff2f8,0x00000000e3f80000)
  to   space 13312K, 0% used [0x00000000e2680000,0x00000000e2680000,0x00000000e3380000)
 ParOldGen       total 65536K, used 13347K [0x0000000085600000, 0x0000000089600000, 0x00000000d7200000)
  object space 65536K, 20% used [0x0000000085600000,0x0000000086308c20,0x0000000089600000)
 Metaspace       used 34590K, capacity 35090K, committed 35416K, reserved 1081344K
  class space    used 4129K, capacity 4269K, committed 4352K, reserved 1048576K
}
Event: 3.565 GC heap before
{Heap before GC invocations=10 (full 2):
 PSYoungGen      total 197120K, used 10748K [0x00000000d7200000, 0x00000000e4f80000, 0x0000000100000000)
  eden space 184832K, 0% used [0x00000000d7200000,0x00000000d7200000,0x00000000e2680000)
  from space 12288K, 87% used [0x00000000e3380000,0x00000000e3dff2f8,0x00000000e3f80000)
  to   space 13312K, 0% used [0x00000000e2680000,0x00000000e2680000,0x00000000e3380000)
 ParOldGen       total 65536K, used 13347K [0x0000000085600000, 0x0000000089600000, 0x00000000d7200000)
  object space 65536K, 20% used [0x0000000085600000,0x0000000086308c20,0x0000000089600000)
 Metaspace       used 34590K, capacity 35090K, committed 35416K, reserved 1081344K
  class space    used 4129K, capacity 4269K, committed 4352K, reserved 1048576K
Event: 3.608 GC heap after
Heap after GC invocations=10 (full 2):
 PSYoungGen      total 197120K, used 0K [0x00000000d7200000, 0x00000000e4f80000, 0x0000000100000000)
  eden space 184832K, 0% used [0x00000000d7200000,0x00000000d7200000,0x00000000e2680000)
  from space 12288K, 0% used [0x00000000e3380000,0x00000000e3380000,0x00000000e3f80000)
  to   space 13312K, 0% used [0x00000000e2680000,0x00000000e2680000,0x00000000e3380000)
 ParOldGen       total 97280K, used 20591K [0x0000000085600000, 0x000000008b500000, 0x00000000d7200000)
  object space 97280K, 21% used [0x0000000085600000,0x0000000086a1bc38,0x000000008b500000)
 Metaspace       used 34590K, capacity 35090K, committed 35416K, reserved 1081344K
  class space    used 4129K, capacity 4269K, committed 4352K, reserved 1048576K
}

Deoptimization events (10 events):
Event: 213.908 Thread 0x00007fd318092800 Uncommon trap: reason=unhandled action=none pc=0x00007fd38d8b74e4 method=java.lang.Class.getMethod(Ljava/lang/String;[Ljava/lang/Class;)Ljava/lang/reflect/Method; @ 61
Event: 213.908 Thread 0x00007fd318094000 Uncommon trap: reason=unhandled action=none pc=0x00007fd38d8b74e4 method=java.lang.Class.getMethod(Ljava/lang/String;[Ljava/lang/Class;)Ljava/lang/reflect/Method; @ 61
Event: 213.913 Thread 0x00007fd318092800 Uncommon trap: reason=unhandled action=none pc=0x00007fd38d54fb50 method=java.net.URLClassLoader.findClass(Ljava/lang/String;)Ljava/lang/Class; @ 44
Event: 213.917 Thread 0x00007fd318093000 Uncommon trap: reason=unstable_if action=reinterpret pc=0x00007fd38db6c754 method=java.util.TreeMap.put(Ljava/lang/Object;Ljava/lang/Object;)Ljava/lang/Object; @ 90
Event: 213.922 Thread 0x00007fd318092800 Uncommon trap: reason=unhandled action=none pc=0x00007fd38d54fb50 method=java.net.URLClassLoader.findClass(Ljava/lang/String;)Ljava/lang/Class; @ 44
Event: 213.964 Thread 0x00007fd318093000 Uncommon trap: reason=speculate_class_check action=maybe_recompile pc=0x00007fd38d176848 method=org.mortbay.io.AbstractBuffer.put(B)V @ 8
Event: 213.964 Thread 0x00007fd318093000 Uncommon trap: reason=speculate_class_check action=maybe_recompile pc=0x00007fd38d176848 method=org.mortbay.io.AbstractBuffer.put(B)V @ 8
Event: 213.964 Thread 0x00007fd318093000 Uncommon trap: reason=speculate_class_check action=maybe_recompile pc=0x00007fd38d176848 method=org.mortbay.io.AbstractBuffer.put(B)V @ 8
Event: 213.964 Thread 0x00007fd318093000 Uncommon trap: reason=speculate_class_check action=maybe_recompile pc=0x00007fd38d176848 method=org.mortbay.io.AbstractBuffer.put(B)V @ 8
Event: 214.025 Thread 0x00007fd318092800 Uncommon trap: reason=unstable_if action=reinterpret pc=0x00007fd38ddd0030 method=java.math.BigInteger.multiplyToLen([II[II[I)[I @ 12

Classes redefined (5 events):
Event: 44.071 Thread 0x00007fd39c084000 redefined class name=com.xx.task.TestTask, count=1
Event: 154.195 Thread 0x00007fd39c084000 redefined class name=com.xx.task.TestTask, count=2
Event: 202.171 Thread 0x00007fd39c084000 redefined class name=com.xx.task.TestTask, count=3
Event: 248.669 Thread 0x00007fd39c084000 redefined class name=com.xx.task.TestTask, count=4
Event: 275.300 Thread 0x00007fd39c084000 redefined class name=com.xx.task.TestTask, count=5

Internal exceptions (10 events):
Event: 212.332 Thread 0x00007fd39cff8800 Exception <a 'java/lang/ArrayIndexOutOfBoundsException': 46> (0x00000000daee5278) thrown at [/build/java8-openjdk/src/jdk8u-jdk8u202-b26/hotspot/src/share/vm/interpreter/interpreterRuntime.cpp, line 368]
Event: 212.332 Thread 0x00007fd39cff8800 Exception <a 'java/lang/ArrayIndexOutOfBoundsException': 40> (0x00000000daee6498) thrown at [/build/java8-openjdk/src/jdk8u-jdk8u202-b26/hotspot/src/share/vm/interpreter/interpreterRuntime.cpp, line 368]
Event: 212.333 Thread 0x00007fd39cff8800 Exception <a 'java/lang/ClassNotFoundException': javax/servlet/jsp/PageContextCustomizer> (0x00000000daefca88) thrown at [/build/java8-openjdk/src/jdk8u-jdk8u202-b26/hotspot/src/share/vm/classfile/systemDictionary.cpp, line 210]
Event: 212.334 Thread 0x00007fd39cff8800 Exception <a 'java/lang/ClassNotFoundException': org/apache/jasper/runtime/PageContextImplCustomizer> (0x00000000daf23f78) thrown at [/build/java8-openjdk/src/jdk8u-jdk8u202-b26/hotspot/src/share/vm/classfile/systemDictionary.cpp, line 210]
Event: 212.335 Thread 0x00007fd39cff8800 Exception <a 'java/lang/ArrayIndexOutOfBoundsException': 46> (0x00000000daf3ae40) thrown at [/build/java8-openjdk/src/jdk8u-jdk8u202-b26/hotspot/src/share/vm/interpreter/interpreterRuntime.cpp, line 368]
Event: 212.336 Thread 0x00007fd39cff8800 Exception <a 'java/lang/ClassNotFoundException': org/mortbay/jetty/RequestBeanInfo> (0x00000000daf6b190) thrown at [/build/java8-openjdk/src/jdk8u-jdk8u202-b26/hotspot/src/share/vm/classfile/systemDictionary.cpp, line 210]
Event: 212.337 Thread 0x00007fd39cff8800 Exception <a 'java/lang/ClassNotFoundException': org/mortbay/jetty/RequestCustomizer> (0x00000000daf7ba70) thrown at [/build/java8-openjdk/src/jdk8u-jdk8u202-b26/hotspot/src/share/vm/classfile/systemDictionary.cpp, line 210]
Event: 212.752 Thread 0x00007fd318018800 Exception <a 'java/io/FileNotFoundException'> (0x00000000db1c14f0) thrown at [/build/java8-openjdk/src/jdk8u-jdk8u202-b26/hotspot/src/share/vm/prims/jni.cpp, line 710]
Event: 212.752 Thread 0x00007fd318018800 Exception <a 'java/io/FileNotFoundException'> (0x00000000db1c2058) thrown at [/build/java8-openjdk/src/jdk8u-jdk8u202-b26/hotspot/src/share/vm/prims/jni.cpp, line 710]
Event: 214.025 Thread 0x00007fd318092800 Implicit null exception at 0x00007fd38ddcf6cf to 0x00007fd38ddd0001

Events (10 events):
Event: 286.824 Executing VM operation: GetCurrentContendedMonitor done
Event: 286.825 Executing VM operation: GetCurrentContendedMonitor
Event: 286.825 Executing VM operation: GetCurrentContendedMonitor done
Event: 286.825 Executing VM operation: GetOwnedMonitorInfo
Event: 286.825 Executing VM operation: GetOwnedMonitorInfo done
Event: 286.883 Executing VM operation: GetOwnedMonitorInfo
Event: 286.883 Executing VM operation: GetOwnedMonitorInfo done
Event: 286.884 Executing VM operation: GetCurrentContendedMonitor
Event: 286.884 Executing VM operation: GetCurrentContendedMonitor done
Event: 286.887 Executing VM operation: GetOrSetLocal


Dynamic libraries:
85600000-8b500000 rw-p 00000000 00:00 0 
8b500000-d7200000 ---p 00000000 00:00 0 
d7200000-e4f80000 rw-p 00000000 00:00 0 
e4f80000-100000000 ---p 00000000 00:00 0 
100000000-100540000 rw-p 00000000 00:00 0 
100540000-140000000 ---p 00000000 00:00 0 
556e6f082000-556e6f083000 r--p 00000000 08:02 45615471                   /usr/lib/jvm/java-8-openjdk/jre/bin/java
556e6f083000-556e6f084000 r-xp 00001000 08:02 45615471                   /usr/lib/jvm/java-8-openjdk/jre/bin/java
556e6f084000-556e6f085000 r--p 00002000 08:02 45615471                   /usr/lib/jvm/java-8-openjdk/jre/bin/java
556e6f085000-556e6f086000 r--p 00002000 08:02 45615471                   /usr/lib/jvm/java-8-openjdk/jre/bin/java
556e6f086000-556e6f087000 rw-p 00003000 08:02 45615471                   /usr/lib/jvm/java-8-openjdk/jre/bin/java
556e6f9e2000-556e6fa03000 rw-p 00000000 00:00 0                          [heap]
7fd300000000-7fd300021000 rw-p 00000000 00:00 0 
7fd300021000-7fd304000000 ---p 00000000 00:00 0 
7fd304000000-7fd304021000 rw-p 00000000 00:00 0 
7fd304021000-7fd308000000 ---p 00000000 00:00 0 
7fd308000000-7fd308021000 rw-p 00000000 00:00 0 
7fd308021000-7fd30c000000 ---p 00000000 00:00 0 
7fd30c000000-7fd30c0e5000 rw-p 00000000 00:00 0 
7fd30c0e5000-7fd310000000 ---p 00000000 00:00 0 
7fd310000000-7fd3102c1000 rw-p 00000000 00:00 0 
7fd3102c1000-7fd314000000 ---p 00000000 00:00 0 
7fd314000000-7fd314021000 rw-p 00000000 00:00 0 
7fd314021000-7fd318000000 ---p 00000000 00:00 0 
7fd318000000-7fd3180b8000 rw-p 00000000 00:00 0 
7fd3180b8000-7fd31c000000 ---p 00000000 00:00 0 
7fd31c000000-7fd31c021000 rw-p 00000000 00:00 0 
7fd31c021000-7fd320000000 ---p 00000000 00:00 0 
7fd320000000-7fd320021000 rw-p 00000000 00:00 0 
7fd320021000-7fd324000000 ---p 00000000 00:00 0 
7fd324000000-7fd3242fa000 rw-p 00000000 00:00 0 
7fd3242fa000-7fd328000000 ---p 00000000 00:00 0 
7fd328000000-7fd328d99000 rw-p 00000000 00:00 0 
7fd328d99000-7fd32c000000 ---p 00000000 00:00 0 
7fd32c000000-7fd32c021000 rw-p 00000000 00:00 0 
7fd32c021000-7fd330000000 ---p 00000000 00:00 0 
7fd330000000-7fd3333c2000 rw-p 00000000 00:00 0 
7fd3333c2000-7fd334000000 ---p 00000000 00:00 0 
7fd334000000-7fd3360e2000 rw-p 00000000 00:00 0 
7fd3360e2000-7fd338000000 ---p 00000000 00:00 0 
7fd338000000-7fd338021000 rw-p 00000000 00:00 0 
7fd338021000-7fd33c000000 ---p 00000000 00:00 0 
7fd33c000000-7fd33e187000 rw-p 00000000 00:00 0 
7fd33e187000-7fd340000000 ---p 00000000 00:00 0 
7fd340000000-7fd340040000 rw-p 00000000 00:00 0 
7fd340040000-7fd344000000 ---p 00000000 00:00 0 
7fd344000000-7fd344021000 rw-p 00000000 00:00 0 
7fd344021000-7fd348000000 ---p 00000000 00:00 0 
7fd348000000-7fd348021000 rw-p 00000000 00:00 0 
7fd348021000-7fd34c000000 ---p 00000000 00:00 0 
7fd34c000000-7fd34c021000 rw-p 00000000 00:00 0 
7fd34c021000-7fd350000000 ---p 00000000 00:00 0 
7fd350000000-7fd35003b000 rw-p 00000000 00:00 0 
7fd35003b000-7fd354000000 ---p 00000000 00:00 0 
7fd354000000-7fd354021000 rw-p 00000000 00:00 0 
7fd354021000-7fd358000000 ---p 00000000 00:00 0 
7fd358000000-7fd358021000 rw-p 00000000 00:00 0 
7fd358021000-7fd35c000000 ---p 00000000 00:00 0 
7fd35c000000-7fd35c021000 rw-p 00000000 00:00 0 
7fd35c021000-7fd360000000 ---p 00000000 00:00 0 
7fd360000000-7fd360021000 rw-p 00000000 00:00 0 
7fd360021000-7fd364000000 ---p 00000000 00:00 0 
7fd368000000-7fd368021000 rw-p 00000000 00:00 0 
7fd368021000-7fd36c000000 ---p 00000000 00:00 0 
7fd370000000-7fd370021000 rw-p 00000000 00:00 0 
7fd370021000-7fd374000000 ---p 00000000 00:00 0 
7fd374fff000-7fd378000000 rw-p 00000000 00:00 0 
7fd378000000-7fd378021000 rw-p 00000000 00:00 0 
7fd378021000-7fd37c000000 ---p 00000000 00:00 0 
7fd37c295000-7fd37c29e000 r--p 00000000 08:02 45615525                   /usr/lib/jvm/java-8-openjdk/jre/lib/amd64/libsunec.so
7fd37c29e000-7fd37c2c2000 r-xp 00009000 08:02 45615525                   /usr/lib/jvm/java-8-openjdk/jre/lib/amd64/libsunec.so
7fd37c2c2000-7fd37c2ce000 r--p 0002d000 08:02 45615525                   /usr/lib/jvm/java-8-openjdk/jre/lib/amd64/libsunec.so
7fd37c2ce000-7fd37c2cf000 ---p 00039000 08:02 45615525                   /usr/lib/jvm/java-8-openjdk/jre/lib/amd64/libsunec.so
7fd37c2cf000-7fd37c2d4000 r--p 00039000 08:02 45615525                   /usr/lib/jvm/java-8-openjdk/jre/lib/amd64/libsunec.so
7fd37c2d4000-7fd37c2d5000 rw-p 0003e000 08:02 45615525                   /usr/lib/jvm/java-8-openjdk/jre/lib/amd64/libsunec.so
7fd37c2d5000-7fd37c2d8000 ---p 00000000 00:00 0 
7fd37c2d8000-7fd37c3d6000 rw-p 00000000 00:00 0 
7fd37c3d6000-7fd37c3d9000 ---p 00000000 00:00 0 
7fd37c3d9000-7fd37c4d7000 rw-p 00000000 00:00 0 
7fd37c4d7000-7fd37c4dc000 r-xp 00000000 08:02 44570390                   /usr/lib/libXdmcp.so.6.0.0
7fd37c4dc000-7fd37c6db000 ---p 00005000 08:02 44570390                   /usr/lib/libXdmcp.so.6.0.0
7fd37c6db000-7fd37c6dc000 r--p 00004000 08:02 44570390                   /usr/lib/libXdmcp.so.6.0.0
7fd37c6dc000-7fd37c6dd000 rw-p 00005000 08:02 44570390                   /usr/lib/libXdmcp.so.6.0.0
7fd37c6dd000-7fd37c6e9000 r--p 00000000 08:02 44570711                   /usr/lib/libxcb.so.1.1.0
7fd37c6e9000-7fd37c6fc000 r-xp 0000c000 08:02 44570711                   /usr/lib/libxcb.so.1.1.0
7fd37c6fc000-7fd37c705000 r--p 0001f000 08:02 44570711                   /usr/lib/libxcb.so.1.1.0
7fd37c705000-7fd37c706000 r--p 00027000 08:02 44570711                   /usr/lib/libxcb.so.1.1.0
7fd37c706000-7fd37c707000 rw-p 00028000 08:02 44570711                   /usr/lib/libxcb.so.1.1.0
7fd37c707000-7fd37c70a000 r--p 00000000 08:02 44578968                   /usr/lib/libXi.so.6.1.0
7fd37c70a000-7fd37c715000 r-xp 00003000 08:02 44578968                   /usr/lib/libXi.so.6.1.0
7fd37c715000-7fd37c718000 r--p 0000e000 08:02 44578968                   /usr/lib/libXi.so.6.1.0
7fd37c718000-7fd37c719000 r--p 00010000 08:02 44578968                   /usr/lib/libXi.so.6.1.0
7fd37c719000-7fd37c71a000 rw-p 00011000 08:02 44578968                   /usr/lib/libXi.so.6.1.0
7fd37c71a000-7fd37c71c000 r--p 00000000 08:02 44578978                   /usr/lib/libXtst.so.6.1.0
7fd37c71c000-7fd37c71f000 r-xp 00002000 08:02 44578978                   /usr/lib/libXtst.so.6.1.0
7fd37c71f000-7fd37c720000 r--p 00005000 08:02 44578978                   /usr/lib/libXtst.so.6.1.0
7fd37c720000-7fd37c721000 ---p 00006000 08:02 44578978                   /usr/lib/libXtst.so.6.1.0
7fd37c721000-7fd37c722000 r--p 00006000 08:02 44578978                   /usr/lib/libXtst.so.6.1.0
7fd37c722000-7fd37c723000 rw-p 00007000 08:02 44578978                   /usr/lib/libXtst.so.6.1.0
7fd37c723000-7fd37c725000 r--p 00000000 08:02 44578975                   /usr/lib/libXrender.so.1.3.0
7fd37c725000-7fd37c72c000 r-xp 00002000 08:02 44578975                   /usr/lib/libXrender.so.1.3.0
7fd37c72c000-7fd37c72e000 r--p 00009000 08:02 44578975                   /usr/lib/libXrender.so.1.3.0
7fd37c72e000-7fd37c72f000 r--p 0000a000 08:02 44578975                   /usr/lib/libXrender.so.1.3.0
7fd37c72f000-7fd37c730000 rw-p 0000b000 08:02 44578975                   /usr/lib/libXrender.so.1.3.0
7fd37c730000-7fd37c74c000 r--p 00000000 08:02 44570387                   /usr/lib/libX11.so.6.3.0
7fd37c74c000-7fd37c7d4000 r-xp 0001c000 08:02 44570387                   /usr/lib/libX11.so.6.3.0
7fd37c7d4000-7fd37c868000 r--p 000a4000 08:02 44570387                   /usr/lib/libX11.so.6.3.0
7fd37c868000-7fd37c86b000 r--p 00137000 08:02 44570387                   /usr/lib/libX11.so.6.3.0
7fd37c86b000-7fd37c86f000 rw-p 0013a000 08:02 44570387                   /usr/lib/libX11.so.6.3.0
7fd37c86f000-7fd37c880000 r-xp 00000000 08:02 44570391                   /usr/lib/libXext.so.6.4.0
7fd37c880000-7fd37ca7f000 ---p 00011000 08:02 44570391                   /usr/lib/libXext.so.6.4.0
7fd37ca7f000-7fd37ca80000 r--p 00010000 08:02 44570391                   /usr/lib/libXext.so.6.4.0
7fd37ca80000-7fd37ca81000 rw-p 00011000 08:02 44570391                   /usr/lib/libXext.so.6.4.0
7fd37ca81000-7fd37ca91000 r--p 00000000 08:02 45615498                   /usr/lib/jvm/java-8-openjdk/jre/lib/amd64/libawt_xawt.so
7fd37ca91000-7fd37caca000 r-xp 00010000 08:02 45615498                   /usr/lib/jvm/java-8-openjdk/jre/lib/amd64/libawt_xawt.so
7fd37caca000-7fd37cadb000 r--p 00049000 08:02 45615498                   /usr/lib/jvm/java-8-openjdk/jre/lib/amd64/libawt_xawt.so
7fd37cadb000-7fd37cadc000 ---p 0005a000 08:02 45615498                   /usr/lib/jvm/java-8-openjdk/jre/lib/amd64/libawt_xawt.so
7fd37cadc000-7fd37cadd000 r--p 0005a000 08:02 45615498                   /usr/lib/jvm/java-8-openjdk/jre/lib/amd64/libawt_xawt.so
7fd37cadd000-7fd37cadf000 rw-p 0005b000 08:02 45615498                   /usr/lib/jvm/java-8-openjdk/jre/lib/amd64/libawt_xawt.so
7fd37cadf000-7fd37cae1000 rw-p 00000000 00:00 0 
7fd37cae1000-7fd37cb0e000 r--p 00000000 08:02 45615496                   /usr/lib/jvm/java-8-openjdk/jre/lib/amd64/libawt.so
7fd37cb0e000-7fd37cb74000 r-xp 0002d000 08:02 45615496                   /usr/lib/jvm/java-8-openjdk/jre/lib/amd64/libawt.so
7fd37cb74000-7fd37cb80000 r--p 00093000 08:02 45615496                   /usr/lib/jvm/java-8-openjdk/jre/lib/amd64/libawt.so
7fd37cb80000-7fd37cb81000 ---p 0009f000 08:02 45615496                   /usr/lib/jvm/java-8-openjdk/jre/lib/amd64/libawt.so
7fd37cb81000-7fd37cb82000 r--p 0009f000 08:02 45615496                   /usr/lib/jvm/java-8-openjdk/jre/lib/amd64/libawt.so
7fd37cb82000-7fd37cb8d000 rw-p 000a0000 08:02 45615496                   /usr/lib/jvm/java-8-openjdk/jre/lib/amd64/libawt.so
7fd37cb8d000-7fd37cdb2000 rw-p 00000000 00:00 0 
7fd37cdb2000-7fd37cdb5000 ---p 00000000 00:00 0 
7fd37cdb5000-7fd37d0b3000 rw-p 00000000 00:00 0 
7fd37d0b3000-7fd37d0b6000 ---p 00000000 00:00 0 
7fd37d0b6000-7fd37d1b4000 rw-p 00000000 00:00 0 
7fd37d1b4000-7fd37d1b7000 ---p 00000000 00:00 0 
7fd37d1b7000-7fd37d4b5000 rw-p 00000000 00:00 0 
7fd37d4b5000-7fd37d6b5000 rw-p 00000000 00:00 0 
7fd37d6b5000-7fd37d8b5000 rw-p 00000000 00:00 0 
7fd37d8b8000-7fd37d8b9000 r--p 00000000 08:02 44570388                   /usr/lib/libXau.so.6.0.0
7fd37d8b9000-7fd37d8ba000 r-xp 00001000 08:02 44570388                   /usr/lib/libXau.so.6.0.0
7fd37d8ba000-7fd37d8bb000 r--p 00002000 08:02 44570388                   /usr/lib/libXau.so.6.0.0
7fd37d8bb000-7fd37d8bc000 r--p 00002000 08:02 44570388                   /usr/lib/libXau.so.6.0.0
7fd37d8bc000-7fd37d8bd000 rw-p 00003000 08:02 44570388                   /usr/lib/libXau.so.6.0.0
7fd37d8ce000-7fd37d8d3000 r--s 0003c000 08:02 45615544                   /usr/lib/jvm/java-8-openjdk/jre/lib/ext/sunjce_provider.jar
7fd37d8d3000-7fd37d8d6000 r--p 00000000 08:02 44570480                   /usr/lib/libgcc_s.so.1
7fd37d8d6000-7fd37d8e7000 r-xp 00003000 08:02 44570480                   /usr/lib/libgcc_s.so.1
7fd37d8e7000-7fd37d8ea000 r--p 00014000 08:02 44570480                   /usr/lib/libgcc_s.so.1
7fd37d8ea000-7fd37d8eb000 ---p 00017000 08:02 44570480                   /usr/lib/libgcc_s.so.1
7fd37d8eb000-7fd37d8ec000 r--p 00017000 08:02 44570480                   /usr/lib/libgcc_s.so.1
7fd37d8ec000-7fd37d8ed000 rw-p 00018000 08:02 44570480                   /usr/lib/libgcc_s.so.1
7fd37d8ed000-7fd37d8ef000 r--s 00008000 08:02 45615543                   /usr/lib/jvm/java-8-openjdk/jre/lib/ext/sunec.jar
7fd37d8ef000-7fd37d8f2000 r--s 00038000 08:02 45615545                   /usr/lib/jvm/java-8-openjdk/jre/lib/ext/sunpkcs11.jar
7fd37d8f2000-7fd37d8f4000 r--s 00016000 08:02 45615486                   /usr/lib/jvm/java-8-openjdk/jre/lib/jce.jar
7fd37d8f4000-7fd37d8f7000 ---p 00000000 00:00 0 
7fd37d8f7000-7fd37dbf5000 rw-p 00000000 00:00 0 
7fd37dbf5000-7fd37dbfa000 r--s 002f9000 08:02 45615482                   /usr/lib/jvm/java-8-openjdk/jre/lib/charsets.jar
7fd37dbfa000-7fd37ddfa000 rw-p 00000000 00:00 0 
7fd37ddfa000-7fd37dffa000 rw-p 00000000 00:00 0 
7fd37dffa000-7fd37e1fa000 rw-p 00000000 00:00 0 
7fd37e1fa000-7fd37e1fd000 ---p 00000000 00:00 0 
7fd37e1fd000-7fd37e4fb000 rw-p 00000000 00:00 0 
7fd37e4fb000-7fd37e502000 r--s 0003a000 08:02 35521203                   /home/zhuwj/soft/repository_core/commons-codec/commons-codec/1.9/commons-codec-1.9.jar
7fd37e502000-7fd37e506000 r--s 0002a000 08:02 35521214                   /home/zhuwj/soft/repository_core/commons-io/commons-io/2.4/commons-io-2.4.jar
7fd37e506000-7fd37e508000 r--s 0000f000 08:02 35389811                   /home/zhuwj/soft/repository_core/commons-fileupload/commons-fileupload/1.3.1/commons-fileupload-1.3.1.jar
7fd37e508000-7fd37e50b000 r--s 00008000 08:02 35390320                   /home/zhuwj/soft/repository_core/org/eclipse/jetty/websocket/websocket-api/9.4.9.v20180320/websocket-api-9.4.9.v20180320.jar
7fd37e50b000-7fd37e50f000 r--s 0002c000 08:02 35390340                   /home/zhuwj/soft/repository_core/org/eclipse/jetty/websocket/websocket-common/9.4.9.v20180320/websocket-common-9.4.9.v20180320.jar
7fd37e50f000-7fd37e512000 r--s 0001e000 08:02 35390365                   /home/zhuwj/soft/repository_core/org/eclipse/jetty/jetty-io/9.4.9.v20180320/jetty-io-9.4.9.v20180320.jar
7fd37e512000-7fd37e51a000 r--s 00071000 08:02 35390294                   /home/zhuwj/soft/repository_core/org/eclipse/jetty/jetty-util/9.4.9.v20180320/jetty-util-9.4.9.v20180320.jar
7fd37e51a000-7fd37e51b000 r--s 0000c000 08:02 35390304                   /home/zhuwj/soft/repository_core/org/eclipse/jetty/jetty-xml/9.4.9.v20180320/jetty-xml-9.4.9.v20180320.jar
7fd37e51b000-7fd37e51e000 r--s 00027000 08:02 35390355                   /home/zhuwj/soft/repository_core/org/eclipse/jetty/jetty-http/9.4.9.v20180320/jetty-http-9.4.9.v20180320.jar
7fd37e51e000-7fd37e524000 r--s 0003f000 08:02 35390284                   /home/zhuwj/soft/repository_core/org/eclipse/jetty/jetty-client/9.4.9.v20180320/jetty-client-9.4.9.v20180320.jar
7fd37e524000-7fd37e526000 r--s 00007000 08:02 35390330                   /home/zhuwj/soft/repository_core/org/eclipse/jetty/websocket/websocket-client/9.4.9.v20180320/websocket-client-9.4.9.v20180320.jar
7fd37e526000-7fd37e52c000 r--s 00046000 08:02 35389784                   /home/zhuwj/soft/repository_core/commons-net/commons-net/3.6/commons-net-3.6.jar
7fd37e52c000-7fd37e52e000 r--s 0000e000 08:02 35389684                   /home/zhuwj/soft/repository_core/commons-logging/commons-logging/1.2/commons-logging-1.2.jar
7fd37e52e000-7fd37e532000 r--s 00030000 08:02 35521316                   /home/zhuwj/soft/repository_core/net/sourceforge/htmlunit/htmlunit-cssparser/1.0.0/htmlunit-cssparser-1.0.0.jar
7fd37e532000-7fd37e53b000 r--s 0002d000 08:02 35521035                   /home/zhuwj/soft/repository_core/xml-apis/xml-apis/1.4.01/xml-apis-1.4.01.jar
7fd37e53b000-7fd37e554000 r--s 00135000 08:02 35389763                   /home/zhuwj/soft/repository_core/xerces/xercesImpl/2.11.0/xercesImpl-2.11.0.jar
7fd37e554000-7fd37e556000 r--s 0001d000 08:02 35521306                   /home/zhuwj/soft/repository_core/net/sourceforge/htmlunit/neko-htmlunit/2.30/neko-htmlunit-2.30.jar
7fd37e556000-7fd37e564000 r--s 00125000 08:02 35521296                   /home/zhuwj/soft/repository_core/net/sourceforge/htmlunit/htmlunit-core-js/2.28/htmlunit-core-js-2.28.jar
7fd37e564000-7fd37e56b000 r--s 00049000 08:02 35520737                   /home/zhuwj/soft/repository_core/org/apache/httpcomponents/httpcore/4.4.9/httpcore-4.4.9.jar
7fd37e56b000-7fd37e579000 r--s 000ae000 08:02 35520717                   /home/zhuwj/soft/repository_core/org/apache/httpcomponents/httpclient/4.5.5/httpclient-4.5.5.jar
7fd37e579000-7fd37e57b000 r--s 00009000 08:02 35520769                   /home/zhuwj/soft/repository_core/org/apache/httpcomponents/httpmime/4.5.5/httpmime-4.5.5.jar
7fd37e57b000-7fd37e57f000 r--s 00029000 08:02 35520594                   /home/zhuwj/soft/repository_core/org/apache/commons/commons-text/1.3/commons-text-1.3.jar
7fd37e57f000-7fd37e587000 r--s 00072000 08:02 35520526                   /home/zhuwj/soft/repository_core/org/apache/commons/commons-lang3/3.7/commons-lang3-3.7.jar
7fd37e587000-7fd37e58b000 r--s 00040000 08:02 35389626                   /home/zhuwj/soft/repository_core/xalan/serializer/2.7.2/serializer-2.7.2.jar
7fd37e58b000-7fd37e5b0000 r--s 002de000 08:02 35389616                   /home/zhuwj/soft/repository_core/xalan/xalan/2.7.2/xalan-2.7.2.jar
7fd37e5b0000-7fd37e5d8000 r--s 001cc000 08:02 35521286                   /home/zhuwj/soft/repository_core/net/sourceforge/htmlunit/htmlunit/2.30/htmlunit-2.30.jar
7fd37e5d8000-7fd37e5e7000 r--s 000b0000 08:02 35389917                   /home/zhuwj/soft/repository_core/org/codehaus/jackson/jackson-mapper-asl/1.9.12/jackson-mapper-asl-1.9.12.jar
7fd37e5e7000-7fd37e5eb000 r--s 00035000 08:02 35389933                   /home/zhuwj/soft/repository_core/org/codehaus/jackson/jackson-core-asl/1.9.12/jackson-core-asl-1.9.12.jar
7fd37e5eb000-7fd37e5f1000 r--s 00052000 08:02 35389489                   /home/zhuwj/soft/repository_core/com/alibaba/fastjson/1.1.41/fastjson-1.1.41.jar
7fd37e5f1000-7fd37e5fa000 r--s 0006f000 08:02 35389729                   /home/zhuwj/soft/repository_core/log4j/log4j/1.2.17/log4j-1.2.17.jar
7fd37e5fa000-7fd37e5fb000 r--s 00002000 08:02 35390212                   /home/zhuwj/soft/repository_core/org/slf4j/slf4j-log4j12/1.5.8/slf4j-log4j12-1.5.8.jar
7fd37e5fb000-7fd37e5fc000 r--s 00005000 08:02 35390254                   /home/zhuwj/soft/repository_core/org/slf4j/slf4j-api/1.5.8/slf4j-api-1.5.8.jar
7fd37e5fc000-7fd37e614000 r--s 001d3000 08:02 35389857                   /home/zhuwj/soft/repository_core/mysql/mysql-connector-java/8.0.8-dmr/mysql-connector-java-8.0.8-dmr.jar
7fd37e614000-7fd37e648000 r--s 001a4000 08:02 35389528                   /home/zhuwj/soft/repository_core/javax/javaee-api/7.0/javaee-api-7.0.jar
7fd37e648000-7fd37e64b000 ---p 00000000 00:00 0 
7fd37e64b000-7fd37e749000 rw-p 00000000 00:00 0 
7fd37e749000-7fd37e74c000 ---p 00000000 00:00 0 
7fd37e74c000-7fd37ea4a000 rw-p 00000000 00:00 0 
7fd37ea4a000-7fd37ec4a000 rw-p 00000000 00:00 0 
7fd37ec4a000-7fd37ec4c000 r--s 0000d000 08:02 35390186                   /home/zhuwj/soft/repository_core/org/codehaus/plexus/plexus-interpolation/1.13/plexus-interpolation-1.13.jar
7fd37ec4c000-7fd37ec4d000 r--s 00001000 08:02 35390563                   /home/zhuwj/soft/repository_core/org/sonatype/plexus/plexus-build-api/0.0.4/plexus-build-api-0.0.4.jar
7fd37ec4d000-7fd37ec4f000 r--s 00009000 08:02 35390790                   /home/zhuwj/soft/repository_core/org/apache/maven/shared/maven-filtering/1.1/maven-filtering-1.1.jar
7fd37ec4f000-7fd37ec53000 r--s 00033000 08:02 35390008                   /home/zhuwj/soft/repository_core/org/codehaus/plexus/plexus-utils/2.0.5/plexus-utils-2.0.5.jar
7fd37ec53000-7fd37ec56000 r--s 0001b000 08:02 35389578                   /home/zhuwj/soft/repository_core/junit/junit/3.8.1/junit-3.8.1.jar
7fd37ec56000-7fd37ec58000 r--s 00002000 08:02 35390108                   /home/zhuwj/soft/repository_core/org/codehaus/plexus/plexus-interactivity-api/1.0-alpha-4/plexus-interactivity-api-1.0-alpha-4.jar
7fd37ec58000-7fd37ec5a000 r--s 00006000 08:02 35389803                   /home/zhuwj/soft/repository_core/commons-cli/commons-cli/1.0/commons-cli-1.0.jar
7fd37ec5a000-7fd37ec5b000 r--s 00001000 08:02 35390641                   /home/zhuwj/soft/repository_core/org/apache/maven/doxia/doxia-sink-api/1.0-alpha-7/doxia-sink-api-1.0-alpha-7.jar
7fd37ec5b000-7fd37ec5c000 r--s 00002000 08:02 35391322                   /home/zhuwj/soft/repository_core/org/apache/maven/reporting/maven-reporting-api/2.0.6/maven-reporting-api-2.0.6.jar
7fd37ec5c000-7fd37ec5e000 r--s 00003000 08:02 35390227                   /home/zhuwj/soft/repository_core/org/slf4j/jcl-over-slf4j/1.5.8/jcl-over-slf4j-1.5.8.jar
7fd37ec5e000-7fd37ec68000 r--s 0005c000 08:02 35521249                   /home/zhuwj/soft/repository_core/jstl/jstl/1.2/jstl-1.2.jar
7fd37ec68000-7fd37ec6a000 r--s 0000e000 08:02 35389823                   /home/zhuwj/soft/repository_core/commons-pool/commons-pool/1.3/commons-pool-1.3.jar
7fd37ec6a000-7fd37ec6c000 r--s 0001c000 08:02 35389668                   /home/zhuwj/soft/repository_core/commons-dbcp/commons-dbcp/1.2.2/commons-dbcp-1.2.2.jar
7fd37ec6c000-7fd37ec74000 r--s 00078000 08:02 35389472                   /home/zhuwj/soft/repository_core/com/sun/mail/javax.mail/1.5.0/javax.mail-1.5.0.jar
7fd37ec74000-7fd37ec76000 r--s 0000a000 08:02 35520819                   /home/zhuwj/soft/repository_core/org/mybatis/mybatis-spring/1.2.2/mybatis-spring-1.2.2.jar
7fd37ec76000-7fd37ec83000 r--s 000a1000 08:02 35520800                   /home/zhuwj/soft/repository_core/org/mybatis/mybatis/3.2.6/mybatis-3.2.6.jar
7fd37ec83000-7fd37ec8e000 r--s 00063000 08:02 35520965                   /home/zhuwj/soft/repository_core/org/springframework/spring-test/4.0.2.RELEASE/spring-test-4.0.2.RELEASE.jar
7fd37ec8e000-7fd37ec92000 r--s 0001e000 08:02 35520997                   /home/zhuwj/soft/repository_core/org/springframework/spring-context-support/4.0.2.RELEASE/spring-context-support-4.0.2.RELEASE.jar
7fd37ec92000-7fd37ec94000 r--s 00000000 08:02 35389650                   /home/zhuwj/soft/repository_core/aopalliance/aopalliance/1.0/aopalliance-1.0.jar
7fd37ec94000-7fd37ec9d000 r--s 0004e000 08:02 35520979                   /home/zhuwj/soft/repository_core/org/springframework/spring-aop/4.0.2.RELEASE/spring-aop-4.0.2.RELEASE.jar
7fd37ec9d000-7fd37eca1000 r--s 0002e000 08:02 35520907                   /home/zhuwj/soft/repository_core/org/springframework/spring-expression/4.0.2.RELEASE/spring-expression-4.0.2.RELEASE.jar
7fd37eca1000-7fd37ecae000 r--s 00095000 08:02 35520922                   /home/zhuwj/soft/repository_core/org/springframework/spring-webmvc/4.0.2.RELEASE/spring-webmvc-4.0.2.RELEASE.jar
7fd37ecae000-7fd37ecb8000 r--s 0005d000 08:02 35520955                   /home/zhuwj/soft/repository_core/org/springframework/spring-jdbc/4.0.2.RELEASE/spring-jdbc-4.0.2.RELEASE.jar
7fd37ecb8000-7fd37ecbf000 r--s 00036000 08:02 35521017                   /home/zhuwj/soft/repository_core/org/springframework/spring-tx/4.0.2.RELEASE/spring-tx-4.0.2.RELEASE.jar
7fd37ecbf000-7fd37ecc1000 r--s 00012000 08:02 35520854                   /home/zhuwj/soft/repository_core/org/springframework/spring-oxm/4.0.2.RELEASE/spring-oxm-4.0.2.RELEASE.jar
7fd37ecc1000-7fd37ecd8000 r--s 000d7000 08:02 35520940                   /home/zhuwj/soft/repository_core/org/springframework/spring-context/4.0.2.RELEASE/spring-context-4.0.2.RELEASE.jar
7fd37ecd8000-7fd37ece5000 r--s 00097000 08:02 35520888                   /home/zhuwj/soft/repository_core/org/springframework/spring-beans/4.0.2.RELEASE/spring-beans-4.0.2.RELEASE.jar
7fd37ece5000-7fd37ecf4000 r--s 00094000 08:02 35520870                   /home/zhuwj/soft/repository_core/org/springframework/spring-web/4.0.2.RELEASE/spring-web-4.0.2.RELEASE.jar
7fd37ecf4000-7fd37ed08000 r--s 000d7000 08:02 35520835                   /home/zhuwj/soft/repository_core/org/springframework/spring-core/4.0.2.RELEASE/spring-core-4.0.2.RELEASE.jar
7fd37ed08000-7fd37ed0a000 r--s 00003000 08:02 35390490                   /home/zhuwj/soft/repository_core/org/mortbay/jetty/start/6.1.16/start-6.1.16.jar
7fd37ed0a000-7fd37ed0b000 r--s 00002000 08:02 35520646                   /home/zhuwj/soft/repository_core/org/apache/geronimo/specs/geronimo-annotation_1.0_spec/1.0/geronimo-annotation_1.0_spec-1.0.jar
7fd37ed0b000-7fd37ed0d000 r--s 00002000 08:02 35390445                   /home/zhuwj/soft/repository_core/org/mortbay/jetty/jetty-annotations/6.1.16/jetty-annotations-6.1.16.jar
7fd37ed0d000-7fd37ed1c000 r--s 000ee000 08:02 34867878                   /home/zhuwj/soft/repository_core/ant/ant/1.6.5/ant-1.6.5.jar
7fd37ed1c000-7fd37ed2d000 r--s 000ea000 08:02 35390433                   /home/zhuwj/soft/repository_core/org/mortbay/jetty/jsp-2.1-glassfish/9.1.1.B51.25.p1/jsp-2.1-glassfish-9.1.1.B51.25.p1.jar
7fd37ed2d000-7fd37ed30000 r--s 0001e000 08:02 35390483                   /home/zhuwj/soft/repository_core/org/mortbay/jetty/jsp-api-2.1-glassfish/9.1.1.B51.25.p1/jsp-api-2.1-glassfish-9.1.1.B51.25.p1.jar
7fd37ed30000-7fd37ed53000 r--s 00344000 08:02 35390410                   /home/zhuwj/soft/repository_core/org/eclipse/jdt/core/3.1.1/core-3.1.1.jar
7fd37ed53000-7fd37ed55000 r--s 00000000 08:02 35390457                   /home/zhuwj/soft/repository_core/org/mortbay/jetty/jsp-2.1-jetty/6.1.16/jsp-2.1-jetty-6.1.16.jar
7fd37ed55000-7fd37ed57000 r--s 00007000 08:02 35390497                   /home/zhuwj/soft/repository_core/org/mortbay/jetty/jetty-management/6.1.16/jetty-management-6.1.16.jar
7fd37ed57000-7fd37ed59000 r--s 0000e000 08:02 35389547                   /home/zhuwj/soft/repository_core/javax/activation/activation/1.1/activation-1.1.jar
7fd37ed59000-7fd37ed5f000 r--s 00059000 08:02 35389539                   /home/zhuwj/soft/repository_core/javax/mail/mail/1.4/mail-1.4.jar
7fd37ed5f000-7fd37ed60000 r--s 00006000 08:02 35390426                   /home/zhuwj/soft/repository_core/org/mortbay/jetty/jetty-naming/6.1.16/jetty-naming-6.1.16.jar
7fd37ed60000-7fd37ed62000 r--s 00002000 08:02 35389710                   /home/zhuwj/soft/repository_core/geronimo-spec/geronimo-spec-jta/1.0.1B-rc4/geronimo-spec-jta-1.0.1B-rc4.jar
7fd37ed62000-7fd37ed64000 r--s 0000e000 08:02 35390476                   /home/zhuwj/soft/repository_core/org/mortbay/jetty/jetty-plus/6.1.16/jetty-plus-6.1.16.jar
7fd37ed64000-7fd37ed66000 r--s 00004000 08:02 35391280                   /home/zhuwj/soft/repository_core/org/apache/maven/maven-plugin-tools-api/2.0/maven-plugin-tools-api-2.0.jar
7fd37ed66000-7fd37ed69000 r--s 00027000 08:02 35390014                   /home/zhuwj/soft/repository_core/org/codehaus/plexus/plexus-utils/1.1/plexus-utils-1.1.jar
7fd37ed69000-7fd37ed6b000 r--s 0001f000 08:02 35390464                   /home/zhuwj/soft/repository_core/org/mortbay/jetty/servlet-api/2.5-20081211/servlet-api-2.5-20081211.jar
7fd37ed6b000-7fd37ed6f000 r--s 00027000 08:02 35390504                   /home/zhuwj/soft/repository_core/org/mortbay/jetty/jetty-util/6.1.16/jetty-util-6.1.16.jar
7fd37ed6f000-7fd37ed76000 r--s 00079000 08:02 35390419                   /home/zhuwj/soft/repository_core/org/mortbay/jetty/jetty/6.1.16/jetty-6.1.16.jar
7fd37ed76000-7fd37ed78000 r--s 0000a000 08:02 35390511                   /home/zhuwj/soft/repository_core/org/mortbay/jetty/maven-jetty-plugin/6.1.16/maven-jetty-plugin-6.1.16.jar
7fd37ed78000-7fd37ed7b000 r--s 0001b000 08:02 35389584                   /home/zhuwj/soft/repository_core/junit/junit/3.8.2/junit-3.8.2.jar
7fd37ed7b000-7fd37ed89000 r--s 0008f000 08:02 35389452                   /home/zhuwj/soft/repository_core/com/google/collections/google-collections/1.0/google-collections-1.0.jar
7fd37ed89000-7fd37ed8a000 r--s 0000a000 08:02 35389702                   /home/zhuwj/soft/repository_core/commons-logging/commons-logging-api/1.1/commons-logging-api-1.1.jar
7fd37ed8a000-7fd37ed91000 r--s 00051000 08:02 35389735                   /home/zhuwj/soft/repository_core/log4j/log4j/1.2.12/log4j-1.2.12.jar
7fd37ed91000-7fd37ed95000 r--s 0001d000 08:02 35520777                   /home/zhuwj/soft/repository_core/org/apache/xbean/xbean-reflect/3.4/xbean-reflect-3.4.jar
7fd37ed95000-7fd37ed96000 r--s 00004000 08:02 35390154                   /home/zhuwj/soft/repository_core/org/codehaus/plexus/plexus-compiler-javac/2.2/plexus-compiler-javac-2.2.jar
7fd37ed96000-7fd37ed98000 r--s 00000000 08:02 35389961                   /home/zhuwj/soft/repository_core/org/codehaus/plexus/plexus-compiler-manager/2.2/plexus-compiler-manager-2.2.jar
7fd37ed98000-7fd37ed9a000 r--s 00005000 08:02 35390085                   /home/zhuwj/soft/repository_core/org/codehaus/plexus/plexus-compiler-api/2.2/plexus-compiler-api-2.2.jar
7fd37ed9a000-7fd37ed9c000 r--s 00000000 08:02 35390101                   /home/zhuwj/soft/repository_core/org/codehaus/plexus/plexus-component-annotations/1.5.5/plexus-component-annotations-1.5.5.jar
7fd37ed9c000-7fd37ed9e000 r--s 00002000 08:02 35390770                   /home/zhuwj/soft/repository_core/org/apache/maven/shared/maven-shared-incremental/1.1/maven-shared-incremental-1.1.jar
7fd37ed9e000-7fd37eda0000 r--s 00006000 08:02 35389444                   /home/zhuwj/soft/repository_core/com/google/code/findbugs/jsr305/2.0.1/jsr305-2.0.1.jar
7fd37eda0000-7fd37eda3000 r--s 00023000 08:02 35390777                   /home/zhuwj/soft/repository_core/org/apache/maven/shared/maven-shared-utils/0.1/maven-shared-utils-0.1.jar
7fd37eda3000-7fd37eda7000 r--s 00030000 08:02 35390002                   /home/zhuwj/soft/repository_core/org/codehaus/plexus/plexus-utils/1.5.1/plexus-utils-1.5.1.jar
7fd37eda7000-7fd37eda9000 r--s 00009000 08:02 35391079                   /home/zhuwj/soft/repository_core/org/apache/maven/plugins/maven-compiler-plugin/3.1/maven-compiler-plugin-3.1.jar
7fd37eda9000-7fd37edab000 r--s 00006000 08:02 35391179                   /home/zhuwj/soft/repository_core/org/apache/maven/plugins/maven-resources-plugin/2.6/maven-resources-plugin-2.6.jar
7fd37edab000-7fd37edb2000 r--p 00000000 08:02 45615520                   /usr/lib/jvm/java-8-openjdk/jre/lib/amd64/libnio.so
7fd37edb2000-7fd37edba000 r-xp 00007000 08:02 45615520                   /usr/lib/jvm/java-8-openjdk/jre/lib/amd64/libnio.so
7fd37edba000-7fd37edbd000 r--p 0000f000 08:02 45615520                   /usr/lib/jvm/java-8-openjdk/jre/lib/amd64/libnio.so
7fd37edbd000-7fd37edbe000 ---p 00012000 08:02 45615520                   /usr/lib/jvm/java-8-openjdk/jre/lib/amd64/libnio.so
7fd37edbe000-7fd37edbf000 r--p 00012000 08:02 45615520                   /usr/lib/jvm/java-8-openjdk/jre/lib/amd64/libnio.so
7fd37edbf000-7fd37edc0000 rw-p 00013000 08:02 45615520                   /usr/lib/jvm/java-8-openjdk/jre/lib/amd64/libnio.so
7fd37edc0000-7fd37edc5000 r--p 00000000 08:02 45615519                   /usr/lib/jvm/java-8-openjdk/jre/lib/amd64/libnet.so
7fd37edc5000-7fd37edd4000 r-xp 00005000 08:02 45615519                   /usr/lib/jvm/java-8-openjdk/jre/lib/amd64/libnet.so
7fd37edd4000-7fd37edd8000 r--p 00014000 08:02 45615519                   /usr/lib/jvm/java-8-openjdk/jre/lib/amd64/libnet.so
7fd37edd8000-7fd37edd9000 r--p 00017000 08:02 45615519                   /usr/lib/jvm/java-8-openjdk/jre/lib/amd64/libnet.so
7fd37edd9000-7fd37edda000 rw-p 00018000 08:02 45615519                   /usr/lib/jvm/java-8-openjdk/jre/lib/amd64/libnet.so
7fd37edda000-7fd37efda000 rw-p 00000000 00:00 0 
7fd37efda000-7fd37efde000 r--s 000a1000 08:02 45615488                   /usr/lib/jvm/java-8-openjdk/jre/lib/jsse.jar
7fd37efde000-7fd37f1de000 rw-p 00000000 00:00 0 
7fd37f1de000-7fd37f3de000 rw-p 00000000 00:00 0 
7fd37f3de000-7fd37f3e1000 r--s 00026000 08:02 34080590                   /home/zhuwj/soft/apache-maven-3.3.9/lib/maven-model-3.3.9.jar
7fd37f3e1000-7fd37f3e2000 r--s 00002000 08:02 34080635                   /home/zhuwj/soft/apache-maven-3.3.9/lib/wagon-file-2.10.jar
7fd37f3e2000-7fd37f3e5000 r--s 0000b000 08:02 34080641                   /home/zhuwj/soft/apache-maven-3.3.9/lib/wagon-provider-api-2.10.jar
7fd37f3e5000-7fd37f3ea000 r--s 0001d000 08:02 34080572                   /home/zhuwj/soft/apache-maven-3.3.9/lib/aether-api-1.0.2.v20150114.jar
7fd37f3ea000-7fd37f3ef000 r--s 00041000 08:02 34080602                   /home/zhuwj/soft/apache-maven-3.3.9/lib/commons-lang-2.6.jar
7fd37f3ef000-7fd37f3f4000 r--s 00027000 08:02 34080591                   /home/zhuwj/soft/apache-maven-3.3.9/lib/maven-model-builder-3.3.9.jar
7fd37f3f4000-7fd37f3f5000 ---p 00000000 00:00 0 
7fd37f3f5000-7fd37f4f5000 rw-p 00000000 00:00 0 
7fd37f4f5000-7fd37f4f8000 ---p 00000000 00:00 0 
7fd37f4f8000-7fd37f5f6000 rw-p 00000000 00:00 0 
7fd37f5f6000-7fd37f5f7000 ---p 00000000 00:00 0 
7fd37f5f7000-7fd37f5fa000 ---p 00000000 00:00 0 
7fd37f5fa000-7fd37f6f7000 rw-p 00000000 00:00 0 
7fd37f6f7000-7fd37f6f8000 ---p 00000000 00:00 0 
7fd37f6f8000-7fd37f6fb000 ---p 00000000 00:00 0 
7fd37f6fb000-7fd37f7f8000 rw-p 00000000 00:00 0 
7fd37f7f8000-7fd37f7f9000 ---p 00000000 00:00 0 
7fd37f7f9000-7fd37f7fc000 ---p 00000000 00:00 0 
7fd37f7fc000-7fd37f8f9000 rw-p 00000000 00:00 0 
7fd37f8f9000-7fd37f8fa000 ---p 00000000 00:00 0 
7fd37f8fa000-7fd37f8fd000 ---p 00000000 00:00 0 
7fd37f8fd000-7fd37f9fa000 rw-p 00000000 00:00 0 
7fd37f9fa000-7fd37f9fd000 ---p 00000000 00:00 0 
7fd37f9fd000-7fd37fafb000 rw-p 00000000 00:00 0 
7fd37fafb000-7fd37fafe000 ---p 00000000 00:00 0 
7fd37fafe000-7fd37fbfc000 rw-p 00000000 00:00 0 
7fd37fbfc000-7fd37fbff000 ---p 00000000 00:00 0 
7fd37fbff000-7fd37fcfd000 rw-p 00000000 00:00 0 
7fd37fcfd000-7fd37fd00000 ---p 00000000 00:00 0 
7fd37fd00000-7fd37fdfe000 rw-p 00000000 00:00 0 
7fd37fdfe000-7fd37fe01000 ---p 00000000 00:00 0 
7fd37fe01000-7fd37feff000 rw-p 00000000 00:00 0 
7fd37feff000-7fd37ff02000 ---p 00000000 00:00 0 
7fd37ff02000-7fd380000000 rw-p 00000000 00:00 0 
7fd380000000-7fd380021000 rw-p 00000000 00:00 0 
7fd380021000-7fd384000000 ---p 00000000 00:00 0 
7fd384000000-7fd384002000 r--s 00000000 08:02 34080626                   /home/zhuwj/soft/apache-maven-3.3.9/lib/plexus-component-annotations-1.6.jar
7fd384002000-7fd384004000 r--s 00005000 08:02 34080580                   /home/zhuwj/soft/apache-maven-3.3.9/lib/aether-transport-wagon-1.0.2.v20150114.jar
7fd384004000-7fd384005000 r--s 00002000 08:02 34080633                   /home/zhuwj/soft/apache-maven-3.3.9/lib/slf4j-simple-1.7.5.jar
7fd384005000-7fd384007000 r--s 00006000 08:02 34080578                   /home/zhuwj/soft/apache-maven-3.3.9/lib/aether-spi-1.0.2.v20150114.jar
7fd384007000-7fd384008000 r--s 00000000 08:02 34080607                   /home/zhuwj/soft/apache-maven-3.3.9/lib/javax.inject-1.jar
7fd384008000-7fd384036000 r--s 001fa000 08:02 34080637                   /home/zhuwj/soft/apache-maven-3.3.9/lib/wagon-http-2.10-shaded.jar
7fd384036000-7fd384061000 r--s 001fc000 08:02 34080605                   /home/zhuwj/soft/apache-maven-3.3.9/lib/guava-18.0.jar
7fd384061000-7fd38406a000 r--s 0005f000 08:02 34080606                   /home/zhuwj/soft/apache-maven-3.3.9/lib/guice-4.0-no_aop.jar
7fd38406a000-7fd384070000 r--s 0002d000 08:02 34080622                   /home/zhuwj/soft/apache-maven-3.3.9/lib/org.eclipse.sisu.plexus-0.3.2.jar
7fd384070000-7fd384071000 r--s 00006000 08:02 34080596                   /home/zhuwj/soft/apache-maven-3.3.9/lib/maven-repository-metadata-3.3.9.jar
7fd384071000-7fd384074000 r--s 00013000 08:02 34080588                   /home/zhuwj/soft/apache-maven-3.3.9/lib/maven-embedder-3.3.9.jar
7fd384074000-7fd384076000 r--s 00005000 08:02 34080631                   /home/zhuwj/soft/apache-maven-3.3.9/lib/slf4j-api-1.7.5.jar
7fd384076000-7fd38407a000 r--s 00038000 08:02 34080630                   /home/zhuwj/soft/apache-maven-3.3.9/lib/plexus-utils-3.0.22.jar
7fd38407a000-7fd384087000 r--s 0008f000 08:02 34080644                   /home/zhuwj/soft/apache-maven-3.3.9/lib/maven-core-3.3.9.jar
7fd384087000-7fd38408d000 r--s 00041000 08:02 34080618                   /home/zhuwj/soft/apache-maven-3.3.9/lib/maven-compat-3.3.9.jar
7fd38408d000-7fd38408f000 r--s 00009000 08:02 34080643                   /home/zhuwj/soft/apache-maven-3.3.9/lib/commons-cli-1.2.jar
7fd38408f000-7fd384091000 r--s 0000a000 08:02 34080594                   /home/zhuwj/soft/apache-maven-3.3.9/lib/maven-plugin-api-3.3.9.jar
7fd384091000-7fd384092000 r--s 00002000 08:02 34080638                   /home/zhuwj/soft/apache-maven-3.3.9/lib/wagon-http-shared-2.10.jar
7fd384092000-7fd384094000 r--s 0000c000 08:02 34080614                   /home/zhuwj/soft/apache-maven-3.3.9/lib/maven-artifact-3.3.9.jar
7fd384094000-7fd384096000 r--s 00009000 08:02 34080599                   /home/zhuwj/soft/apache-maven-3.3.9/lib/maven-settings-builder-3.3.9.jar
7fd384096000-7fd38409a000 r--s 00020000 08:02 34080582                   /home/zhuwj/soft/apache-maven-3.3.9/lib/aether-util-1.0.2.v20150114.jar
7fd38409a000-7fd38409b000 r--s 00006000 08:02 34080628                   /home/zhuwj/soft/apache-maven-3.3.9/lib/plexus-sec-dispatcher-1.3.jar
7fd38409b000-7fd38409c000 r--s 00008000 08:02 34080574                   /home/zhuwj/soft/apache-maven-3.3.9/lib/aether-connector-basic-1.0.2.v20150114.jar
7fd38409c000-7fd3840a2000 r--s 00042000 08:02 34080608                   /home/zhuwj/soft/apache-maven-3.3.9/lib/jsoup-1.7.2.jar
7fd3840a2000-7fd3840a3000 r--s 00001000 08:02 34080610                   /home/zhuwj/soft/apache-maven-3.3.9/lib/jsr250-api-1.0.jar
7fd3840a3000-7fd3840a7000 r--s 00027000 08:02 34080576                   /home/zhuwj/soft/apache-maven-3.3.9/lib/aether-impl-1.0.2.v20150114.jar
7fd3840a7000-7fd3840ae000 r--s 00064000 08:02 34080603                   /home/zhuwj/soft/apache-maven-3.3.9/lib/commons-lang3-3.4.jar
7fd3840ae000-7fd3840af000 ---p 00000000 00:00 0 
7fd3840af000-7fd388000000 rw-p 00000000 00:00 0 
7fd388000000-7fd388021000 rw-p 00000000 00:00 0 
7fd388021000-7fd38c000000 ---p 00000000 00:00 0 
7fd38c000000-7fd38c002000 r--s 0000f000 08:02 34080612                   /home/zhuwj/soft/apache-maven-3.3.9/lib/maven-aether-provider-3.3.9.jar
7fd38c002000-7fd38c00a000 r--s 00055000 08:02 34080620                   /home/zhuwj/soft/apache-maven-3.3.9/lib/org.eclipse.sisu.inject-0.3.2.jar
7fd38c00a000-7fd38d000000 rw-p 00000000 00:00 0 
7fd38d000000-7fd38e270000 rwxp 00000000 00:00 0 
7fd38e270000-7fd39c000000 ---p 00000000 00:00 0 
7fd39c000000-7fd39e2b8000 rw-p 00000000 00:00 0 
7fd39e2b8000-7fd3a0000000 ---p 00000000 00:00 0 
7fd3a0000000-7fd3a0002000 r--s 00002000 08:02 34080624                   /home/zhuwj/soft/apache-maven-3.3.9/lib/plexus-cipher-1.7.jar
7fd3a0002000-7fd3a0005000 r--s 00008000 08:02 34080585                   /home/zhuwj/soft/apache-maven-3.3.9/lib/cdi-api-1.0.jar
7fd3a0005000-7fd3a0006000 r--s 00003000 08:02 34080616                   /home/zhuwj/soft/apache-maven-3.3.9/lib/maven-builder-support-3.3.9.jar
7fd3a0006000-7fd3a0007000 r--s 0000a000 08:02 34080598                   /home/zhuwj/soft/apache-maven-3.3.9/lib/maven-settings-3.3.9.jar
7fd3a0007000-7fd3a0009000 r--s 00000000 08:02 34080584                   /home/zhuwj/soft/apache-maven-3.3.9/lib/aopalliance-1.0.jar
7fd3a0009000-7fd3a000c000 r--s 0000d000 08:02 34080627                   /home/zhuwj/soft/apache-maven-3.3.9/lib/plexus-interpolation-1.21.jar
7fd3a000c000-7fd3a0010000 r--s 00027000 08:02 34080601                   /home/zhuwj/soft/apache-maven-3.3.9/lib/commons-io-2.2.jar
7fd3a0010000-7fd3a0012000 r--p 00000000 08:02 45615499                   /usr/lib/jvm/java-8-openjdk/jre/lib/amd64/libdt_socket.so
7fd3a0012000-7fd3a0014000 r-xp 00002000 08:02 45615499                   /usr/lib/jvm/java-8-openjdk/jre/lib/amd64/libdt_socket.so
7fd3a0014000-7fd3a0015000 r--p 00004000 08:02 45615499                   /usr/lib/jvm/java-8-openjdk/jre/lib/amd64/libdt_socket.so
7fd3a0015000-7fd3a0016000 r--p 00004000 08:02 45615499                   /usr/lib/jvm/java-8-openjdk/jre/lib/amd64/libdt_socket.so
7fd3a0016000-7fd3a0017000 rw-p 00005000 08:02 45615499                   /usr/lib/jvm/java-8-openjdk/jre/lib/amd64/libdt_socket.so
7fd3a0017000-7fd3a0bb2000 rw-p 00000000 00:00 0 
7fd3a0bb2000-7fd3a0d81000 r--s 03c37000 08:02 45615493                   /usr/lib/jvm/java-8-openjdk/jre/lib/rt.jar
7fd3a0d81000-7fd3a1a76000 rw-p 00000000 00:00 0 
7fd3a1a76000-7fd3a1a77000 ---p 00000000 00:00 0 
7fd3a1a77000-7fd3a1b77000 rw-p 00000000 00:00 0 
7fd3a1b77000-7fd3a1b78000 ---p 00000000 00:00 0 
7fd3a1b78000-7fd3a1c78000 rw-p 00000000 00:00 0 
7fd3a1c78000-7fd3a1c79000 ---p 00000000 00:00 0 
7fd3a1c79000-7fd3a1d79000 rw-p 00000000 00:00 0 
7fd3a1d79000-7fd3a1d7a000 ---p 00000000 00:00 0 
7fd3a1d7a000-7fd3a1e7a000 rw-p 00000000 00:00 0 
7fd3a1e7a000-7fd3a1e7b000 ---p 00000000 00:00 0 
7fd3a1e7b000-7fd3a1f7b000 rw-p 00000000 00:00 0 
7fd3a1f7b000-7fd3a1f7c000 ---p 00000000 00:00 0 
7fd3a1f7c000-7fd3a207c000 rw-p 00000000 00:00 0 
7fd3a207c000-7fd3a207d000 ---p 00000000 00:00 0 
7fd3a207d000-7fd3a217d000 rw-p 00000000 00:00 0 
7fd3a217d000-7fd3a217e000 ---p 00000000 00:00 0 
7fd3a217e000-7fd3a22ae000 rw-p 00000000 00:00 0 
7fd3a22ae000-7fd3a250c000 ---p 00000000 00:00 0 
7fd3a250c000-7fd3a253c000 rw-p 00000000 00:00 0 
7fd3a253c000-7fd3a279a000 ---p 00000000 00:00 0 
7fd3a279a000-7fd3a2809000 rw-p 00000000 00:00 0 
7fd3a2809000-7fd3a28e1000 ---p 00000000 00:00 0 
7fd3a28e1000-7fd3a292c000 rw-p 00000000 00:00 0 
7fd3a292c000-7fd3a2ca2000 ---p 00000000 00:00 0 
7fd3a2ca2000-7fd3a2ca5000 r--p 00000000 08:02 45615528                   /usr/lib/jvm/java-8-openjdk/jre/lib/amd64/libzip.so
7fd3a2ca5000-7fd3a2ca9000 r-xp 00003000 08:02 45615528                   /usr/lib/jvm/java-8-openjdk/jre/lib/amd64/libzip.so
7fd3a2ca9000-7fd3a2cab000 r--p 00007000 08:02 45615528                   /usr/lib/jvm/java-8-openjdk/jre/lib/amd64/libzip.so
7fd3a2cab000-7fd3a2cac000 r--p 00008000 08:02 45615528                   /usr/lib/jvm/java-8-openjdk/jre/lib/amd64/libzip.so
7fd3a2cac000-7fd3a2cad000 rw-p 00009000 08:02 45615528                   /usr/lib/jvm/java-8-openjdk/jre/lib/amd64/libzip.so
7fd3a2cad000-7fd3a3291000 r--p 00000000 08:02 44579878                   /usr/lib/locale/locale-archive
7fd3a3291000-7fd3a3293000 r--p 00000000 08:02 45615510                   /usr/lib/jvm/java-8-openjdk/jre/lib/amd64/libjdwp.so
7fd3a3293000-7fd3a32bf000 r-xp 00002000 08:02 45615510                   /usr/lib/jvm/java-8-openjdk/jre/lib/amd64/libjdwp.so
7fd3a32bf000-7fd3a32cd000 r--p 0002e000 08:02 45615510                   /usr/lib/jvm/java-8-openjdk/jre/lib/amd64/libjdwp.so
7fd3a32cd000-7fd3a32ce000 r--p 0003b000 08:02 45615510                   /usr/lib/jvm/java-8-openjdk/jre/lib/amd64/libjdwp.so
7fd3a32ce000-7fd3a32cf000 rw-p 0003c000 08:02 45615510                   /usr/lib/jvm/java-8-openjdk/jre/lib/amd64/libjdwp.so
7fd3a32cf000-7fd3a32dc000 r--p 00000000 08:02 45615507                   /usr/lib/jvm/java-8-openjdk/jre/lib/amd64/libjava.so
7fd3a32dc000-7fd3a32f4000 r-xp 0000d000 08:02 45615507                   /usr/lib/jvm/java-8-openjdk/jre/lib/amd64/libjava.so
7fd3a32f4000-7fd3a32fb000 r--p 00025000 08:02 45615507                   /usr/lib/jvm/java-8-openjdk/jre/lib/amd64/libjava.so
7fd3a32fb000-7fd3a32fc000 ---p 0002c000 08:02 45615507                   /usr/lib/jvm/java-8-openjdk/jre/lib/amd64/libjava.so
7fd3a32fc000-7fd3a32fd000 r--p 0002c000 08:02 45615507                   /usr/lib/jvm/java-8-openjdk/jre/lib/amd64/libjava.so
7fd3a32fd000-7fd3a32fe000 rw-p 0002d000 08:02 45615507                   /usr/lib/jvm/java-8-openjdk/jre/lib/amd64/libjava.so
7fd3a32fe000-7fd3a32ff000 rw-p 00000000 00:00 0 
7fd3a32ff000-7fd3a3301000 r--p 00000000 08:02 44570642                   /usr/lib/librt-2.28.so
7fd3a3301000-7fd3a3305000 r-xp 00002000 08:02 44570642                   /usr/lib/librt-2.28.so
7fd3a3305000-7fd3a3307000 r--p 00006000 08:02 44570642                   /usr/lib/librt-2.28.so
7fd3a3307000-7fd3a3308000 r--p 00007000 08:02 44570642                   /usr/lib/librt-2.28.so
7fd3a3308000-7fd3a3309000 rw-p 00008000 08:02 44570642                   /usr/lib/librt-2.28.so
7fd3a3309000-7fd3a330a000 ---p 00000000 00:00 0 
7fd3a330a000-7fd3a330d000 ---p 00000000 00:00 0 
7fd3a330d000-7fd3a340a000 rw-p 00000000 00:00 0 
7fd3a340a000-7fd3a3417000 r--p 00000000 08:02 44570546                   /usr/lib/libm-2.28.so
7fd3a3417000-7fd3a34b8000 r-xp 0000d000 08:02 44570546                   /usr/lib/libm-2.28.so
7fd3a34b8000-7fd3a358d000 r--p 000ae000 08:02 44570546                   /usr/lib/libm-2.28.so
7fd3a358d000-7fd3a358e000 r--p 00182000 08:02 44570546                   /usr/lib/libm-2.28.so
7fd3a358e000-7fd3a358f000 rw-p 00183000 08:02 44570546                   /usr/lib/libm-2.28.so
7fd3a358f000-7fd3a3780000 r--p 00000000 08:02 45615531                   /usr/lib/jvm/java-8-openjdk/jre/lib/amd64/server/libjvm.so
7fd3a3780000-7fd3a3ff3000 r-xp 001f1000 08:02 45615531                   /usr/lib/jvm/java-8-openjdk/jre/lib/amd64/server/libjvm.so
7fd3a3ff3000-7fd3a4193000 r--p 00a64000 08:02 45615531                   /usr/lib/jvm/java-8-openjdk/jre/lib/amd64/server/libjvm.so
7fd3a4193000-7fd3a4194000 ---p 00c04000 08:02 45615531                   /usr/lib/jvm/java-8-openjdk/jre/lib/amd64/server/libjvm.so
7fd3a4194000-7fd3a4229000 r--p 00c04000 08:02 45615531                   /usr/lib/jvm/java-8-openjdk/jre/lib/amd64/server/libjvm.so
7fd3a4229000-7fd3a4251000 rw-p 00c99000 08:02 45615531                   /usr/lib/jvm/java-8-openjdk/jre/lib/amd64/server/libjvm.so
7fd3a4251000-7fd3a4283000 rw-p 00000000 00:00 0 
7fd3a4283000-7fd3a4289000 r--p 00000000 08:02 44570631                   /usr/lib/libpthread-2.28.so
7fd3a4289000-7fd3a4298000 r-xp 00006000 08:02 44570631                   /usr/lib/libpthread-2.28.so
7fd3a4298000-7fd3a429e000 r--p 00015000 08:02 44570631                   /usr/lib/libpthread-2.28.so
7fd3a429e000-7fd3a429f000 r--p 0001a000 08:02 44570631                   /usr/lib/libpthread-2.28.so
7fd3a429f000-7fd3a42a0000 rw-p 0001b000 08:02 44570631                   /usr/lib/libpthread-2.28.so
7fd3a42a0000-7fd3a42a4000 rw-p 00000000 00:00 0 
7fd3a42a4000-7fd3a42a5000 r--p 00000000 08:02 44570441                   /usr/lib/libdl-2.28.so
7fd3a42a5000-7fd3a42a6000 r-xp 00001000 08:02 44570441                   /usr/lib/libdl-2.28.so
7fd3a42a6000-7fd3a42a7000 r--p 00002000 08:02 44570441                   /usr/lib/libdl-2.28.so
7fd3a42a7000-7fd3a42a8000 r--p 00002000 08:02 44570441                   /usr/lib/libdl-2.28.so
7fd3a42a8000-7fd3a42a9000 rw-p 00003000 08:02 44570441                   /usr/lib/libdl-2.28.so
7fd3a42a9000-7fd3a42bf000 r-xp 00000000 08:02 44570716                   /usr/lib/libz.so.1.2.11
7fd3a42bf000-7fd3a44be000 ---p 00016000 08:02 44570716                   /usr/lib/libz.so.1.2.11
7fd3a44be000-7fd3a44bf000 r--p 00015000 08:02 44570716                   /usr/lib/libz.so.1.2.11
7fd3a44bf000-7fd3a44c0000 rw-p 00016000 08:02 44570716                   /usr/lib/libz.so.1.2.11
7fd3a44c0000-7fd3a44e2000 r--p 00000000 08:02 44570415                   /usr/lib/libc-2.28.so
7fd3a44e2000-7fd3a462d000 r-xp 00022000 08:02 44570415                   /usr/lib/libc-2.28.so
7fd3a462d000-7fd3a4679000 r--p 0016d000 08:02 44570415                   /usr/lib/libc-2.28.so
7fd3a4679000-7fd3a467a000 ---p 001b9000 08:02 44570415                   /usr/lib/libc-2.28.so
7fd3a467a000-7fd3a467e000 r--p 001b9000 08:02 44570415                   /usr/lib/libc-2.28.so
7fd3a467e000-7fd3a4680000 rw-p 001bd000 08:02 44570415                   /usr/lib/libc-2.28.so
7fd3a4680000-7fd3a4684000 rw-p 00000000 00:00 0 
7fd3a4684000-7fd3a4686000 r--s 0000b000 08:02 33687460                   /home/zhuwj/soft/apache-maven-3.3.9/boot/plexus-classworlds-2.5.2.jar
7fd3a4686000-7fd3a468e000 rw-s 00000000 00:2e 43                         /tmp/hsperfdata_zhuwj/20482
7fd3a468e000-7fd3a4691000 r--p 00000000 08:02 44570590                   /usr/lib/libnss_files-2.28.so
7fd3a4691000-7fd3a4698000 r-xp 00003000 08:02 44570590                   /usr/lib/libnss_files-2.28.so
7fd3a4698000-7fd3a469b000 r--p 0000a000 08:02 44570590                   /usr/lib/libnss_files-2.28.so
7fd3a469b000-7fd3a469c000 r--p 0000c000 08:02 44570590                   /usr/lib/libnss_files-2.28.so
7fd3a469c000-7fd3a469d000 rw-p 0000d000 08:02 44570590                   /usr/lib/libnss_files-2.28.so
7fd3a469d000-7fd3a46a3000 rw-p 00000000 00:00 0 
7fd3a46a3000-7fd3a46a4000 r--p 00000000 08:02 45615521                   /usr/lib/jvm/java-8-openjdk/jre/lib/amd64/libnpt.so
7fd3a46a4000-7fd3a46a5000 r-xp 00001000 08:02 45615521                   /usr/lib/jvm/java-8-openjdk/jre/lib/amd64/libnpt.so
7fd3a46a5000-7fd3a46a6000 r--p 00002000 08:02 45615521                   /usr/lib/jvm/java-8-openjdk/jre/lib/amd64/libnpt.so
7fd3a46a6000-7fd3a46a7000 r--p 00002000 08:02 45615521                   /usr/lib/jvm/java-8-openjdk/jre/lib/amd64/libnpt.so
7fd3a46a7000-7fd3a46a8000 rw-p 00003000 08:02 45615521                   /usr/lib/jvm/java-8-openjdk/jre/lib/amd64/libnpt.so
7fd3a46a8000-7fd3a46a9000 rw-p 00000000 00:00 0 
7fd3a46a9000-7fd3a46aa000 ---p 00000000 00:00 0 
7fd3a46aa000-7fd3a46af000 r--p 00000000 08:02 45615527                   /usr/lib/jvm/java-8-openjdk/jre/lib/amd64/libverify.so
7fd3a46af000-7fd3a46b6000 r-xp 00005000 08:02 45615527                   /usr/lib/jvm/java-8-openjdk/jre/lib/amd64/libverify.so
7fd3a46b6000-7fd3a46b8000 r--p 0000c000 08:02 45615527                   /usr/lib/jvm/java-8-openjdk/jre/lib/amd64/libverify.so
7fd3a46b8000-7fd3a46ba000 r--p 0000d000 08:02 45615527                   /usr/lib/jvm/java-8-openjdk/jre/lib/amd64/libverify.so
7fd3a46ba000-7fd3a46bb000 rw-p 0000f000 08:02 45615527                   /usr/lib/jvm/java-8-openjdk/jre/lib/amd64/libverify.so
7fd3a46bb000-7fd3a46bd000 r--p 00000000 08:02 45615529                   /usr/lib/jvm/java-8-openjdk/jre/lib/amd64/jli/libjli.so
7fd3a46bd000-7fd3a46c6000 r-xp 00002000 08:02 45615529                   /usr/lib/jvm/java-8-openjdk/jre/lib/amd64/jli/libjli.so
7fd3a46c6000-7fd3a46c9000 r--p 0000b000 08:02 45615529                   /usr/lib/jvm/java-8-openjdk/jre/lib/amd64/jli/libjli.so
7fd3a46c9000-7fd3a46ca000 r--p 0000d000 08:02 45615529                   /usr/lib/jvm/java-8-openjdk/jre/lib/amd64/jli/libjli.so
7fd3a46ca000-7fd3a46cb000 rw-p 0000e000 08:02 45615529                   /usr/lib/jvm/java-8-openjdk/jre/lib/amd64/jli/libjli.so
7fd3a46cb000-7fd3a46cd000 rw-p 00000000 00:00 0 
7fd3a46cd000-7fd3a46cf000 r--p 00000000 08:02 44570370                   /usr/lib/ld-2.28.so
7fd3a46cf000-7fd3a46ee000 r-xp 00002000 08:02 44570370                   /usr/lib/ld-2.28.so
7fd3a46ee000-7fd3a46f6000 r--p 00021000 08:02 44570370                   /usr/lib/ld-2.28.so
7fd3a46f6000-7fd3a46f7000 r--p 00028000 08:02 44570370                   /usr/lib/ld-2.28.so
7fd3a46f7000-7fd3a46f8000 rw-p 00029000 08:02 44570370                   /usr/lib/ld-2.28.so
7fd3a46f8000-7fd3a46f9000 rw-p 00000000 00:00 0 
7ffc4942a000-7ffc4944b000 rw-p 00000000 00:00 0                          [stack]
7ffc49501000-7ffc49504000 r--p 00000000 00:00 0                          [vvar]
7ffc49504000-7ffc49506000 r-xp 00000000 00:00 0                          [vdso]

VM Arguments:
jvm_args: -agentlib:jdwp=transport=dt_socket,suspend=y,address=localhost:34655 -Dmaven.home=/home/zhuwj/soft/apache-maven-3.3.9 -Dclassworlds.conf=/home/zhuwj/workspace/.metadata/.plugins/org.eclipse.m2e.core/launches/m2conf5461898709918817187.tmp -Dmaven.multiModuleProjectDirectory=/home/zhuwj/soft/apache-maven-3.3.9 -Dfile.encoding=UTF-8 
java_command: org.codehaus.classworlds.Launcher -B -s /home/zhuwj/soft/apache-maven-3.3.9/conf/settings.xml jetty:run
java_class_path (initial): /home/zhuwj/soft/apache-maven-3.3.9/boot/plexus-classworlds-2.5.2.jar
Launcher Type: SUN_STANDARD

Environment Variables:
PATH=/usr/local/bin:/usr/bin:/bin:/usr/local/sbin:/usr/lib/jvm/default/bin:/usr/bin/site_perl:/usr/bin/vendor_perl:/usr/bin/core_perl
SHELL=/bin/bash
DISPLAY=:0.0

Signal Handlers:
SIGSEGV: [libjvm.so+0xa32430], sa_mask[0]=11111111011111111101111111111110, sa_flags=SA_RESTART|SA_SIGINFO
SIGBUS: [libjvm.so+0xa32430], sa_mask[0]=11111111011111111101111111111110, sa_flags=SA_RESTART|SA_SIGINFO
SIGFPE: [libjvm.so+0x88e580], sa_mask[0]=11111111011111111101111111111110, sa_flags=SA_RESTART|SA_SIGINFO
SIGPIPE: [libjvm.so+0x88e580], sa_mask[0]=11111111011111111101111111111110, sa_flags=SA_RESTART|SA_SIGINFO
SIGXFSZ: [libjvm.so+0x88e580], sa_mask[0]=11111111011111111101111111111110, sa_flags=SA_RESTART|SA_SIGINFO
SIGILL: [libjvm.so+0x88e580], sa_mask[0]=11111111011111111101111111111110, sa_flags=SA_RESTART|SA_SIGINFO
SIGUSR1: SIG_DFL, sa_mask[0]=00000000000000000000000000000000, sa_flags=none
SIGUSR2: [libjvm.so+0x88e410], sa_mask[0]=00100000000000000000000000000000, sa_flags=SA_RESTART|SA_SIGINFO
SIGHUP: [libjvm.so+0x88e820], sa_mask[0]=11111111011111111101111111111110, sa_flags=SA_RESTART|SA_SIGINFO
SIGINT: [libjvm.so+0x88e820], sa_mask[0]=11111111011111111101111111111110, sa_flags=SA_RESTART|SA_SIGINFO
SIGTERM: [libjvm.so+0x88e820], sa_mask[0]=11111111011111111101111111111110, sa_flags=SA_RESTART|SA_SIGINFO
SIGQUIT: [libjvm.so+0x88e820], sa_mask[0]=11111111011111111101111111111110, sa_flags=SA_RESTART|SA_SIGINFO


---------------  S Y S T E M  ---------------

OS:DISTRIB_ID=ManjaroLinux
DISTRIB_RELEASE=18.0.4
DISTRIB_CODENAME=Illyria
DISTRIB_DESCRIPTION="Manjaro Linux"

uname:Linux 4.19.30-1-MANJARO #1 SMP PREEMPT Tue Mar 19 17:49:12 UTC 2019 x86_64
libc:glibc 2.28 NPTL 2.28 
rlimit: STACK 8192k, CORE infinity, NPROC 30454, NOFILE 1048576, AS infinity
load average:0.58 0.60 0.49

/proc/meminfo:
MemTotal:        8036152 kB
MemFree:         2653484 kB
MemAvailable:    3714100 kB
Buffers:          251632 kB
Cached:          1282404 kB
SwapCached:            0 kB
Active:          2974620 kB
Inactive:         868852 kB
Active(anon):    2322748 kB
Inactive(anon):   316152 kB
Active(file):     651872 kB
Inactive(file):   552700 kB
Unevictable:          80 kB
Mlocked:              80 kB
SwapTotal:       9227464 kB
SwapFree:        9227464 kB
Dirty:                84 kB
Writeback:             0 kB
AnonPages:       2309628 kB
Mapped:          1761512 kB
Shmem:            329468 kB
Slab:             235260 kB
SReclaimable:     149384 kB
SUnreclaim:        85876 kB
KernelStack:       10752 kB
PageTables:        25464 kB
NFS_Unstable:          0 kB
Bounce:                0 kB
WritebackTmp:          0 kB
CommitLimit:    13245540 kB
Committed_AS:    7105768 kB
VmallocTotal:   34359738367 kB
VmallocUsed:           0 kB
VmallocChunk:          0 kB
Percpu:             2944 kB
HardwareCorrupted:     0 kB
AnonHugePages:         0 kB
ShmemHugePages:        0 kB
ShmemPmdMapped:        0 kB
HugePages_Total:       0
HugePages_Free:        0
HugePages_Rsvd:        0
HugePages_Surp:        0
Hugepagesize:       2048 kB
Hugetlb:               0 kB
DirectMap4k:      215464 kB
DirectMap2M:     8042496 kB
DirectMap1G:     1048576 kB

container (cgroup) information:
container_type: cgroupv1
cpu_cpuset_cpus: 0-7
cpu_memory_nodes: 0
active_processor_count: 8
cpu_quota: -1
cpu_period: 100000
cpu_shares: -1
memory_limit_in_bytes: -1
memory_and_swap_limit_in_bytes: -1
memory_soft_limit_in_bytes: -1
memory_usage_in_bytes: 3340722176
memory_max_usage_in_bytes: 3898818560


CPU:total 8 (initial active 8) (4 cores per cpu, 2 threads per core) family 6 model 60 stepping 3, cmov, cx8, fxsr, mmx, sse, sse2, sse3, ssse3, sse4.1, sse4.2, popcnt, avx, avx2, aes, clmul, erms, lzcnt, ht, tsc, tscinvbit, bmi1, bmi2

/proc/cpuinfo:
processor	: 0
vendor_id	: GenuineIntel
cpu family	: 6
model		: 60
model name	: Intel(R) Core(TM) i7-4770 CPU @ 3.40GHz
stepping	: 3
microcode	: 0x25
cpu MHz		: 2939.669
cache size	: 8192 KB
physical id	: 0
siblings	: 8
core id		: 0
cpu cores	: 4
apicid		: 0
initial apicid	: 0
fpu		: yes
fpu_exception	: yes
cpuid level	: 13
wp		: yes
flags		: fpu vme de pse tsc msr pae mce cx8 apic sep mtrr pge mca cmov pat pse36 clflush dts acpi mmx fxsr sse sse2 ss ht tm pbe syscall nx pdpe1gb rdtscp lm constant_tsc arch_perfmon pebs bts rep_good nopl xtopology nonstop_tsc cpuid aperfmperf pni pclmulqdq dtes64 monitor ds_cpl vmx smx est tm2 ssse3 sdbg fma cx16 xtpr pdcm pcid sse4_1 sse4_2 x2apic movbe popcnt tsc_deadline_timer aes xsave avx f16c rdrand lahf_lm abm cpuid_fault epb invpcid_single pti ssbd ibrs ibpb stibp tpr_shadow vnmi flexpriority ept vpid ept_ad fsgsbase tsc_adjust bmi1 avx2 smep bmi2 erms invpcid xsaveopt dtherm ida arat pln pts flush_l1d
bugs		: cpu_meltdown spectre_v1 spectre_v2 spec_store_bypass l1tf
bogomips	: 6787.69
clflush size	: 64
cache_alignment	: 64
address sizes	: 39 bits physical, 48 bits virtual
power management:

processor	: 1
vendor_id	: GenuineIntel
cpu family	: 6
model		: 60
model name	: Intel(R) Core(TM) i7-4770 CPU @ 3.40GHz
stepping	: 3
microcode	: 0x25
cpu MHz		: 2808.544
cache size	: 8192 KB
physical id	: 0
siblings	: 8
core id		: 1
cpu cores	: 4
apicid		: 2
initial apicid	: 2
fpu		: yes
fpu_exception	: yes
cpuid level	: 13
wp		: yes
flags		: fpu vme de pse tsc msr pae mce cx8 apic sep mtrr pge mca cmov pat pse36 clflush dts acpi mmx fxsr sse sse2 ss ht tm pbe syscall nx pdpe1gb rdtscp lm constant_tsc arch_perfmon pebs bts rep_good nopl xtopology nonstop_tsc cpuid aperfmperf pni pclmulqdq dtes64 monitor ds_cpl vmx smx est tm2 ssse3 sdbg fma cx16 xtpr pdcm pcid sse4_1 sse4_2 x2apic movbe popcnt tsc_deadline_timer aes xsave avx f16c rdrand lahf_lm abm cpuid_fault epb invpcid_single pti ssbd ibrs ibpb stibp tpr_shadow vnmi flexpriority ept vpid ept_ad fsgsbase tsc_adjust bmi1 avx2 smep bmi2 erms invpcid xsaveopt dtherm ida arat pln pts flush_l1d
bugs		: cpu_meltdown spectre_v1 spectre_v2 spec_store_bypass l1tf
bogomips	: 6787.69
clflush size	: 64
cache_alignment	: 64
address sizes	: 39 bits physical, 48 bits virtual
power management:

processor	: 2
vendor_id	: GenuineIntel
cpu family	: 6
model		: 60
model name	: Intel(R) Core(TM) i7-4770 CPU @ 3.40GHz
stepping	: 3
microcode	: 0x25
cpu MHz		: 2762.250
cache size	: 8192 KB
physical id	: 0
siblings	: 8
core id		: 2
cpu cores	: 4
apicid		: 4
initial apicid	: 4
fpu		: yes
fpu_exception	: yes
cpuid level	: 13
wp		: yes
flags		: fpu vme de pse tsc msr pae mce cx8 apic sep mtrr pge mca cmov pat pse36 clflush dts acpi mmx fxsr sse sse2 ss ht tm pbe syscall nx pdpe1gb rdtscp lm constant_tsc arch_perfmon pebs bts rep_good nopl xtopology nonstop_tsc cpuid aperfmperf pni pclmulqdq dtes64 monitor ds_cpl vmx smx est tm2 ssse3 sdbg fma cx16 xtpr pdcm pcid sse4_1 sse4_2 x2apic movbe popcnt tsc_deadline_timer aes xsave avx f16c rdrand lahf_lm abm cpuid_fault epb invpcid_single pti ssbd ibrs ibpb stibp tpr_shadow vnmi flexpriority ept vpid ept_ad fsgsbase tsc_adjust bmi1 avx2 smep bmi2 erms invpcid xsaveopt dtherm ida arat pln pts flush_l1d
bugs		: cpu_meltdown spectre_v1 spectre_v2 spec_store_bypass l1tf
bogomips	: 6787.69
clflush size	: 64
cache_alignment	: 64
address sizes	: 39 bits physical, 48 bits virtual
power management:

processor	: 3
vendor_id	: GenuineIntel
cpu family	: 6
model		: 60
model name	: Intel(R) Core(TM) i7-4770 CPU @ 3.40GHz
stepping	: 3
microcode	: 0x25
cpu MHz		: 2810.184
cache size	: 8192 KB
physical id	: 0
siblings	: 8
core id		: 3
cpu cores	: 4
apicid		: 6
initial apicid	: 6
fpu		: yes
fpu_exception	: yes
cpuid level	: 13
wp		: yes
flags		: fpu vme de pse tsc msr pae mce cx8 apic sep mtrr pge mca cmov pat pse36 clflush dts acpi mmx fxsr sse sse2 ss ht tm pbe syscall nx pdpe1gb rdtscp lm constant_tsc arch_perfmon pebs bts rep_good nopl xtopology nonstop_tsc cpuid aperfmperf pni pclmulqdq dtes64 monitor ds_cpl vmx smx est tm2 ssse3 sdbg fma cx16 xtpr pdcm pcid sse4_1 sse4_2 x2apic movbe popcnt tsc_deadline_timer aes xsave avx f16c rdrand lahf_lm abm cpuid_fault epb invpcid_single pti ssbd ibrs ibpb stibp tpr_shadow vnmi flexpriority ept vpid ept_ad fsgsbase tsc_adjust bmi1 avx2 smep bmi2 erms invpcid xsaveopt dtherm ida arat pln pts flush_l1d
bugs		: cpu_meltdown spectre_v1 spectre_v2 spec_store_bypass l1tf
bogomips	: 6787.69
clflush size	: 64
cache_alignment	: 64
address sizes	: 39 bits physical, 48 bits virtual
power management:

processor	: 4
vendor_id	: GenuineIntel
cpu family	: 6
model		: 60
model name	: Intel(R) Core(TM) i7-4770 CPU @ 3.40GHz
stepping	: 3
microcode	: 0x25
cpu MHz		: 2740.180
cache size	: 8192 KB
physical id	: 0
siblings	: 8
core id		: 0
cpu cores	: 4
apicid		: 1
initial apicid	: 1
fpu		: yes
fpu_exception	: yes
cpuid level	: 13
wp		: yes
flags		: fpu vme de pse tsc msr pae mce cx8 apic sep mtrr pge mca cmov pat pse36 clflush dts acpi mmx fxsr sse sse2 ss ht tm pbe syscall nx pdpe1gb rdtscp lm constant_tsc arch_perfmon pebs bts rep_good nopl xtopology nonstop_tsc cpuid aperfmperf pni pclmulqdq dtes64 monitor ds_cpl vmx smx est tm2 ssse3 sdbg fma cx16 xtpr pdcm pcid sse4_1 sse4_2 x2apic movbe popcnt tsc_deadline_timer aes xsave avx f16c rdrand lahf_lm abm cpuid_fault epb invpcid_single pti ssbd ibrs ibpb stibp tpr_shadow vnmi flexpriority ept vpid ept_ad fsgsbase tsc_adjust bmi1 avx2 smep bmi2 erms invpcid xsaveopt dtherm ida arat pln pts flush_l1d
bugs		: cpu_meltdown spectre_v1 spectre_v2 spec_store_bypass l1tf
bogomips	: 6787.69
clflush size	: 64
cache_alignment	: 64
address sizes	: 39 bits physical, 48 bits virtual
power management:

processor	: 5
vendor_id	: GenuineIntel
cpu family	: 6
model		: 60
model name	: Intel(R) Core(TM) i7-4770 CPU @ 3.40GHz
stepping	: 3
microcode	: 0x25
cpu MHz		: 2821.601
cache size	: 8192 KB
physical id	: 0
siblings	: 8
core id		: 1
cpu cores	: 4
apicid		: 3
initial apicid	: 3
fpu		: yes
fpu_exception	: yes
cpuid level	: 13
wp		: yes
flags		: fpu vme de pse tsc msr pae mce cx8 apic sep mtrr pge mca cmov pat pse36 clflush dts acpi mmx fxsr sse sse2 ss ht tm pbe syscall nx pdpe1gb rdtscp lm constant_tsc arch_perfmon pebs bts rep_good nopl xtopology nonstop_tsc cpuid aperfmperf pni pclmulqdq dtes64 monitor ds_cpl vmx smx est tm2 ssse3 sdbg fma cx16 xtpr pdcm pcid sse4_1 sse4_2 x2apic movbe popcnt tsc_deadline_timer aes xsave avx f16c rdrand lahf_lm abm cpuid_fault epb invpcid_single pti ssbd ibrs ibpb stibp tpr_shadow vnmi flexpriority ept vpid ept_ad fsgsbase tsc_adjust bmi1 avx2 smep bmi2 erms invpcid xsaveopt dtherm ida arat pln pts flush_l1d
bugs		: cpu_meltdown spectre_v1 spectre_v2 spec_store_bypass l1tf
bogomips	: 6787.69
clflush size	: 64
cache_alignment	: 64
address sizes	: 39 bits physical, 48 bits virtual
power management:

processor	: 6
vendor_id	: GenuineIntel
cpu family	: 6
model		: 60
model name	: Intel(R) Core(TM) i7-4770 CPU @ 3.40GHz
stepping	: 3
microcode	: 0x25
cpu MHz		: 3188.133
cache size	: 8192 KB
physical id	: 0
siblings	: 8
core id		: 2
cpu cores	: 4
apicid		: 5
initial apicid	: 5
fpu		: yes
fpu_exception	: yes
cpuid level	: 13
wp		: yes
flags		: fpu vme de pse tsc msr pae mce cx8 apic sep mtrr pge mca cmov pat pse36 clflush dts acpi mmx fxsr sse sse2 ss ht tm pbe syscall nx pdpe1gb rdtscp lm constant_tsc arch_perfmon pebs bts rep_good nopl xtopology nonstop_tsc cpuid aperfmperf pni pclmulqdq dtes64 monitor ds_cpl vmx smx est tm2 ssse3 sdbg fma cx16 xtpr pdcm pcid sse4_1 sse4_2 x2apic movbe popcnt tsc_deadline_timer aes xsave avx f16c rdrand lahf_lm abm cpuid_fault epb invpcid_single pti ssbd ibrs ibpb stibp tpr_shadow vnmi flexpriority ept vpid ept_ad fsgsbase tsc_adjust bmi1 avx2 smep bmi2 erms invpcid xsaveopt dtherm ida arat pln pts flush_l1d
bugs		: cpu_meltdown spectre_v1 spectre_v2 spec_store_bypass l1tf
bogomips	: 6787.69
clflush size	: 64
cache_alignment	: 64
address sizes	: 39 bits physical, 48 bits virtual
power management:

processor	: 7
vendor_id	: GenuineIntel
cpu family	: 6
model		: 60
model name	: Intel(R) Core(TM) i7-4770 CPU @ 3.40GHz
stepping	: 3
microcode	: 0x25
cpu MHz		: 2800.613
cache size	: 8192 KB
physical id	: 0
siblings	: 8
core id		: 3
cpu cores	: 4
apicid		: 7
initial apicid	: 7
fpu		: yes
fpu_exception	: yes
cpuid level	: 13
wp		: yes
flags		: fpu vme de pse tsc msr pae mce cx8 apic sep mtrr pge mca cmov pat pse36 clflush dts acpi mmx fxsr sse sse2 ss ht tm pbe syscall nx pdpe1gb rdtscp lm constant_tsc arch_perfmon pebs bts rep_good nopl xtopology nonstop_tsc cpuid aperfmperf pni pclmulqdq dtes64 monitor ds_cpl vmx smx est tm2 ssse3 sdbg fma cx16 xtpr pdcm pcid sse4_1 sse4_2 x2apic movbe popcnt tsc_deadline_timer aes xsave avx f16c rdrand lahf_lm abm cpuid_fault epb invpcid_single pti ssbd ibrs ibpb stibp tpr_shadow vnmi flexpriority ept vpid ept_ad fsgsbase tsc_adjust bmi1 avx2 smep bmi2 erms invpcid xsaveopt dtherm ida arat pln pts flush_l1d
bugs		: cpu_meltdown spectre_v1 spectre_v2 spec_store_bypass l1tf
bogomips	: 6787.69
clflush size	: 64
cache_alignment	: 64
address sizes	: 39 bits physical, 48 bits virtual
power management:



Memory: 4k page, physical 8036152k(2653516k free), swap 9227464k(9227464k free)

vm_info: OpenJDK 64-Bit Server VM (25.202-b26) for linux-amd64 JRE (1.8.0_202-b26), built on Jan 19 2019 16:35:25 by "builduser" with gcc 8.2.1 20181127

time: Sun Apr  7 21:03:10 2019
timezone: CST
elapsed time: 286 seconds (0d 0h 4m 46s)

